#
# There is insufficient memory for the Java Runtime Environment to continue.
# Native memory allocation (malloc) failed to allocate 469760 bytes. Error detail: Chunk::new
# Possible reasons:
#   The system is out of physical RAM or swap space
#   This process is running with CompressedOops enabled, and the Java Heap may be blocking the growth of the native heap
# Possible solutions:
#   Reduce memory load on the system
#   Increase physical memory or swap space
#   Check if swap backing store is full
#   Decrease Java heap size (-Xmx/-Xms)
#   Decrease number of Java threads
#   Decrease Java thread stack sizes (-Xss)
#   Set larger code cache with -XX:ReservedCodeCacheSize=
#   JVM is running with Unscaled Compressed Oops mode in which the Java heap is
#     placed in the first 4GB address space. The Java Heap base address is the
#     maximum limit for the native heap growth. Please use -XX:HeapBaseMinAddress
#     to set the Java Heap base and to place the Java Heap above 4GB virtual address.
# This output file may be truncated or incomplete.
#
#  Out of Memory Error (arena.cpp:168), pid=12700, tid=10536
#
# JRE version: OpenJDK Runtime Environment Temurin-21.0.8+9 (21.0.8+9) (build 21.0.8+9-LTS)
# Java VM: OpenJDK 64-Bit Server VM Temurin-21.0.8+9 (21.0.8+9-LTS, mixed mode, sharing, tiered, compressed oops, compressed class ptrs, parallel gc, windows-amd64)
# No core dump will be written. Minidumps are not enabled by default on client versions of Windows
#

---------------  S U M M A R Y ------------

Command Line: --add-modules=ALL-SYSTEM --add-opens=java.base/java.util=ALL-UNNAMED --add-opens=java.base/java.lang=ALL-UNNAMED --add-opens=java.base/sun.nio.fs=ALL-UNNAMED -Declipse.application=org.eclipse.jdt.ls.core.id1 -Dosgi.bundles.defaultStartLevel=4 -Declipse.product=org.eclipse.jdt.ls.core.product -Djava.import.generatesMetadataFilesAtProjectRoot=false -DDetectVMInstallationsJob.disabled=true -Dfile.encoding=utf8 -XX:+UseParallelGC -XX:GCTimeRatio=4 -XX:AdaptiveSizePolicyWeight=90 -Dsun.zip.disableMemoryMapping=true -Xmx2G -Xms100m -Xlog:disable -javaagent:c:\Users\sdini\.vscode\extensions\redhat.java-1.47.0-win32-x64\lombok\lombok-1.18.39-4050.jar -XX:+HeapDumpOnOutOfMemoryError -XX:HeapDumpPath=c:\Users\sdini\AppData\Roaming\Code\User\workspaceStorage\491d57091d15a377430ef44d3b2cb1d3\redhat.java -Daether.dependencyCollector.impl=bf c:\Users\sdini\.vscode\extensions\redhat.java-1.47.0-win32-x64\server\plugins\org.eclipse.equinox.launcher_1.7.100.v20251014-1222.jar -configuration c:\Users\sdini\AppData\Roaming\Code\User\globalStorage\redhat.java\1.47.0\config_win -data c:\Users\sdini\AppData\Roaming\Code\User\workspaceStorage\491d57091d15a377430ef44d3b2cb1d3\redhat.java\jdt_ws --pipe=\\.\pipe\lsp-7b00f805b8e030322210d11b836568c5-sock

Host: Intel(R) Core(TM) m3-8100Y CPU @ 1.10GHz, 4 cores, 7G,  Windows 11 , 64 bit Build 26100 (10.0.26100.7019)
Time: Wed Nov 12 12:34:45 2025 Eastern Standard Time elapsed time: 4.713886 seconds (0d 0h 0m 4s)

---------------  T H R E A D  ---------------

Current thread (0x00000221f340a220):  JavaThread "C2 CompilerThread0" daemon [_thread_in_native, id=10536, stack(0x000000ff60a00000,0x000000ff60b00000) (1024K)]


Current CompileTask:
C2:4714 1304       4       java.io.DataInputStream::readUTF (501 bytes)

Stack: [0x000000ff60a00000,0x000000ff60b00000]
Native frames: (J=compiled Java code, j=interpreted, Vv=VM code, C=native code)
V  [jvm.dll+0x6d2449]
V  [jvm.dll+0x8ae341]
V  [jvm.dll+0x8b08be]
V  [jvm.dll+0x8b0fa3]
V  [jvm.dll+0x280c96]
V  [jvm.dll+0xc581d]
V  [jvm.dll+0xc5d53]
V  [jvm.dll+0x3b919c]
V  [jvm.dll+0x385315]
V  [jvm.dll+0x38477a]
V  [jvm.dll+0x248ed0]
V  [jvm.dll+0x2484af]
V  [jvm.dll+0x1c89ee]
V  [jvm.dll+0x257d4d]
V  [jvm.dll+0x2562ea]
V  [jvm.dll+0x3f2d16]
V  [jvm.dll+0x857e6b]
V  [jvm.dll+0x6d0b0d]
C  [ucrtbase.dll+0x37b0]
C  [KERNEL32.DLL+0x2e8d7]
C  [ntdll.dll+0x8c53c]


---------------  P R O C E S S  ---------------

Threads class SMR info:
_java_thread_list=0x00000221f4909620, length=12, elements={
0x00000221dca1c2e0, 0x00000221f33f8d50, 0x00000221f33fc1d0, 0x00000221f3402f00,
0x00000221f3403590, 0x00000221f3403c20, 0x00000221f34007a0, 0x00000221f340a220,
0x00000221f347dc40, 0x00000221f3400e30, 0x00000221f34014c0, 0x00000221f48891a0
}

Java Threads: ( => current thread )
  0x00000221dca1c2e0 JavaThread "main"                              [_thread_in_native, id=24240, stack(0x000000ff60000000,0x000000ff60100000) (1024K)]
  0x00000221f33f8d50 JavaThread "Reference Handler"          daemon [_thread_blocked, id=6872, stack(0x000000ff60400000,0x000000ff60500000) (1024K)]
  0x00000221f33fc1d0 JavaThread "Finalizer"                  daemon [_thread_blocked, id=36832, stack(0x000000ff60500000,0x000000ff60600000) (1024K)]
  0x00000221f3402f00 JavaThread "Signal Dispatcher"          daemon [_thread_blocked, id=14172, stack(0x000000ff60600000,0x000000ff60700000) (1024K)]
  0x00000221f3403590 JavaThread "Attach Listener"            daemon [_thread_blocked, id=38628, stack(0x000000ff60700000,0x000000ff60800000) (1024K)]
  0x00000221f3403c20 JavaThread "Service Thread"             daemon [_thread_blocked, id=38096, stack(0x000000ff60800000,0x000000ff60900000) (1024K)]
  0x00000221f34007a0 JavaThread "Monitor Deflation Thread"   daemon [_thread_blocked, id=26392, stack(0x000000ff60900000,0x000000ff60a00000) (1024K)]
=>0x00000221f340a220 JavaThread "C2 CompilerThread0"         daemon [_thread_in_native, id=10536, stack(0x000000ff60a00000,0x000000ff60b00000) (1024K)]
  0x00000221f347dc40 JavaThread "C1 CompilerThread0"         daemon [_thread_blocked, id=40372, stack(0x000000ff60b00000,0x000000ff60c00000) (1024K)]
  0x00000221f3400e30 JavaThread "Common-Cleaner"             daemon [_thread_blocked, id=10616, stack(0x000000ff60c00000,0x000000ff60d00000) (1024K)]
  0x00000221f34014c0 JavaThread "Notification Thread"        daemon [_thread_blocked, id=11392, stack(0x000000ff60d00000,0x000000ff60e00000) (1024K)]
  0x00000221f48891a0 JavaThread "C2 CompilerThread1"         daemon [_thread_in_native, id=34084, stack(0x000000ff61100000,0x000000ff61200000) (1024K)]
Total: 12

Other Threads:
  0x00000221dcadbc50 VMThread "VM Thread"                           [id=17376, stack(0x000000ff60300000,0x000000ff60400000) (1024K)]
  0x00000221f339ca00 WatcherThread "VM Periodic Task Thread"        [id=41572, stack(0x000000ff60200000,0x000000ff60300000) (1024K)]
  0x00000221dca3b520 WorkerThread "GC Thread#0"                     [id=31908, stack(0x000000ff60100000,0x000000ff60200000) (1024K)]
  0x00000221f4497a50 WorkerThread "GC Thread#1"                     [id=37944, stack(0x000000ff60e00000,0x000000ff60f00000) (1024K)]
  0x00000221f431ef10 WorkerThread "GC Thread#2"                     [id=41960, stack(0x000000ff60f00000,0x000000ff61000000) (1024K)]
  0x00000221f431f2b0 WorkerThread "GC Thread#3"                     [id=33128, stack(0x000000ff61000000,0x000000ff61100000) (1024K)]
Total: 6

Threads with active compile tasks:
C2 CompilerThread0  4758 1304       4       java.io.DataInputStream::readUTF (501 bytes)
C2 CompilerThread1  4758 1315   !   4       java.io.BufferedInputStream::read (69 bytes)
Total: 2

VM state: not at safepoint (normal execution)

VM Mutex/Monitor currently owned by a thread: None

Heap address: 0x0000000080000000, size: 2048 MB, Compressed Oops mode: 32-bit

CDS archive(s) mapped at: [0x0000022180000000-0x0000022180ba0000-0x0000022180ba0000), size 12189696, SharedBaseAddress: 0x0000022180000000, ArchiveRelocationMode: 1.
Compressed class space mapped at: 0x0000022181000000-0x00000221c1000000, reserved size: 1073741824
Narrow klass base: 0x0000022180000000, Narrow klass shift: 0, Narrow klass range: 0x100000000

GC Precious Log:
 CardTable entry size: 512
 CPUs: 4 total, 4 available
 Memory: 8061M
 Large Page Support: Disabled
 NUMA Support: Disabled
 Compressed Oops: Enabled (32-bit)
 Alignments: Space 512K, Generation 512K, Heap 2M
 Heap Min Capacity: 100M
 Heap Initial Capacity: 100M
 Heap Max Capacity: 2G
 Pre-touch: Disabled
 Parallel Workers: 4

Heap:
 PSYoungGen      total 29696K, used 11871K [0x00000000d5580000, 0x00000000d7680000, 0x0000000100000000)
  eden space 25600K, 33% used [0x00000000d5580000,0x00000000d5dddea8,0x00000000d6e80000)
  from space 4096K, 80% used [0x00000000d6e80000,0x00000000d71b9e98,0x00000000d7280000)
  to   space 4096K, 0% used [0x00000000d7280000,0x00000000d7280000,0x00000000d7680000)
 ParOldGen       total 68608K, used 0K [0x0000000080000000, 0x0000000084300000, 0x00000000d5580000)
  object space 68608K, 0% used [0x0000000080000000,0x0000000080000000,0x0000000084300000)
 Metaspace       used 5998K, committed 6272K, reserved 1114112K
  class space    used 616K, committed 768K, reserved 1048576K

Card table byte_map: [0x00000221dc3c0000,0x00000221dc7d0000] _byte_map_base: 0x00000221dbfc0000

Marking Bits: (ParMarkBitMap*) 0x00007ffeb2b3a340
 Begin Bits: [0x00000221eeec0000, 0x00000221f0ec0000)
 End Bits:   [0x00000221f0ec0000, 0x00000221f2ec0000)

Polling page: 0x00000221da9e0000

Metaspace:

Usage:
  Non-class:      5.26 MB used.
      Class:    616.48 KB used.
       Both:      5.86 MB used.

Virtual space:
  Non-class space:       64.00 MB reserved,       5.38 MB (  8%) committed,  1 nodes.
      Class space:        1.00 GB reserved,     768.00 KB ( <1%) committed,  1 nodes.
             Both:        1.06 GB reserved,       6.12 MB ( <1%) committed. 

Chunk freelists:
   Non-Class:  10.08 MB
       Class:  15.08 MB
        Both:  25.16 MB

MaxMetaspaceSize: unlimited
CompressedClassSpaceSize: 1.00 GB
Initial GC threshold: 21.00 MB
Current GC threshold: 21.00 MB
CDS: on
 - commit_granule_bytes: 65536.
 - commit_granule_words: 8192.
 - virtual_space_node_default_size: 8388608.
 - enlarge_chunks_in_place: 1.
 - use_allocation_guard: 0.


Internal statistics:

num_allocs_failed_limit: 0.
num_arena_births: 190.
num_arena_deaths: 0.
num_vsnodes_births: 2.
num_vsnodes_deaths: 0.
num_space_committed: 98.
num_space_uncommitted: 0.
num_chunks_returned_to_freelist: 0.
num_chunks_taken_from_freelist: 313.
num_chunk_merges: 0.
num_chunk_splits: 200.
num_chunks_enlarged: 125.
num_inconsistent_stats: 0.

CodeHeap 'non-profiled nmethods': size=120000Kb used=555Kb max_used=555Kb free=119444Kb
 bounds [0x00000221e76e0000, 0x00000221e7950000, 0x00000221eec10000]
CodeHeap 'profiled nmethods': size=120000Kb used=2264Kb max_used=2264Kb free=117735Kb
 bounds [0x00000221dfc10000, 0x00000221dfe80000, 0x00000221e7140000]
CodeHeap 'non-nmethods': size=5760Kb used=1205Kb max_used=1228Kb free=4554Kb
 bounds [0x00000221e7140000, 0x00000221e73b0000, 0x00000221e76e0000]
CodeCache: size=245760Kb, used=4024Kb, max_used=4047Kb, free=241733Kb
 total_blobs=1802, nmethods=1332, adapters=377, full_count=0
Compilation: enabled, stopped_count=0, restarted_count=0

Compilation events (20 events):
Event: 4.632 Thread 0x00000221f48891a0 1310       4       java.util.concurrent.locks.ReentrantLock$Sync::tryRelease (51 bytes)
Event: 4.634 Thread 0x00000221f48891a0 nmethod 1310 0x00000221e7765a10 code [0x00000221e7765ba0, 0x00000221e7765c90]
Event: 4.634 Thread 0x00000221f48891a0 1314       4       java.io.DataInputStream::readFully (59 bytes)
Event: 4.635 Thread 0x00000221f347dc40 1317       3       java.lang.String::toCharArray (25 bytes)
Event: 4.636 Thread 0x00000221f347dc40 nmethod 1317 0x00000221dfe32b90 code [0x00000221dfe32d60, 0x00000221dfe32ff8]
Event: 4.636 Thread 0x00000221f347dc40 1318       3       java.lang.StringLatin1::toChars (16 bytes)
Event: 4.636 Thread 0x00000221f347dc40 nmethod 1318 0x00000221dfe33110 code [0x00000221dfe332c0, 0x00000221dfe334a0]
Event: 4.636 Thread 0x00000221f347dc40 1319       3       org.eclipse.osgi.container.ModuleDatabase$Persistence::readString (7 bytes)
Event: 4.636 Thread 0x00000221f347dc40 nmethod 1319 0x00000221dfe33590 code [0x00000221dfe33740, 0x00000221dfe33860]
Event: 4.637 Thread 0x00000221f347dc40 1320       3       org.eclipse.osgi.container.ModuleDatabase$Persistence::readMapValue (111 bytes)
Event: 4.639 Thread 0x00000221f347dc40 nmethod 1320 0x00000221dfe33910 code [0x00000221dfe33ca0, 0x00000221dfe34ff8]
Event: 4.640 Thread 0x00000221f347dc40 1321       3       org.eclipse.osgi.container.ModuleDatabase$Persistence::readVersion0 (96 bytes)
Event: 4.643 Thread 0x00000221f347dc40 nmethod 1321 0x00000221dfe35710 code [0x00000221dfe35b60, 0x00000221dfe37980]
Event: 4.643 Thread 0x00000221f347dc40 1323       3       org.eclipse.osgi.container.ModuleDatabase$Persistence::readMap (118 bytes)
Event: 4.646 Thread 0x00000221f347dc40 nmethod 1323 0x00000221dfe38390 code [0x00000221dfe38740, 0x00000221dfe39cc8]
Event: 4.646 Thread 0x00000221f347dc40 1322       3       org.eclipse.osgi.container.ModuleDatabase$Persistence::readIndexedMap (16 bytes)
Event: 4.647 Thread 0x00000221f347dc40 nmethod 1322 0x00000221dfe3a610 code [0x00000221dfe3a840, 0x00000221dfe3af38]
Event: 4.669 Thread 0x00000221f347dc40 1325       3       org.eclipse.osgi.container.ModuleDatabase$Persistence::readListValue (97 bytes)
Event: 4.671 Thread 0x00000221f347dc40 nmethod 1325 0x00000221dfe3b290 code [0x00000221dfe3b600, 0x00000221dfe3c8d0]
Event: 4.677 Thread 0x00000221f347dc40 1329       3       org.eclipse.osgi.container.ModuleDatabase$Persistence::readList (78 bytes)

GC Heap History (2 events):
Event: 3.745 GC heap before
{Heap before GC invocations=1 (full 0):
 PSYoungGen      total 29696K, used 25600K [0x00000000d5580000, 0x00000000d7680000, 0x0000000100000000)
  eden space 25600K, 100% used [0x00000000d5580000,0x00000000d6e80000,0x00000000d6e80000)
  from space 4096K, 0% used [0x00000000d7280000,0x00000000d7280000,0x00000000d7680000)
  to   space 4096K, 0% used [0x00000000d6e80000,0x00000000d6e80000,0x00000000d7280000)
 ParOldGen       total 68608K, used 0K [0x0000000080000000, 0x0000000084300000, 0x00000000d5580000)
  object space 68608K, 0% used [0x0000000080000000,0x0000000080000000,0x0000000084300000)
 Metaspace       used 4370K, committed 4608K, reserved 1114112K
  class space    used 474K, committed 576K, reserved 1048576K
}
Event: 3.764 GC heap after
{Heap after GC invocations=1 (full 0):
 PSYoungGen      total 29696K, used 3303K [0x00000000d5580000, 0x00000000d7680000, 0x0000000100000000)
  eden space 25600K, 0% used [0x00000000d5580000,0x00000000d5580000,0x00000000d6e80000)
  from space 4096K, 80% used [0x00000000d6e80000,0x00000000d71b9e98,0x00000000d7280000)
  to   space 4096K, 0% used [0x00000000d7280000,0x00000000d7280000,0x00000000d7680000)
 ParOldGen       total 68608K, used 0K [0x0000000080000000, 0x0000000084300000, 0x00000000d5580000)
  object space 68608K, 0% used [0x0000000080000000,0x0000000080000000,0x0000000084300000)
 Metaspace       used 4370K, committed 4608K, reserved 1114112K
  class space    used 474K, committed 576K, reserved 1048576K
}

Dll operation events (8 events):
Event: 0.029 Loaded shared library c:\Users\sdini\.vscode\extensions\redhat.java-1.47.0-win32-x64\jre\21.0.8-win32-x86_64\bin\java.dll
Event: 0.314 Loaded shared library c:\Users\sdini\.vscode\extensions\redhat.java-1.47.0-win32-x64\jre\21.0.8-win32-x86_64\bin\zip.dll
Event: 0.522 Loaded shared library C:\Users\sdini\.vscode\extensions\redhat.java-1.47.0-win32-x64\jre\21.0.8-win32-x86_64\bin\instrument.dll
Event: 0.540 Loaded shared library C:\Users\sdini\.vscode\extensions\redhat.java-1.47.0-win32-x64\jre\21.0.8-win32-x86_64\bin\net.dll
Event: 0.544 Loaded shared library C:\Users\sdini\.vscode\extensions\redhat.java-1.47.0-win32-x64\jre\21.0.8-win32-x86_64\bin\nio.dll
Event: 0.563 Loaded shared library C:\Users\sdini\.vscode\extensions\redhat.java-1.47.0-win32-x64\jre\21.0.8-win32-x86_64\bin\zip.dll
Event: 0.650 Loaded shared library C:\Users\sdini\.vscode\extensions\redhat.java-1.47.0-win32-x64\jre\21.0.8-win32-x86_64\bin\jimage.dll
Event: 0.930 Loaded shared library c:\Users\sdini\.vscode\extensions\redhat.java-1.47.0-win32-x64\jre\21.0.8-win32-x86_64\bin\verify.dll

Deoptimization events (20 events):
Event: 3.908 Thread 0x00000221dca1c2e0 Uncommon trap: trap_request=0xffffff45 fr.pc=0x00000221e774e5d4 relative=0x0000000000000294
Event: 3.908 Thread 0x00000221dca1c2e0 Uncommon trap: reason=unstable_if action=reinterpret pc=0x00000221e774e5d4 method=java.util.HashMap.hash(Ljava/lang/Object;)I @ 1 c2
Event: 3.908 Thread 0x00000221dca1c2e0 DEOPT PACKING pc=0x00000221e774e5d4 sp=0x000000ff600fe9a0
Event: 3.908 Thread 0x00000221dca1c2e0 DEOPT UNPACKING pc=0x00000221e7193aa2 sp=0x000000ff600fe8a8 mode 2
Event: 3.909 Thread 0x00000221dca1c2e0 Uncommon trap: trap_request=0xffffff45 fr.pc=0x00000221e7754ad4 relative=0x00000000000000b4
Event: 3.909 Thread 0x00000221dca1c2e0 Uncommon trap: reason=unstable_if action=reinterpret pc=0x00000221e7754ad4 method=java.util.HashMap.hash(Ljava/lang/Object;)I @ 1 c2
Event: 3.909 Thread 0x00000221dca1c2e0 DEOPT PACKING pc=0x00000221e7754ad4 sp=0x000000ff600fea50
Event: 3.909 Thread 0x00000221dca1c2e0 DEOPT UNPACKING pc=0x00000221e7193aa2 sp=0x000000ff600fe9e8 mode 2
Event: 3.910 Thread 0x00000221dca1c2e0 Uncommon trap: trap_request=0xffffffde fr.pc=0x00000221e772fc54 relative=0x00000000000005b4
Event: 3.910 Thread 0x00000221dca1c2e0 Uncommon trap: reason=class_check action=maybe_recompile pc=0x00000221e772fc54 method=java.util.Collections$UnmodifiableCollection$1.<init>(Ljava/util/Collections$UnmodifiableCollection;)V @ 17 c2
Event: 3.910 Thread 0x00000221dca1c2e0 DEOPT PACKING pc=0x00000221e772fc54 sp=0x000000ff600fea80
Event: 3.910 Thread 0x00000221dca1c2e0 DEOPT UNPACKING pc=0x00000221e7193aa2 sp=0x000000ff600fe9c8 mode 2
Event: 4.345 Thread 0x00000221dca1c2e0 Uncommon trap: trap_request=0xffffff45 fr.pc=0x00000221e773147c relative=0x000000000000019c
Event: 4.345 Thread 0x00000221dca1c2e0 Uncommon trap: reason=unstable_if action=reinterpret pc=0x00000221e773147c method=java.lang.invoke.VarHandle.checkAccessModeThenIsDirect(Ljava/lang/invoke/VarHandle$AccessDescriptor;)Z @ 4 c2
Event: 4.345 Thread 0x00000221dca1c2e0 DEOPT PACKING pc=0x00000221e773147c sp=0x000000ff600fea30
Event: 4.345 Thread 0x00000221dca1c2e0 DEOPT UNPACKING pc=0x00000221e7193aa2 sp=0x000000ff600fe988 mode 2
Event: 4.512 Thread 0x00000221dca1c2e0 Uncommon trap: trap_request=0xffffffde fr.pc=0x00000221e772b708 relative=0x0000000000000568
Event: 4.512 Thread 0x00000221dca1c2e0 Uncommon trap: reason=class_check action=maybe_recompile pc=0x00000221e772b708 method=java.util.Collections$UnmodifiableCollection$1.<init>(Ljava/util/Collections$UnmodifiableCollection;)V @ 17 c2
Event: 4.512 Thread 0x00000221dca1c2e0 DEOPT PACKING pc=0x00000221e772b708 sp=0x000000ff600feab0
Event: 4.512 Thread 0x00000221dca1c2e0 DEOPT UNPACKING pc=0x00000221e7193aa2 sp=0x000000ff600fea68 mode 2

Classes loaded (20 events):
Event: 4.514 Loading class java/util/AbstractQueue done
Event: 4.514 Loading class java/util/concurrent/SynchronousQueue done
Event: 4.514 Loading class java/util/concurrent/SynchronousQueue$Transferer
Event: 4.515 Loading class java/util/concurrent/LinkedTransferQueue
Event: 4.515 Loading class java/util/concurrent/TransferQueue
Event: 4.515 Loading class java/util/concurrent/TransferQueue done
Event: 4.568 Loading class java/util/concurrent/LinkedTransferQueue done
Event: 4.569 Loading class java/util/concurrent/SynchronousQueue$Transferer done
Event: 4.569 Loading class java/util/concurrent/LinkedTransferQueue$DualNode
Event: 4.570 Loading class java/util/concurrent/LinkedTransferQueue$DualNode done
Event: 4.572 Loading class java/util/concurrent/RejectedExecutionHandler
Event: 4.572 Loading class java/util/concurrent/RejectedExecutionHandler done
Event: 4.572 Loading class java/util/concurrent/LinkedBlockingQueue
Event: 4.572 Loading class java/util/concurrent/LinkedBlockingQueue done
Event: 4.573 Loading class java/util/concurrent/LinkedBlockingQueue$Node
Event: 4.573 Loading class java/util/concurrent/LinkedBlockingQueue$Node done
Event: 4.603 Loading class java/util/concurrent/Semaphore$NonfairSync
Event: 4.603 Loading class java/util/concurrent/Semaphore$Sync
Event: 4.604 Loading class java/util/concurrent/Semaphore$Sync done
Event: 4.604 Loading class java/util/concurrent/Semaphore$NonfairSync done

Classes unloaded (0 events):
No events

Classes redefined (0 events):
No events

Internal exceptions (20 events):
Event: 2.820 Thread 0x00000221dca1c2e0 Exception <a 'java/io/FileNotFoundException'{0x00000000d64b5af0}> (0x00000000d64b5af0) 
thrown [s\src\hotspot\share\prims\jni.cpp, line 520]
Event: 2.820 Thread 0x00000221dca1c2e0 Exception <a 'java/io/FileNotFoundException'{0x00000000d64b6768}> (0x00000000d64b6768) 
thrown [s\src\hotspot\share\prims\jni.cpp, line 520]
Event: 2.820 Thread 0x00000221dca1c2e0 Exception <a 'java/io/FileNotFoundException'{0x00000000d64b72a8}> (0x00000000d64b72a8) 
thrown [s\src\hotspot\share\prims\jni.cpp, line 520]
Event: 2.828 Thread 0x00000221dca1c2e0 Implicit null exception at 0x00000221e770e3a4 to 0x00000221e770e970
Event: 2.880 Thread 0x00000221dca1c2e0 Exception <a 'java/io/FileNotFoundException'{0x00000000d64ef6c8}> (0x00000000d64ef6c8) 
thrown [s\src\hotspot\share\prims\jni.cpp, line 520]
Event: 2.907 Thread 0x00000221dca1c2e0 Exception <a 'java/lang/NoSuchMethodError'{0x00000000d6527870}: 'java.lang.Object java.lang.invoke.DirectMethodHandle$Holder.invokeInterface(java.lang.Object, java.lang.Object)'> (0x00000000d6527870) 
thrown [s\src\hotspot\share\interpreter\linkResolver.cpp, line 773]
Event: 2.916 Thread 0x00000221dca1c2e0 Exception <a 'java/lang/NoSuchMethodError'{0x00000000d653bc50}: 'java.lang.Object java.lang.invoke.Invokers$Holder.invokeExact_MT(java.lang.Object, java.lang.Object, java.lang.Object, java.lang.Object, java.lang.Object, java.lang.Object)'> (0x00000000d653bc50) 
thrown [s\src\hotspot\share\interpreter\linkResolver.cpp, line 773]
Event: 2.951 Thread 0x00000221dca1c2e0 Exception <a 'java/lang/NoSuchMethodError'{0x00000000d6552ea8}: 'int java.lang.invoke.DirectMethodHandle$Holder.invokeStatic(java.lang.Object, java.lang.Object, java.lang.Object, java.lang.Object, java.lang.Object)'> (0x00000000d6552ea8) 
thrown [s\src\hotspot\share\interpreter\linkResolver.cpp, line 773]
Event: 3.008 Thread 0x00000221dca1c2e0 Exception <a 'java/lang/NoSuchMethodError'{0x00000000d65e6900}: 'java.lang.Object java.lang.invoke.DirectMethodHandle$Holder.invokeInterface(java.lang.Object, java.lang.Object, int)'> (0x00000000d65e6900) 
thrown [s\src\hotspot\share\interpreter\linkResolver.cpp, line 773]
Event: 3.462 Thread 0x00000221dca1c2e0 Exception <a 'java/lang/NoSuchMethodError'{0x00000000d6a4fff8}: 'java.lang.ClassLoader java.lang.ClassLoader.getPlatformClassLoader(java.lang.Class)'> (0x00000000d6a4fff8) 
thrown [s\src\hotspot\share\interpreter\linkResolver.cpp, line 773]
Event: 3.734 Thread 0x00000221dca1c2e0 Exception <a 'java/lang/ClassNotFoundException'{0x00000000d6e6ed68}: sun/net/www/protocol/c/Handler> (0x00000000d6e6ed68) 
thrown [s\src\hotspot\share\classfile\systemDictionary.cpp, line 312]
Event: 3.735 Thread 0x00000221dca1c2e0 Exception <a 'java/lang/ClassNotFoundException'{0x00000000d6e700c0}: sun/net/www/protocol/c/Handler> (0x00000000d6e700c0) 
thrown [s\src\hotspot\share\classfile\systemDictionary.cpp, line 312]
Event: 3.735 Thread 0x00000221dca1c2e0 Exception <a 'java/lang/ClassNotFoundException'{0x00000000d6e71238}: sun/net/www/protocol/c/Handler> (0x00000000d6e71238) 
thrown [s\src\hotspot\share\classfile\systemDictionary.cpp, line 312]
Event: 3.794 Thread 0x00000221dca1c2e0 Exception <a 'java/io/FileNotFoundException'{0x00000000d559bd78}> (0x00000000d559bd78) 
thrown [s\src\hotspot\share\prims\jni.cpp, line 520]
Event: 3.904 Thread 0x00000221dca1c2e0 Implicit null exception at 0x00000221e7758349 to 0x00000221e7758e60
Event: 3.905 Thread 0x00000221dca1c2e0 Implicit null exception at 0x00000221e7754e1a to 0x00000221e775504c
Event: 3.906 Thread 0x00000221dca1c2e0 Exception <a 'java/lang/NoSuchMethodError'{0x00000000d578c2e8}: 'void java.lang.invoke.DirectMethodHandle$Holder.invokeStatic(java.lang.Object, java.lang.Object, java.lang.Object, java.lang.Object)'> (0x00000000d578c2e8) 
thrown [s\src\hotspot\share\interpreter\linkResolver.cpp, line 773]
Event: 3.908 Thread 0x00000221dca1c2e0 Implicit null exception at 0x00000221e774e39a to 0x00000221e774e5bc
Event: 3.909 Thread 0x00000221dca1c2e0 Implicit null exception at 0x00000221e7754a40 to 0x00000221e7754ac5
Event: 4.416 Thread 0x00000221dca1c2e0 Exception <a 'java/lang/NoSuchMethodError'{0x00000000d5a23808}: 'void java.lang.invoke.DirectMethodHandle$Holder.invokeSpecial(java.lang.Object, java.lang.Object, java.lang.Object)'> (0x00000000d5a23808) 
thrown [s\src\hotspot\share\interpreter\linkResolver.cpp, line 773]

ZGC Phase Switch (0 events):
No events

VM Operations (16 events):
Event: 0.312 Executing VM operation: HandshakeAllThreads (Deoptimize)
Event: 0.312 Executing VM operation: HandshakeAllThreads (Deoptimize) done
Event: 0.719 Executing VM operation: HandshakeAllThreads (Deoptimize)
Event: 0.719 Executing VM operation: HandshakeAllThreads (Deoptimize) done
Event: 1.726 Executing VM operation: Cleanup
Event: 1.742 Executing VM operation: Cleanup done
Event: 2.423 Executing VM operation: HandshakeAllThreads (Deoptimize)
Event: 2.423 Executing VM operation: HandshakeAllThreads (Deoptimize) done
Event: 2.668 Executing VM operation: HandshakeAllThreads (Deoptimize)
Event: 2.668 Executing VM operation: HandshakeAllThreads (Deoptimize) done
Event: 3.673 Executing VM operation: HandshakeAllThreads (Deoptimize)
Event: 3.673 Executing VM operation: HandshakeAllThreads (Deoptimize) done
Event: 3.673 Executing VM operation: Cleanup
Event: 3.673 Executing VM operation: Cleanup done
Event: 3.745 Executing VM operation: ParallelGCFailedAllocation (Allocation Failure)
Event: 3.764 Executing VM operation: ParallelGCFailedAllocation (Allocation Failure) done

Memory protections (0 events):
No events

Nmethod flushes (0 events):
No events

Events (18 events):
Event: 0.076 Thread 0x00000221dca1c2e0 Thread added: 0x00000221dca1c2e0
Event: 0.119 Thread 0x00000221dca1c2e0 Thread added: 0x00000221f33f8d50
Event: 0.119 Thread 0x00000221dca1c2e0 Thread added: 0x00000221f33fc1d0
Event: 0.120 Thread 0x00000221dca1c2e0 Thread added: 0x00000221f3402f00
Event: 0.120 Thread 0x00000221dca1c2e0 Thread added: 0x00000221f3403590
Event: 0.120 Thread 0x00000221dca1c2e0 Thread added: 0x00000221f3403c20
Event: 0.120 Thread 0x00000221dca1c2e0 Thread added: 0x00000221f34007a0
Event: 0.120 Thread 0x00000221dca1c2e0 Thread added: 0x00000221f340a220
Event: 0.129 Thread 0x00000221dca1c2e0 Thread added: 0x00000221f347dc40
Event: 0.263 Thread 0x00000221dca1c2e0 Thread added: 0x00000221f3400e30
Event: 1.285 Thread 0x00000221dca1c2e0 Thread added: 0x00000221f34014c0
Event: 1.291 Thread 0x00000221f347dc40 Thread added: 0x00000221f42e35f0
Event: 1.435 Thread 0x00000221f42e35f0 Thread exited: 0x00000221f42e35f0
Event: 1.874 Thread 0x00000221f340a220 Thread added: 0x00000221f43b98b0
Event: 2.317 Thread 0x00000221f43b98b0 Thread exited: 0x00000221f43b98b0
Event: 2.536 Thread 0x00000221f347dc40 Thread added: 0x00000221f43afbe0
Event: 3.082 Thread 0x00000221f43afbe0 Thread exited: 0x00000221f43afbe0
Event: 4.631 Thread 0x00000221f347dc40 Thread added: 0x00000221f48891a0


Dynamic libraries:
0x00007ff702000000 - 0x00007ff70200e000 	c:\Users\sdini\.vscode\extensions\redhat.java-1.47.0-win32-x64\jre\21.0.8-win32-x86_64\bin\java.exe
0x00007fff41f60000 - 0x00007fff421c8000 	C:\WINDOWS\SYSTEM32\ntdll.dll
0x00007fff40930000 - 0x00007fff409f9000 	C:\WINDOWS\System32\KERNEL32.DLL
0x00007fff3f700000 - 0x00007fff3faf8000 	C:\WINDOWS\System32\KERNELBASE.dll
0x00007fff3f0b0000 - 0x00007fff3f1fb000 	C:\WINDOWS\System32\ucrtbase.dll
0x00007fff1fa50000 - 0x00007fff1fa68000 	c:\Users\sdini\.vscode\extensions\redhat.java-1.47.0-win32-x64\jre\21.0.8-win32-x86_64\bin\jli.dll
0x00007fff40450000 - 0x00007fff40617000 	C:\WINDOWS\System32\USER32.dll
0x00007fff3f200000 - 0x00007fff3f227000 	C:\WINDOWS\System32\win32u.dll
0x00007fff3fd80000 - 0x00007fff3fdab000 	C:\WINDOWS\System32\GDI32.dll
0x00007fff3f520000 - 0x00007fff3f64c000 	C:\WINDOWS\System32\gdi32full.dll
0x00007fff3f470000 - 0x00007fff3f513000 	C:\WINDOWS\System32\msvcp_win.dll
0x00007fff1d870000 - 0x00007fff1d88e000 	c:\Users\sdini\.vscode\extensions\redhat.java-1.47.0-win32-x64\jre\21.0.8-win32-x86_64\bin\VCRUNTIME140.dll
0x00007fff25de0000 - 0x00007fff26074000 	C:\WINDOWS\WinSxS\amd64_microsoft.windows.common-controls_6595b64144ccf1df_6.0.26100.7019_none_3e06ffa0e335b8a8\COMCTL32.dll
0x00007fff41940000 - 0x00007fff419e9000 	C:\WINDOWS\System32\msvcrt.dll
0x00007fff40c30000 - 0x00007fff40c61000 	C:\WINDOWS\System32\IMM32.DLL
0x00007fff27de0000 - 0x00007fff27dec000 	c:\Users\sdini\.vscode\extensions\redhat.java-1.47.0-win32-x64\jre\21.0.8-win32-x86_64\bin\vcruntime140_1.dll
0x00007fff0e410000 - 0x00007fff0e49d000 	c:\Users\sdini\.vscode\extensions\redhat.java-1.47.0-win32-x64\jre\21.0.8-win32-x86_64\bin\msvcp140.dll
0x00007ffeb1e80000 - 0x00007ffeb2c17000 	c:\Users\sdini\.vscode\extensions\redhat.java-1.47.0-win32-x64\jre\21.0.8-win32-x86_64\bin\server\jvm.dll
0x00007fff40160000 - 0x00007fff40214000 	C:\WINDOWS\System32\ADVAPI32.dll
0x00007fff3fe70000 - 0x00007fff3ff16000 	C:\WINDOWS\System32\sechost.dll
0x00007fff406a0000 - 0x00007fff407b8000 	C:\WINDOWS\System32\RPCRT4.dll
0x00007fff40620000 - 0x00007fff40694000 	C:\WINDOWS\System32\WS2_32.dll
0x00007fff3ef10000 - 0x00007fff3ef6e000 	C:\WINDOWS\SYSTEM32\POWRPROF.dll
0x00007fff21f40000 - 0x00007fff21f75000 	C:\WINDOWS\SYSTEM32\WINMM.dll
0x00007fff2b7d0000 - 0x00007fff2b7db000 	C:\WINDOWS\SYSTEM32\VERSION.dll
0x00007fff3eef0000 - 0x00007fff3ef04000 	C:\WINDOWS\SYSTEM32\UMPDC.dll
0x00007fff3de30000 - 0x00007fff3de4b000 	C:\WINDOWS\SYSTEM32\kernel.appcore.dll
0x00007fff27470000 - 0x00007fff2747a000 	c:\Users\sdini\.vscode\extensions\redhat.java-1.47.0-win32-x64\jre\21.0.8-win32-x86_64\bin\jimage.dll
0x00007fff3c840000 - 0x00007fff3ca82000 	C:\WINDOWS\SYSTEM32\DBGHELP.DLL
0x00007fff419f0000 - 0x00007fff41d7b000 	C:\WINDOWS\System32\combase.dll
0x00007fff40a00000 - 0x00007fff40ad7000 	C:\WINDOWS\System32\OLEAUT32.dll
0x00007fff186d0000 - 0x00007fff1870c000 	C:\WINDOWS\SYSTEM32\dbgcore.DLL
0x00007fff3f650000 - 0x00007fff3f6f5000 	C:\WINDOWS\System32\bcryptPrimitives.dll
0x00007fff22d10000 - 0x00007fff22d1f000 	c:\Users\sdini\.vscode\extensions\redhat.java-1.47.0-win32-x64\jre\21.0.8-win32-x86_64\bin\instrument.dll
0x00007fff1bf80000 - 0x00007fff1bf9f000 	c:\Users\sdini\.vscode\extensions\redhat.java-1.47.0-win32-x64\jre\21.0.8-win32-x86_64\bin\java.dll
0x00007fff40c80000 - 0x00007fff413cf000 	C:\WINDOWS\System32\SHELL32.dll
0x00007fff3fb90000 - 0x00007fff3fcfb000 	C:\WINDOWS\System32\wintypes.dll
0x00007fff3cc90000 - 0x00007fff3d4ed000 	C:\WINDOWS\SYSTEM32\windows.storage.dll
0x00007fff402a0000 - 0x00007fff40392000 	C:\WINDOWS\System32\SHCORE.dll
0x00007fff40230000 - 0x00007fff40297000 	C:\WINDOWS\System32\shlwapi.dll
0x00007fff3efd0000 - 0x00007fff3eff9000 	C:\WINDOWS\SYSTEM32\profapi.dll
0x00007fff1be90000 - 0x00007fff1bea8000 	c:\Users\sdini\.vscode\extensions\redhat.java-1.47.0-win32-x64\jre\21.0.8-win32-x86_64\bin\zip.dll
0x00007fff24670000 - 0x00007fff24680000 	C:\Users\sdini\.vscode\extensions\redhat.java-1.47.0-win32-x64\jre\21.0.8-win32-x86_64\bin\net.dll
0x00007fff31d00000 - 0x00007fff31e28000 	C:\WINDOWS\SYSTEM32\WINHTTP.dll
0x00007fff3e380000 - 0x00007fff3e3eb000 	C:\WINDOWS\system32\mswsock.dll
0x00007fff16570000 - 0x00007fff16586000 	C:\Users\sdini\.vscode\extensions\redhat.java-1.47.0-win32-x64\jre\21.0.8-win32-x86_64\bin\nio.dll
0x00007fff22970000 - 0x00007fff22980000 	c:\Users\sdini\.vscode\extensions\redhat.java-1.47.0-win32-x64\jre\21.0.8-win32-x86_64\bin\verify.dll

JVMTI agents:
c:\Users\sdini\.vscode\extensions\redhat.java-1.47.0-win32-x64\lombok\lombok-1.18.39-4050.jar path:c:\Users\sdini\.vscode\extensions\redhat.java-1.47.0-win32-x64\jre\21.0.8-win32-x86_64\bin\instrument.dll, loaded, initialized, instrumentlib options:none

dbghelp: loaded successfully - version: 4.0.5 - missing functions: none
symbol engine: initialized successfully - sym options: 0x614 - pdb path: .;c:\Users\sdini\.vscode\extensions\redhat.java-1.47.0-win32-x64\jre\21.0.8-win32-x86_64\bin;C:\WINDOWS\SYSTEM32;C:\WINDOWS\WinSxS\amd64_microsoft.windows.common-controls_6595b64144ccf1df_6.0.26100.7019_none_3e06ffa0e335b8a8;c:\Users\sdini\.vscode\extensions\redhat.java-1.47.0-win32-x64\jre\21.0.8-win32-x86_64\bin\server

VM Arguments:
jvm_args: --add-modules=ALL-SYSTEM --add-opens=java.base/java.util=ALL-UNNAMED --add-opens=java.base/java.lang=ALL-UNNAMED --add-opens=java.base/sun.nio.fs=ALL-UNNAMED -Declipse.application=org.eclipse.jdt.ls.core.id1 -Dosgi.bundles.defaultStartLevel=4 -Declipse.product=org.eclipse.jdt.ls.core.product -Djava.import.generatesMetadataFilesAtProjectRoot=false -DDetectVMInstallationsJob.disabled=true -Dfile.encoding=utf8 -XX:+UseParallelGC -XX:GCTimeRatio=4 -XX:AdaptiveSizePolicyWeight=90 -Dsun.zip.disableMemoryMapping=true -Xmx2G -Xms100m -Xlog:disable -javaagent:c:\Users\sdini\.vscode\extensions\redhat.java-1.47.0-win32-x64\lombok\lombok-1.18.39-4050.jar -XX:+HeapDumpOnOutOfMemoryError -XX:HeapDumpPath=c:\Users\sdini\AppData\Roaming\Code\User\workspaceStorage\491d57091d15a377430ef44d3b2cb1d3\redhat.java -Daether.dependencyCollector.impl=bf 
java_command: c:\Users\sdini\.vscode\extensions\redhat.java-1.47.0-win32-x64\server\plugins\org.eclipse.equinox.launcher_1.7.100.v20251014-1222.jar -configuration c:\Users\sdini\AppData\Roaming\Code\User\globalStorage\redhat.java\1.47.0\config_win -data c:\Users\sdini\AppData\Roaming\Code\User\workspaceStorage\491d57091d15a377430ef44d3b2cb1d3\redhat.java\jdt_ws --pipe=\\.\pipe\lsp-7b00f805b8e030322210d11b836568c5-sock
java_class_path (initial): c:\Users\sdini\.vscode\extensions\redhat.java-1.47.0-win32-x64\server\plugins\org.eclipse.equinox.launcher_1.7.100.v20251014-1222.jar
Launcher Type: SUN_STANDARD

[Global flags]
    uintx AdaptiveSizePolicyWeight                 = 90                                        {product} {command line}
     intx CICompilerCount                          = 3                                         {product} {ergonomic}
    uintx GCTimeRatio                              = 4                                         {product} {command line}
     bool HeapDumpOnOutOfMemoryError               = true                                   {manageable} {command line}
    ccstr HeapDumpPath                             = c:\Users\sdini\AppData\Roaming\Code\User\workspaceStorage\491d57091d15a377430ef44d3b2cb1d3\redhat.java         {manageable} {command line}
   size_t InitialHeapSize                          = 104857600                                 {product} {command line}
   size_t MaxHeapSize                              = 2147483648                                {product} {command line}
   size_t MaxNewSize                               = 715653120                                 {product} {ergonomic}
   size_t MinHeapDeltaBytes                        = 524288                                    {product} {ergonomic}
   size_t MinHeapSize                              = 104857600                                 {product} {command line}
   size_t NewSize                                  = 34603008                                  {product} {ergonomic}
    uintx NonNMethodCodeHeapSize                   = 5832780                                {pd product} {ergonomic}
    uintx NonProfiledCodeHeapSize                  = 122912730                              {pd product} {ergonomic}
   size_t OldSize                                  = 70254592                                  {product} {ergonomic}
    uintx ProfiledCodeHeapSize                     = 122912730                              {pd product} {ergonomic}
    uintx ReservedCodeCacheSize                    = 251658240                              {pd product} {ergonomic}
     bool SegmentedCodeCache                       = true                                      {product} {ergonomic}
   size_t SoftMaxHeapSize                          = 2147483648                             {manageable} {ergonomic}
     bool UseCompressedOops                        = true                           {product lp64_product} {ergonomic}
     bool UseLargePagesIndividualAllocation        = false                                  {pd product} {ergonomic}
     bool UseParallelGC                            = true                                      {product} {command line}

Logging:
Log output configuration:
 #0: stdout all=off uptime,level,tags foldmultilines=false
 #1: stderr all=off uptime,level,tags foldmultilines=false

Environment Variables:
JAVA_HOME=C:\Program Files\Java\jdk-21\
PATH=C:\WINDOWS\system32;C:\WINDOWS;C:\WINDOWS\System32\Wbem;C:\WINDOWS\System32\WindowsPowerShell\v1.0\;C:\WINDOWS\System32\OpenSSH\;C:\Program Files\Java\jdk-21\\bin;C:\Program Files\dotnet\;C:\Program Files\Git\cmd;C:\Gradle\gradle-9.2.0\bin;C:\Users\sdini\AppData\Local\Microsoft\WindowsApps;C:\Users\sdini\AppData\Local\Programs\Microsoft VS Code\bin
USERNAME=sdini
OS=Windows_NT
PROCESSOR_IDENTIFIER=Intel64 Family 6 Model 142 Stepping 9, GenuineIntel
TMP=C:\Users\sdini\AppData\Local\Temp
TEMP=C:\Users\sdini\AppData\Local\Temp




Periodic native trim disabled

---------------  S Y S T E M  ---------------

OS:
 Windows 11 , 64 bit Build 26100 (10.0.26100.7019)
OS uptime: 0 days 5:46 hours
Hyper-V role detected

CPU: total 4 (initial active 4) (2 cores per cpu, 2 threads per core) family 6 model 142 stepping 9 microcode 0xf6, cx8, cmov, fxsr, ht, mmx, 3dnowpref, sse, sse2, sse3, ssse3, sse4.1, sse4.2, popcnt, lzcnt, tsc, tscinvbit, avx, avx2, aes, erms, clmul, bmi1, bmi2, adx, fma, vzeroupper, clflush, clflushopt, hv, rdtscp, f16c
Processor Information for the first 4 processors :
  Max Mhz: 1608, Current Mhz: 1105, Mhz Limit: 1093

Memory: 4k page, system-wide physical 8061M (573M free)
TotalPageFile size 23051M (AvailPageFile size 0M)
current process WorkingSet (physical memory assigned to process): 85M, peak: 85M
current process commit charge ("private bytes"): 224M, peak: 225M

vm_info: OpenJDK 64-Bit Server VM (21.0.8+9-LTS) for windows-amd64 JRE (21.0.8+9-LTS), built on 2025-07-15T00:00:00Z by "admin" with MS VC++ 17.7 (VS2022)

END.
