#
# There is insufficient memory for the Java Runtime Environment to continue.
# Native memory allocation (malloc) failed to allocate 1048576 bytes. Error detail: AllocateHeap
# Possible reasons:
#   The system is out of physical RAM or swap space
#   This process is running with CompressedOops enabled, and the Java Heap may be blocking the growth of the native heap
# Possible solutions:
#   Reduce memory load on the system
#   Increase physical memory or swap space
#   Check if swap backing store is full
#   Decrease Java heap size (-Xmx/-Xms)
#   Decrease number of Java threads
#   Decrease Java thread stack sizes (-Xss)
#   Set larger code cache with -XX:ReservedCodeCacheSize=
#   JVM is running with Unscaled Compressed Oops mode in which the Java heap is
#     placed in the first 4GB address space. The Java Heap base address is the
#     maximum limit for the native heap growth. Please use -XX:HeapBaseMinAddress
#     to set the Java Heap base and to place the Java Heap above 4GB virtual address.
# This output file may be truncated or incomplete.
#
#  Out of Memory Error (allocation.cpp:44), pid=31648, tid=41220
#
# JRE version: OpenJDK Runtime Environment Temurin-21.0.8+9 (21.0.8+9) (build 21.0.8+9-LTS)
# Java VM: OpenJDK 64-Bit Server VM Temurin-21.0.8+9 (21.0.8+9-LTS, mixed mode, sharing, tiered, compressed oops, compressed class ptrs, parallel gc, windows-amd64)
# No core dump will be written. Minidumps are not enabled by default on client versions of Windows
#

---------------  S U M M A R Y ------------

Command Line: --add-modules=ALL-SYSTEM --add-opens=java.base/java.util=ALL-UNNAMED --add-opens=java.base/java.lang=ALL-UNNAMED --add-opens=java.base/sun.nio.fs=ALL-UNNAMED -Declipse.application=org.eclipse.jdt.ls.core.id1 -Dosgi.bundles.defaultStartLevel=4 -Declipse.product=org.eclipse.jdt.ls.core.product -Djava.import.generatesMetadataFilesAtProjectRoot=false -DDetectVMInstallationsJob.disabled=true -Dfile.encoding=utf8 -XX:+UseParallelGC -XX:GCTimeRatio=4 -XX:AdaptiveSizePolicyWeight=90 -Dsun.zip.disableMemoryMapping=true -Xmx2G -Xms100m -Xlog:disable -javaagent:c:\Users\sdini\.vscode\extensions\redhat.java-1.47.0-win32-x64\lombok\lombok-1.18.39-4050.jar -XX:+HeapDumpOnOutOfMemoryError -XX:HeapDumpPath=c:\Users\sdini\AppData\Roaming\Code\User\workspaceStorage\491d57091d15a377430ef44d3b2cb1d3\redhat.java -Daether.dependencyCollector.impl=bf c:\Users\sdini\.vscode\extensions\redhat.java-1.47.0-win32-x64\server\plugins\org.eclipse.equinox.launcher_1.7.100.v20251014-1222.jar -configuration c:\Users\sdini\AppData\Roaming\Code\User\globalStorage\redhat.java\1.47.0\config_win -data c:\Users\sdini\AppData\Roaming\Code\User\workspaceStorage\491d57091d15a377430ef44d3b2cb1d3\redhat.java\jdt_ws --pipe=\\.\pipe\lsp-9d702675fe7d5d47d1d080b189b640db-sock

Host: Intel(R) Core(TM) m3-8100Y CPU @ 1.10GHz, 4 cores, 7G,  Windows 11 , 64 bit Build 26100 (10.0.26100.7019)
Time: Wed Nov 12 12:32:59 2025 Eastern Standard Time elapsed time: 6795.382205 seconds (0d 1h 53m 15s)

---------------  T H R E A D  ---------------

Current thread (0x000001313ef10960):  JavaThread "Attach Listener" daemon [_thread_in_vm, id=41220, stack(0x0000000397800000,0x0000000397900000) (1024K)]

Stack: [0x0000000397800000,0x0000000397900000]
Native frames: (J=compiled Java code, j=interpreted, Vv=VM code, C=native code)
V  [jvm.dll+0x6d2449]
V  [jvm.dll+0x8ae341]
V  [jvm.dll+0x8b08be]
V  [jvm.dll+0x8b0fa3]
V  [jvm.dll+0x280c96]
V  [jvm.dll+0xc0347]
V  [jvm.dll+0x6d2cf9]
V  [jvm.dll+0x131116]
V  [jvm.dll+0x3f2d16]
V  [jvm.dll+0x857e6b]
V  [jvm.dll+0x6d0b0d]
C  [ucrtbase.dll+0x37b0]
C  [KERNEL32.DLL+0x2e8d7]
C  [ntdll.dll+0x8c53c]


---------------  P R O C E S S  ---------------

Threads class SMR info:
_java_thread_list=0x000001318980a390, length=45, elements={
0x000001312852c2e0, 0x000001313ef08d30, 0x000001313ef0d550, 0x000001313ef0fd10,
0x000001313ef10960, 0x000001313ef134c0, 0x000001313ef13f10, 0x000001313ef17150,
0x000001313ef8b160, 0x0000013128599440, 0x0000013180e43ab0, 0x000001318539f4e0,
0x00000131855eb550, 0x00000131855f03d0, 0x0000013180d00290, 0x000001318517c0a0,
0x0000013185df0ea0, 0x000001318545c210, 0x000001318545c8a0, 0x0000013185459ab0,
0x0000013185cd5910, 0x0000013185cd31b0, 0x0000013185cd2b20, 0x0000013185cd5fa0,
0x0000013185cd5280, 0x0000013185cd3ed0, 0x0000013185cd4560, 0x0000013185cd4bf0,
0x00000131877828d0, 0x000001318777f450, 0x0000013187783c80, 0x0000013187781bb0,
0x000001318545bb80, 0x0000013185cd3840, 0x0000013186c92f00, 0x0000013186c90110,
0x0000013186c93590, 0x0000013186c921e0, 0x0000013186c907a0, 0x000001318777edc0,
0x00000131877863e0, 0x00000131877849a0, 0x00000131877856c0, 0x000001318545a7d0,
0x0000013186c914c0
}

Java Threads: ( => current thread )
  0x000001312852c2e0 JavaThread "main"                              [_thread_blocked, id=18880, stack(0x0000000397100000,0x0000000397200000) (1024K)]
  0x000001313ef08d30 JavaThread "Reference Handler"          daemon [_thread_blocked, id=18516, stack(0x0000000397500000,0x0000000397600000) (1024K)]
  0x000001313ef0d550 JavaThread "Finalizer"                  daemon [_thread_blocked, id=7492, stack(0x0000000397600000,0x0000000397700000) (1024K)]
  0x000001313ef0fd10 JavaThread "Signal Dispatcher"          daemon [_thread_blocked, id=34384, stack(0x0000000397700000,0x0000000397800000) (1024K)]
=>0x000001313ef10960 JavaThread "Attach Listener"            daemon [_thread_in_vm, id=41220, stack(0x0000000397800000,0x0000000397900000) (1024K)]
  0x000001313ef134c0 JavaThread "Service Thread"             daemon [_thread_blocked, id=14652, stack(0x0000000397900000,0x0000000397a00000) (1024K)]
  0x000001313ef13f10 JavaThread "Monitor Deflation Thread"   daemon [_thread_blocked, id=36604, stack(0x0000000397a00000,0x0000000397b00000) (1024K)]
  0x000001313ef17150 JavaThread "C2 CompilerThread0"         daemon [_thread_blocked, id=14536, stack(0x0000000397b00000,0x0000000397c00000) (1024K)]
  0x000001313ef8b160 JavaThread "C1 CompilerThread0"         daemon [_thread_blocked, id=15904, stack(0x0000000397c00000,0x0000000397d00000) (1024K)]
  0x0000013128599440 JavaThread "Common-Cleaner"             daemon [_thread_blocked, id=26672, stack(0x0000000397d00000,0x0000000397e00000) (1024K)]
  0x0000013180e43ab0 JavaThread "Notification Thread"        daemon [_thread_blocked, id=33172, stack(0x0000000397e00000,0x0000000397f00000) (1024K)]
  0x000001318539f4e0 JavaThread "Active Thread: Equinox Container: b0cdf219-1867-4d7d-932c-a35da8b207eb"        [_thread_blocked, id=28492, stack(0x0000000398200000,0x0000000398300000) (1024K)]
  0x00000131855eb550 JavaThread "Refresh Thread: Equinox Container: b0cdf219-1867-4d7d-932c-a35da8b207eb" daemon [_thread_blocked, id=6824, stack(0x0000000398300000,0x0000000398400000) (1024K)]
  0x00000131855f03d0 JavaThread "Framework Event Dispatcher: Equinox Container: b0cdf219-1867-4d7d-932c-a35da8b207eb" daemon [_thread_blocked, id=39480, stack(0x0000000398400000,0x0000000398500000) (1024K)]
  0x0000013180d00290 JavaThread "Start Level: Equinox Container: b0cdf219-1867-4d7d-932c-a35da8b207eb" daemon [_thread_blocked, id=37576, stack(0x0000000398500000,0x0000000398600000) (1024K)]
  0x000001318517c0a0 JavaThread "Bundle File Closer"         daemon [_thread_blocked, id=3052, stack(0x0000000398700000,0x0000000398800000) (1024K)]
  0x0000013185df0ea0 JavaThread "SCR Component Actor"        daemon [_thread_blocked, id=6876, stack(0x0000000398600000,0x0000000398700000) (1024K)]
  0x000001318545c210 JavaThread "Worker-JM"                         [_thread_blocked, id=492, stack(0x0000000398900000,0x0000000398a00000) (1024K)]
  0x000001318545c8a0 JavaThread "JNA Cleaner"                daemon [_thread_blocked, id=26996, stack(0x0000000398a00000,0x0000000398b00000) (1024K)]
  0x0000013185459ab0 JavaThread "Java indexing"              daemon [_thread_blocked, id=33048, stack(0x0000000398e00000,0x0000000398f00000) (1024K)]
  0x0000013185cd5910 JavaThread "Thread-1"                   daemon [_thread_in_native, id=27984, stack(0x0000000399400000,0x0000000399500000) (1024K)]
  0x0000013185cd31b0 JavaThread "Thread-2"                   daemon [_thread_in_native, id=37604, stack(0x0000000399500000,0x0000000399600000) (1024K)]
  0x0000013185cd2b20 JavaThread "Thread-3"                   daemon [_thread_in_native, id=36840, stack(0x0000000399600000,0x0000000399700000) (1024K)]
  0x0000013185cd5fa0 JavaThread "Thread-4"                   daemon [_thread_in_native, id=40596, stack(0x0000000399700000,0x0000000399800000) (1024K)]
  0x0000013185cd5280 JavaThread "Thread-5"                   daemon [_thread_in_native, id=17352, stack(0x0000000399800000,0x0000000399900000) (1024K)]
  0x0000013185cd3ed0 JavaThread "pool-2-thread-1"                   [_thread_blocked, id=39696, stack(0x0000000399900000,0x0000000399a00000) (1024K)]
  0x0000013185cd4560 JavaThread "WorkspaceEventsHandler"            [_thread_blocked, id=41260, stack(0x0000000399a00000,0x0000000399b00000) (1024K)]
  0x0000013185cd4bf0 JavaThread "pool-1-thread-1"                   [_thread_blocked, id=20108, stack(0x0000000399b00000,0x0000000399c00000) (1024K)]
  0x00000131877828d0 JavaThread "pool-3-thread-1"                   [_thread_blocked, id=14088, stack(0x0000000399e00000,0x0000000399f00000) (1024K)]
  0x000001318777f450 JavaThread "Cleaner-0"                  daemon [_thread_blocked, id=39248, stack(0x0000000398d00000,0x0000000398e00000) (1024K)]
  0x0000013187783c80 JavaThread "Worker-9"                          [_thread_blocked, id=19556, stack(0x0000000399000000,0x0000000399100000) (1024K)]
  0x0000013187781bb0 JavaThread "Worker-11"                         [_thread_blocked, id=41020, stack(0x0000000398c00000,0x0000000398d00000) (1024K)]
  0x000001318545bb80 JavaThread "Java Debug Server"          daemon [_thread_in_native, id=33876, stack(0x0000000398f00000,0x0000000399000000) (1024K)]
  0x0000013185cd3840 JavaThread "RxSchedulerPurge-1"         daemon [_thread_blocked, id=38348, stack(0x0000000399300000,0x0000000399400000) (1024K)]
  0x0000013186c92f00 JavaThread "RxCachedWorkerPoolEvictor-1" daemon [_thread_blocked, id=40984, stack(0x0000000399c00000,0x0000000399d00000) (1024K)]
  0x0000013186c90110 JavaThread "ForkJoinPool.commonPool-worker-22" daemon [_thread_blocked, id=20452, stack(0x0000000396f00000,0x0000000397000000) (1024K)]
  0x0000013186c93590 JavaThread "ForkJoinPool.commonPool-worker-23" daemon [_thread_blocked, id=28796, stack(0x0000000397000000,0x0000000397100000) (1024K)]
  0x0000013186c921e0 JavaThread "Compiler Source File Reader" daemon [_thread_blocked, id=1320, stack(0x0000000398b00000,0x0000000398c00000) (1024K)]
  0x0000013186c907a0 JavaThread "Compiler Source File Reader" daemon [_thread_blocked, id=16772, stack(0x0000000399200000,0x0000000399300000) (1024K)]
  0x000001318777edc0 JavaThread "pool-4-thread-2"                   [_thread_in_native, id=36528, stack(0x0000000399d00000,0x0000000399e00000) (1024K)]
  0x00000131877863e0 JavaThread "RxNewThreadScheduler-3"     daemon [_thread_blocked, id=38048, stack(0x0000000399f00000,0x000000039a000000) (1024K)]
  0x00000131877849a0 JavaThread "Thread-10"                  daemon [_thread_in_native, id=41632, stack(0x000000039a000000,0x000000039a100000) (1024K)]
  0x00000131877856c0 JavaThread "Debuggee Stdout Handler"    daemon [_thread_in_native, id=35148, stack(0x000000039a100000,0x000000039a200000) (1024K)]
  0x000001318545a7d0 JavaThread "Debuggee Stderr Handler"    daemon [_thread_in_native, id=41336, stack(0x000000039a200000,0x000000039a300000) (1024K)]
  0x0000013186c914c0 JavaThread "RxNewThreadScheduler-4"     daemon [_thread_blocked, id=41504, stack(0x0000000399100000,0x0000000399200000) (1024K)]
Total: 45

Other Threads:
  0x00000131285ebc50 VMThread "VM Thread"                           [id=28572, stack(0x0000000397400000,0x0000000397500000) (1024K)]
  0x000001313eeaca00 WatcherThread "VM Periodic Task Thread"        [id=34360, stack(0x0000000397300000,0x0000000397400000) (1024K)]
  0x000001312854b520 WorkerThread "GC Thread#0"                     [id=5548, stack(0x0000000397200000,0x0000000397300000) (1024K)]
  0x000001318519d790 WorkerThread "GC Thread#1"                     [id=37388, stack(0x0000000397f00000,0x0000000398000000) (1024K)]
  0x000001318519db30 WorkerThread "GC Thread#2"                     [id=39596, stack(0x0000000398000000,0x0000000398100000) (1024K)]
  0x00000131852a24e0 WorkerThread "GC Thread#3"                     [id=30152, stack(0x0000000398100000,0x0000000398200000) (1024K)]
Total: 6

Threads with active compile tasks:
Total: 0

VM state: not at safepoint (normal execution)

VM Mutex/Monitor currently owned by a thread: None

Heap address: 0x0000000080000000, size: 2048 MB, Compressed Oops mode: 32-bit

CDS archive(s) mapped at: [0x000001313f000000-0x000001313fba0000-0x000001313fba0000), size 12189696, SharedBaseAddress: 0x000001313f000000, ArchiveRelocationMode: 1.
Compressed class space mapped at: 0x0000013140000000-0x0000013180000000, reserved size: 1073741824
Narrow klass base: 0x000001313f000000, Narrow klass shift: 0, Narrow klass range: 0x100000000

GC Precious Log:
 CardTable entry size: 512
 CPUs: 4 total, 4 available
 Memory: 8061M
 Large Page Support: Disabled
 NUMA Support: Disabled
 Compressed Oops: Enabled (32-bit)
 Alignments: Space 512K, Generation 512K, Heap 2M
 Heap Min Capacity: 100M
 Heap Initial Capacity: 100M
 Heap Max Capacity: 2G
 Pre-touch: Disabled
 Parallel Workers: 4

Heap:
 PSYoungGen      total 6144K, used 2565K [0x00000000d5580000, 0x00000000d5f80000, 0x0000000100000000)
  eden space 5632K, 41% used [0x00000000d5580000,0x00000000d57c1590,0x00000000d5b00000)
  from space 512K, 50% used [0x00000000d5f00000,0x00000000d5f40030,0x00000000d5f80000)
  to   space 512K, 0% used [0x00000000d5e80000,0x00000000d5e80000,0x00000000d5f00000)
 ParOldGen       total 1304576K, used 1304485K [0x0000000080000000, 0x00000000cfa00000, 0x00000000d5580000)
  object space 1304576K, 99% used [0x0000000080000000,0x00000000cf9e95c0,0x00000000cfa00000)
 Metaspace       used 89067K, committed 90752K, reserved 1179648K
  class space    used 9175K, committed 9920K, reserved 1048576K

Card table byte_map: [0x0000013127ed0000,0x00000131282e0000] _byte_map_base: 0x0000013127ad0000

Marking Bits: (ParMarkBitMap*) 0x00007ffeb2b3a340
 Begin Bits: [0x000001313a9d0000, 0x000001313c9d0000)
 End Bits:   [0x000001313c9d0000, 0x000001313e9d0000)

Polling page: 0x00000131264f0000

Metaspace:

Usage:
  Non-class:     78.02 MB used.
      Class:      8.96 MB used.
       Both:     86.98 MB used.

Virtual space:
  Non-class space:      128.00 MB reserved,      78.94 MB ( 62%) committed,  2 nodes.
      Class space:        1.00 GB reserved,       9.69 MB ( <1%) committed,  1 nodes.
             Both:        1.12 GB reserved,      88.62 MB (  8%) committed. 

Chunk freelists:
   Non-Class:  872.00 KB
       Class:  6.32 MB
        Both:  7.17 MB

MaxMetaspaceSize: unlimited
CompressedClassSpaceSize: 1.00 GB
Initial GC threshold: 21.00 MB
Current GC threshold: 133.75 MB
CDS: on
 - commit_granule_bytes: 65536.
 - commit_granule_words: 8192.
 - virtual_space_node_default_size: 8388608.
 - enlarge_chunks_in_place: 1.
 - use_allocation_guard: 0.


Internal statistics:

num_allocs_failed_limit: 9.
num_arena_births: 1656.
num_arena_deaths: 14.
num_vsnodes_births: 3.
num_vsnodes_deaths: 0.
num_space_committed: 1418.
num_space_uncommitted: 0.
num_chunks_returned_to_freelist: 23.
num_chunks_taken_from_freelist: 5913.
num_chunk_merges: 13.
num_chunk_splits: 3547.
num_chunks_enlarged: 1972.
num_inconsistent_stats: 0.

CodeHeap 'non-profiled nmethods': size=120000Kb used=22783Kb max_used=22783Kb free=97216Kb
 bounds [0x00000131331f0000, 0x0000013134830000, 0x000001313a720000]
CodeHeap 'profiled nmethods': size=120000Kb used=51322Kb max_used=51322Kb free=68677Kb
 bounds [0x000001312b720000, 0x000001312e940000, 0x0000013132c50000]
CodeHeap 'non-nmethods': size=5760Kb used=1528Kb max_used=1613Kb free=4231Kb
 bounds [0x0000013132c50000, 0x0000013132ec0000, 0x00000131331f0000]
CodeCache: size=245760Kb, used=75633Kb, max_used=75718Kb, free=170124Kb
 total_blobs=20545, nmethods=19693, adapters=750, full_count=0
Compilation: enabled, stopped_count=0, restarted_count=0

Compilation events (20 events):
Event: 6771.430 Thread 0x000001313ef8b160 21656       3       java.util.concurrent.atomic.AtomicReference::compareAndSet (10 bytes)
Event: 6771.432 Thread 0x000001313ef8b160 nmethod 21656 0x000001312e939690 code [0x000001312e939900, 0x000001312e93a3c8]
Event: 6771.432 Thread 0x000001313ef8b160 21657       3       java.lang.StringBuilder::append (6 bytes)
Event: 6771.432 Thread 0x000001313ef8b160 nmethod 21657 0x000001312e93a790 code [0x000001312e93a940, 0x000001312e93aaf0]
Event: 6771.436 Thread 0x000001313ef8b160 21658       3       java.lang.StringCoding::implEncodeAsciiArray (47 bytes)
Event: 6771.436 Thread 0x000001313ef8b160 nmethod 21658 0x000001312e93ac10 code [0x000001312e93adc0, 0x000001312e93aff8]
Event: 6771.487 Thread 0x000001313ef8b160 21659       3       java.lang.StringBuilder::append (6 bytes)
Event: 6771.488 Thread 0x000001313ef8b160 nmethod 21659 0x000001312e93b190 code [0x000001312e93b340, 0x000001312e93b4f0]
Event: 6771.550 Thread 0x000001313ef8b160 21660       3       java.util.logging.Logger::log (25 bytes)
Event: 6771.551 Thread 0x000001313ef8b160 nmethod 21660 0x000001312e93b610 code [0x000001312e93b7e0, 0x000001312e93bba0]
Event: 6771.553 Thread 0x000001313ef8b160 21661       3       java.io.BufferedReader::fill (170 bytes)
Event: 6771.554 Thread 0x000001313ef8b160 nmethod 21661 0x000001312e93bd10 code [0x000001312e93bf00, 0x000001312e93c528]
Event: 6782.801 Thread 0x000001313ef8b160 21662       3       sun.nio.ch.IOStatus::okayToRetry (22 bytes)
Event: 6782.802 Thread 0x000001313ef8b160 nmethod 21662 0x000001312e93c710 code [0x000001312e93c8a0, 0x000001312e93ca20]
Event: 6782.929 Thread 0x000001313ef8b160 21663       3       java.util.concurrent.atomic.AtomicInteger::compareAndSet (13 bytes)
Event: 6782.929 Thread 0x000001313ef8b160 nmethod 21663 0x000001312e93ca90 code [0x000001312e93cc20, 0x000001312e93cd48]
Event: 6782.934 Thread 0x000001313ef8b160 21664   !   3       java.io.BufferedInputStream::available (54 bytes)
Event: 6782.936 Thread 0x000001313ef8b160 nmethod 21664 0x000001312e93ce10 code [0x000001312e93d0a0, 0x000001312e93dcc8]
Event: 6782.936 Thread 0x000001313ef8b160 21665       3       java.io.BufferedInputStream::implAvailable (35 bytes)
Event: 6782.937 Thread 0x000001313ef8b160 nmethod 21665 0x000001312e93e190 code [0x000001312e93e360, 0x000001312e93e718]

GC Heap History (20 events):
Event: 6696.771 GC heap before
{Heap before GC invocations=2077 (full 4):
 PSYoungGen      total 6656K, used 6639K [0x00000000d5580000, 0x00000000d5f80000, 0x0000000100000000)
  eden space 5632K, 100% used [0x00000000d5580000,0x00000000d5b00000,0x00000000d5b00000)
  from space 1024K, 98% used [0x00000000d5c80000,0x00000000d5d7be40,0x00000000d5d80000)
  to   space 1536K, 0% used [0x00000000d5b00000,0x00000000d5b00000,0x00000000d5c80000)
 ParOldGen       total 1302016K, used 1301559K [0x0000000080000000, 0x00000000cf780000, 0x00000000d5580000)
  object space 1302016K, 99% used [0x0000000080000000,0x00000000cf70de90,0x00000000cf780000)
 Metaspace       used 88994K, committed 90688K, reserved 1179648K
  class space    used 9168K, committed 9920K, reserved 1048576K
}
Event: 6696.777 GC heap after
{Heap after GC invocations=2077 (full 4):
 PSYoungGen      total 6144K, used 468K [0x00000000d5580000, 0x00000000d5d00000, 0x0000000100000000)
  eden space 5632K, 0% used [0x00000000d5580000,0x00000000d5580000,0x00000000d5b00000)
  from space 512K, 91% used [0x00000000d5b00000,0x00000000d5b75200,0x00000000d5b80000)
  to   space 1024K, 0% used [0x00000000d5c00000,0x00000000d5c00000,0x00000000d5d00000)
 ParOldGen       total 1302016K, used 1301732K [0x0000000080000000, 0x00000000cf780000, 0x00000000d5580000)
  object space 1302016K, 99% used [0x0000000080000000,0x00000000cf7390d0,0x00000000cf780000)
 Metaspace       used 88994K, committed 90688K, reserved 1179648K
  class space    used 9168K, committed 9920K, reserved 1048576K
}
Event: 6696.797 GC heap before
{Heap before GC invocations=2078 (full 4):
 PSYoungGen      total 6144K, used 6100K [0x00000000d5580000, 0x00000000d5d00000, 0x0000000100000000)
  eden space 5632K, 100% used [0x00000000d5580000,0x00000000d5b00000,0x00000000d5b00000)
  from space 512K, 91% used [0x00000000d5b00000,0x00000000d5b75200,0x00000000d5b80000)
  to   space 1024K, 0% used [0x00000000d5c00000,0x00000000d5c00000,0x00000000d5d00000)
 ParOldGen       total 1302016K, used 1301732K [0x0000000080000000, 0x00000000cf780000, 0x00000000d5580000)
  object space 1302016K, 99% used [0x0000000080000000,0x00000000cf7390d0,0x00000000cf780000)
 Metaspace       used 88994K, committed 90688K, reserved 1179648K
  class space    used 9168K, committed 9920K, reserved 1048576K
}
Event: 6696.802 GC heap after
{Heap after GC invocations=2078 (full 4):
 PSYoungGen      total 6144K, used 186K [0x00000000d5580000, 0x00000000d5c80000, 0x0000000100000000)
  eden space 5632K, 0% used [0x00000000d5580000,0x00000000d5580000,0x00000000d5b00000)
  from space 512K, 36% used [0x00000000d5c00000,0x00000000d5c2e900,0x00000000d5c80000)
  to   space 512K, 0% used [0x00000000d5b00000,0x00000000d5b00000,0x00000000d5b80000)
 ParOldGen       total 1302016K, used 1301740K [0x0000000080000000, 0x00000000cf780000, 0x00000000d5580000)
  object space 1302016K, 99% used [0x0000000080000000,0x00000000cf73b0d0,0x00000000cf780000)
 Metaspace       used 88994K, committed 90688K, reserved 1179648K
  class space    used 9168K, committed 9920K, reserved 1048576K
}
Event: 6696.813 GC heap before
{Heap before GC invocations=2079 (full 4):
 PSYoungGen      total 6144K, used 5818K [0x00000000d5580000, 0x00000000d5c80000, 0x0000000100000000)
  eden space 5632K, 99% used [0x00000000d5580000,0x00000000d5afffa8,0x00000000d5b00000)
  from space 512K, 36% used [0x00000000d5c00000,0x00000000d5c2e900,0x00000000d5c80000)
  to   space 512K, 0% used [0x00000000d5b00000,0x00000000d5b00000,0x00000000d5b80000)
 ParOldGen       total 1302016K, used 1301740K [0x0000000080000000, 0x00000000cf780000, 0x00000000d5580000)
  object space 1302016K, 99% used [0x0000000080000000,0x00000000cf73b0d0,0x00000000cf780000)
 Metaspace       used 88994K, committed 90688K, reserved 1179648K
  class space    used 9168K, committed 9920K, reserved 1048576K
}
Event: 6696.820 GC heap after
{Heap after GC invocations=2079 (full 4):
 PSYoungGen      total 6144K, used 495K [0x00000000d5580000, 0x00000000d6280000, 0x0000000100000000)
  eden space 5632K, 0% used [0x00000000d5580000,0x00000000d5580000,0x00000000d5b00000)
  from space 512K, 96% used [0x00000000d5b00000,0x00000000d5b7be40,0x00000000d5b80000)
  to   space 3072K, 0% used [0x00000000d5f80000,0x00000000d5f80000,0x00000000d6280000)
 ParOldGen       total 1304064K, used 1303616K [0x0000000080000000, 0x00000000cf980000, 0x00000000d5580000)
  object space 1304064K, 99% used [0x0000000080000000,0x00000000cf9102d0,0x00000000cf980000)
 Metaspace       used 88994K, committed 90688K, reserved 1179648K
  class space    used 9168K, committed 9920K, reserved 1048576K
}
Event: 6701.374 GC heap before
{Heap before GC invocations=2080 (full 4):
 PSYoungGen      total 6144K, used 6127K [0x00000000d5580000, 0x00000000d6280000, 0x0000000100000000)
  eden space 5632K, 100% used [0x00000000d5580000,0x00000000d5b00000,0x00000000d5b00000)
  from space 512K, 96% used [0x00000000d5b00000,0x00000000d5b7be40,0x00000000d5b80000)
  to   space 3072K, 0% used [0x00000000d5f80000,0x00000000d5f80000,0x00000000d6280000)
 ParOldGen       total 1304064K, used 1303616K [0x0000000080000000, 0x00000000cf980000, 0x00000000d5580000)
  object space 1304064K, 99% used [0x0000000080000000,0x00000000cf9102d0,0x00000000cf980000)
 Metaspace       used 89000K, committed 90688K, reserved 1179648K
  class space    used 9168K, committed 9920K, reserved 1048576K
}
Event: 6701.380 GC heap after
{Heap after GC invocations=2080 (full 4):
 PSYoungGen      total 6144K, used 128K [0x00000000d5580000, 0x00000000d6000000, 0x0000000100000000)
  eden space 5632K, 0% used [0x00000000d5580000,0x00000000d5580000,0x00000000d5b00000)
  from space 512K, 25% used [0x00000000d5f80000,0x00000000d5fa0000,0x00000000d6000000)
  to   space 1024K, 0% used [0x00000000d5e00000,0x00000000d5e00000,0x00000000d5f00000)
 ParOldGen       total 1304064K, used 1303712K [0x0000000080000000, 0x00000000cf980000, 0x00000000d5580000)
  object space 1304064K, 99% used [0x0000000080000000,0x00000000cf9282d0,0x00000000cf980000)
 Metaspace       used 89000K, committed 90688K, reserved 1179648K
  class space    used 9168K, committed 9920K, reserved 1048576K
}
Event: 6701.610 GC heap before
{Heap before GC invocations=2081 (full 4):
 PSYoungGen      total 6144K, used 5760K [0x00000000d5580000, 0x00000000d6000000, 0x0000000100000000)
  eden space 5632K, 100% used [0x00000000d5580000,0x00000000d5b00000,0x00000000d5b00000)
  from space 512K, 25% used [0x00000000d5f80000,0x00000000d5fa0000,0x00000000d6000000)
  to   space 1024K, 0% used [0x00000000d5e00000,0x00000000d5e00000,0x00000000d5f00000)
 ParOldGen       total 1304064K, used 1303712K [0x0000000080000000, 0x00000000cf980000, 0x00000000d5580000)
  object space 1304064K, 99% used [0x0000000080000000,0x00000000cf9282d0,0x00000000cf980000)
 Metaspace       used 89000K, committed 90688K, reserved 1179648K
  class space    used 9168K, committed 9920K, reserved 1048576K
}
Event: 6701.614 GC heap after
{Heap after GC invocations=2081 (full 4):
 PSYoungGen      total 6656K, used 500K [0x00000000d5580000, 0x00000000d6000000, 0x0000000100000000)
  eden space 5632K, 0% used [0x00000000d5580000,0x00000000d5580000,0x00000000d5b00000)
  from space 1024K, 48% used [0x00000000d5e00000,0x00000000d5e7d200,0x00000000d5f00000)
  to   space 1024K, 0% used [0x00000000d5f00000,0x00000000d5f00000,0x00000000d6000000)
 ParOldGen       total 1304064K, used 1303744K [0x0000000080000000, 0x00000000cf980000, 0x00000000d5580000)
  object space 1304064K, 99% used [0x0000000080000000,0x00000000cf9302d0,0x00000000cf980000)
 Metaspace       used 89000K, committed 90688K, reserved 1179648K
  class space    used 9168K, committed 9920K, reserved 1048576K
}
Event: 6701.711 GC heap before
{Heap before GC invocations=2082 (full 4):
 PSYoungGen      total 6656K, used 6132K [0x00000000d5580000, 0x00000000d6000000, 0x0000000100000000)
  eden space 5632K, 100% used [0x00000000d5580000,0x00000000d5b00000,0x00000000d5b00000)
  from space 1024K, 48% used [0x00000000d5e00000,0x00000000d5e7d200,0x00000000d5f00000)
  to   space 1024K, 0% used [0x00000000d5f00000,0x00000000d5f00000,0x00000000d6000000)
 ParOldGen       total 1304064K, used 1303744K [0x0000000080000000, 0x00000000cf980000, 0x00000000d5580000)
  object space 1304064K, 99% used [0x0000000080000000,0x00000000cf9302d0,0x00000000cf980000)
 Metaspace       used 89003K, committed 90688K, reserved 1179648K
  class space    used 9168K, committed 9920K, reserved 1048576K
}
Event: 6701.715 GC heap after
{Heap after GC invocations=2082 (full 4):
 PSYoungGen      total 6656K, used 532K [0x00000000d5580000, 0x00000000d6000000, 0x0000000100000000)
  eden space 5632K, 0% used [0x00000000d5580000,0x00000000d5580000,0x00000000d5b00000)
  from space 1024K, 52% used [0x00000000d5f00000,0x00000000d5f85200,0x00000000d6000000)
  to   space 1024K, 0% used [0x00000000d5e00000,0x00000000d5e00000,0x00000000d5f00000)
 ParOldGen       total 1304576K, used 1304173K [0x0000000080000000, 0x00000000cfa00000, 0x00000000d5580000)
  object space 1304576K, 99% used [0x0000000080000000,0x00000000cf99b4e0,0x00000000cfa00000)
 Metaspace       used 89003K, committed 90688K, reserved 1179648K
  class space    used 9168K, committed 9920K, reserved 1048576K
}
Event: 6701.799 GC heap before
{Heap before GC invocations=2083 (full 4):
 PSYoungGen      total 6656K, used 6164K [0x00000000d5580000, 0x00000000d6000000, 0x0000000100000000)
  eden space 5632K, 99% used [0x00000000d5580000,0x00000000d5affff0,0x00000000d5b00000)
  from space 1024K, 52% used [0x00000000d5f00000,0x00000000d5f85200,0x00000000d6000000)
  to   space 1024K, 0% used [0x00000000d5e00000,0x00000000d5e00000,0x00000000d5f00000)
 ParOldGen       total 1304576K, used 1304173K [0x0000000080000000, 0x00000000cfa00000, 0x00000000d5580000)
  object space 1304576K, 99% used [0x0000000080000000,0x00000000cf99b4e0,0x00000000cfa00000)
 Metaspace       used 89003K, committed 90688K, reserved 1179648K
  class space    used 9168K, committed 9920K, reserved 1048576K
}
Event: 6701.806 GC heap after
{Heap after GC invocations=2083 (full 4):
 PSYoungGen      total 6656K, used 196K [0x00000000d5580000, 0x00000000d5f80000, 0x0000000100000000)
  eden space 5632K, 0% used [0x00000000d5580000,0x00000000d5580000,0x00000000d5b00000)
  from space 1024K, 19% used [0x00000000d5e00000,0x00000000d5e31210,0x00000000d5f00000)
  to   space 512K, 0% used [0x00000000d5f00000,0x00000000d5f00000,0x00000000d5f80000)
 ParOldGen       total 1304576K, used 1304197K [0x0000000080000000, 0x00000000cfa00000, 0x00000000d5580000)
  object space 1304576K, 99% used [0x0000000080000000,0x00000000cf9a14e0,0x00000000cfa00000)
 Metaspace       used 89003K, committed 90688K, reserved 1179648K
  class space    used 9168K, committed 9920K, reserved 1048576K
}
Event: 6717.800 GC heap before
{Heap before GC invocations=2084 (full 4):
 PSYoungGen      total 6656K, used 5828K [0x00000000d5580000, 0x00000000d5f80000, 0x0000000100000000)
  eden space 5632K, 100% used [0x00000000d5580000,0x00000000d5b00000,0x00000000d5b00000)
  from space 1024K, 19% used [0x00000000d5e00000,0x00000000d5e31210,0x00000000d5f00000)
  to   space 512K, 0% used [0x00000000d5f00000,0x00000000d5f00000,0x00000000d5f80000)
 ParOldGen       total 1304576K, used 1304197K [0x0000000080000000, 0x00000000cfa00000, 0x00000000d5580000)
  object space 1304576K, 99% used [0x0000000080000000,0x00000000cf9a14e0,0x00000000cfa00000)
 Metaspace       used 89013K, committed 90688K, reserved 1179648K
  class space    used 9168K, committed 9920K, reserved 1048576K
}
Event: 6717.807 GC heap after
{Heap after GC invocations=2084 (full 4):
 PSYoungGen      total 6144K, used 128K [0x00000000d5580000, 0x00000000d5f80000, 0x0000000100000000)
  eden space 5632K, 0% used [0x00000000d5580000,0x00000000d5580000,0x00000000d5b00000)
  from space 512K, 25% used [0x00000000d5f00000,0x00000000d5f20000,0x00000000d5f80000)
  to   space 512K, 0% used [0x00000000d5e80000,0x00000000d5e80000,0x00000000d5f00000)
 ParOldGen       total 1304576K, used 1304213K [0x0000000080000000, 0x00000000cfa00000, 0x00000000d5580000)
  object space 1304576K, 99% used [0x0000000080000000,0x00000000cf9a54e0,0x00000000cfa00000)
 Metaspace       used 89013K, committed 90688K, reserved 1179648K
  class space    used 9168K, committed 9920K, reserved 1048576K
}
Event: 6732.260 GC heap before
{Heap before GC invocations=2085 (full 4):
 PSYoungGen      total 6144K, used 5760K [0x00000000d5580000, 0x00000000d5f80000, 0x0000000100000000)
  eden space 5632K, 100% used [0x00000000d5580000,0x00000000d5b00000,0x00000000d5b00000)
  from space 512K, 25% used [0x00000000d5f00000,0x00000000d5f20000,0x00000000d5f80000)
  to   space 512K, 0% used [0x00000000d5e80000,0x00000000d5e80000,0x00000000d5f00000)
 ParOldGen       total 1304576K, used 1304213K [0x0000000080000000, 0x00000000cfa00000, 0x00000000d5580000)
  object space 1304576K, 99% used [0x0000000080000000,0x00000000cf9a54e0,0x00000000cfa00000)
 Metaspace       used 89030K, committed 90688K, reserved 1179648K
  class space    used 9169K, committed 9920K, reserved 1048576K
}
Event: 6732.271 GC heap after
{Heap after GC invocations=2085 (full 4):
 PSYoungGen      total 6144K, used 320K [0x00000000d5580000, 0x00000000d5f80000, 0x0000000100000000)
  eden space 5632K, 0% used [0x00000000d5580000,0x00000000d5580000,0x00000000d5b00000)
  from space 512K, 62% used [0x00000000d5e80000,0x00000000d5ed0040,0x00000000d5f00000)
  to   space 512K, 0% used [0x00000000d5f00000,0x00000000d5f00000,0x00000000d5f80000)
 ParOldGen       total 1304576K, used 1304253K [0x0000000080000000, 0x00000000cfa00000, 0x00000000d5580000)
  object space 1304576K, 99% used [0x0000000080000000,0x00000000cf9af4f0,0x00000000cfa00000)
 Metaspace       used 89030K, committed 90688K, reserved 1179648K
  class space    used 9169K, committed 9920K, reserved 1048576K
}
Event: 6763.558 GC heap before
{Heap before GC invocations=2086 (full 4):
 PSYoungGen      total 6144K, used 5951K [0x00000000d5580000, 0x00000000d5f80000, 0x0000000100000000)
  eden space 5632K, 99% used [0x00000000d5580000,0x00000000d5afffa8,0x00000000d5b00000)
  from space 512K, 62% used [0x00000000d5e80000,0x00000000d5ed0040,0x00000000d5f00000)
  to   space 512K, 0% used [0x00000000d5f00000,0x00000000d5f00000,0x00000000d5f80000)
 ParOldGen       total 1304576K, used 1304253K [0x0000000080000000, 0x00000000cfa00000, 0x00000000d5580000)
  object space 1304576K, 99% used [0x0000000080000000,0x00000000cf9af4f0,0x00000000cfa00000)
 Metaspace       used 89063K, committed 90752K, reserved 1179648K
  class space    used 9175K, committed 9920K, reserved 1048576K
}
Event: 6763.567 GC heap after
{Heap after GC invocations=2086 (full 4):
 PSYoungGen      total 6144K, used 256K [0x00000000d5580000, 0x00000000d5f80000, 0x0000000100000000)
  eden space 5632K, 0% used [0x00000000d5580000,0x00000000d5580000,0x00000000d5b00000)
  from space 512K, 50% used [0x00000000d5f00000,0x00000000d5f40030,0x00000000d5f80000)
  to   space 512K, 0% used [0x00000000d5e80000,0x00000000d5e80000,0x00000000d5f00000)
 ParOldGen       total 1304576K, used 1304485K [0x0000000080000000, 0x00000000cfa00000, 0x00000000d5580000)
  object space 1304576K, 99% used [0x0000000080000000,0x00000000cf9e95c0,0x00000000cfa00000)
 Metaspace       used 89063K, committed 90752K, reserved 1179648K
  class space    used 9175K, committed 9920K, reserved 1048576K
}

Dll operation events (12 events):
Event: 0.034 Loaded shared library c:\Users\sdini\.vscode\extensions\redhat.java-1.47.0-win32-x64\jre\21.0.8-win32-x86_64\bin\java.dll
Event: 0.434 Loaded shared library c:\Users\sdini\.vscode\extensions\redhat.java-1.47.0-win32-x64\jre\21.0.8-win32-x86_64\bin\zip.dll
Event: 0.852 Loaded shared library C:\Users\sdini\.vscode\extensions\redhat.java-1.47.0-win32-x64\jre\21.0.8-win32-x86_64\bin\instrument.dll
Event: 0.873 Loaded shared library C:\Users\sdini\.vscode\extensions\redhat.java-1.47.0-win32-x64\jre\21.0.8-win32-x86_64\bin\net.dll
Event: 0.879 Loaded shared library C:\Users\sdini\.vscode\extensions\redhat.java-1.47.0-win32-x64\jre\21.0.8-win32-x86_64\bin\nio.dll
Event: 0.885 Loaded shared library C:\Users\sdini\.vscode\extensions\redhat.java-1.47.0-win32-x64\jre\21.0.8-win32-x86_64\bin\zip.dll
Event: 1.016 Loaded shared library C:\Users\sdini\.vscode\extensions\redhat.java-1.47.0-win32-x64\jre\21.0.8-win32-x86_64\bin\jimage.dll
Event: 1.322 Loaded shared library c:\Users\sdini\.vscode\extensions\redhat.java-1.47.0-win32-x64\jre\21.0.8-win32-x86_64\bin\verify.dll
Event: 13.511 Loaded shared library C:\Users\sdini\AppData\Roaming\Code\User\globalStorage\redhat.java\1.47.0\config_win\org.eclipse.equinox.launcher\org.eclipse.equinox.launcher.win32.win32.x86_64_1.2.1400.v20250801-0854\eclipse_11916.dll
Event: 28.742 Loaded shared library C:\Users\sdini\AppData\Local\Temp\jna-109288435\jna14297976816718932135.dll
Event: 898.499 Loaded shared library C:\Users\sdini\.vscode\extensions\redhat.java-1.47.0-win32-x64\jre\21.0.8-win32-x86_64\bin\sunmscapi.dll
Event: 1287.402 Loaded shared library C:\Users\sdini\.vscode\extensions\redhat.java-1.47.0-win32-x64\jre\21.0.8-win32-x86_64\bin\extnet.dll

Deoptimization events (20 events):
Event: 6763.774 Thread 0x0000013186c914c0 Uncommon trap: trap_request=0xffffff45 fr.pc=0x000001313333bfdc relative=0x00000000000003fc
Event: 6763.774 Thread 0x0000013186c914c0 Uncommon trap: reason=unstable_if action=reinterpret pc=0x000001313333bfdc method=java.lang.AbstractStringBuilder.isLatin1()Z @ 10 c2
Event: 6763.774 Thread 0x0000013186c914c0 DEOPT PACKING pc=0x000001313333bfdc sp=0x00000003991fe160
Event: 6763.774 Thread 0x0000013186c914c0 DEOPT UNPACKING pc=0x0000013132ca3aa2 sp=0x00000003991fe020 mode 2
Event: 6763.774 Thread 0x0000013186c914c0 Uncommon trap: trap_request=0xffffff45 fr.pc=0x000001313334b64c relative=0x00000000000004cc
Event: 6763.774 Thread 0x0000013186c914c0 Uncommon trap: reason=unstable_if action=reinterpret pc=0x000001313334b64c method=java.lang.AbstractStringBuilder.inflateIfNeededFor(Ljava/lang/String;)V @ 14 c2
Event: 6763.774 Thread 0x0000013186c914c0 DEOPT PACKING pc=0x000001313334b64c sp=0x00000003991fe0e0
Event: 6763.774 Thread 0x0000013186c914c0 DEOPT UNPACKING pc=0x0000013132ca3aa2 sp=0x00000003991fdf18 mode 2
Event: 6763.775 Thread 0x0000013186c914c0 Uncommon trap: trap_request=0xffffff45 fr.pc=0x000001313482db48 relative=0x00000000000002e8
Event: 6763.775 Thread 0x0000013186c914c0 Uncommon trap: reason=unstable_if action=reinterpret pc=0x000001313482db48 method=java.lang.String.encodeUTF8(B[BZ)[B @ 2 c2
Event: 6763.775 Thread 0x0000013186c914c0 DEOPT PACKING pc=0x000001313482db48 sp=0x00000003991fe9b0
Event: 6763.775 Thread 0x0000013186c914c0 DEOPT UNPACKING pc=0x0000013132ca3aa2 sp=0x00000003991fe868 mode 2
Event: 6763.775 Thread 0x0000013186c914c0 Uncommon trap: trap_request=0xffffff45 fr.pc=0x00000131334f31f0 relative=0x00000000000007d0
Event: 6763.775 Thread 0x0000013186c914c0 Uncommon trap: reason=unstable_if action=reinterpret pc=0x00000131334f31f0 method=java.lang.StringConcatHelper.mix(JLjava/lang/String;)J @ 13 c2
Event: 6763.775 Thread 0x0000013186c914c0 DEOPT PACKING pc=0x00000131334f31f0 sp=0x00000003991fe920
Event: 6763.775 Thread 0x0000013186c914c0 DEOPT UNPACKING pc=0x0000013132ca3aa2 sp=0x00000003991fe850 mode 2
Event: 6763.775 Thread 0x0000013186c914c0 Uncommon trap: trap_request=0xffffff45 fr.pc=0x000001313449b1cc relative=0x00000000000001ac
Event: 6763.775 Thread 0x0000013186c914c0 Uncommon trap: reason=unstable_if action=reinterpret pc=0x000001313449b1cc method=java.lang.StringCoding.implEncodeAsciiArray([CI[BII)I @ 23 c2
Event: 6763.775 Thread 0x0000013186c914c0 DEOPT PACKING pc=0x000001313449b1cc sp=0x00000003991fe2a0
Event: 6763.775 Thread 0x0000013186c914c0 DEOPT UNPACKING pc=0x0000013132ca3aa2 sp=0x00000003991fe210 mode 2

Classes loaded (20 events):
Event: 5539.095 Loading class java/util/stream/SliceOps$1$1
Event: 5539.095 Loading class java/util/stream/SliceOps$1$1 done
Event: 5539.102 Loading class java/lang/ProcessBuilder
Event: 5539.103 Loading class java/lang/ProcessBuilder done
Event: 5539.103 Loading class java/lang/ProcessImpl
Event: 5539.104 Loading class java/lang/ProcessImpl done
Event: 5539.127 Loading class java/lang/ProcessImpl$2
Event: 5539.128 Loading class java/lang/ProcessImpl$2 done
Event: 5539.128 Loading class java/lang/Process$PipeInputStream
Event: 5539.128 Loading class java/lang/Process$PipeInputStream done
Event: 5539.158 Loading class jdk/internal/event/ProcessStartEvent
Event: 5539.170 Loading class jdk/internal/event/ProcessStartEvent done
Event: 5539.804 Loading class java/util/concurrent/ScheduledThreadPoolExecutor$DelayedWorkQueue$Itr
Event: 5539.805 Loading class java/util/concurrent/ScheduledThreadPoolExecutor$DelayedWorkQueue$Itr done
Event: 5545.363 Loading class java/util/regex/Pattern$Behind
Event: 5545.364 Loading class java/util/regex/Pattern$Behind done
Event: 5545.811 Loading class java/util/concurrent/CompletableFuture$AsyncRun
Event: 5545.812 Loading class java/util/concurrent/CompletableFuture$AsyncRun done
Event: 5723.869 Loading class java/lang/StringLatin1$CharsSpliterator
Event: 5723.871 Loading class java/lang/StringLatin1$CharsSpliterator done

Classes unloaded (7 events):
Event: 29.594 Thread 0x00000131285ebc50 Unloading class 0x00000131401a5000 'java/lang/invoke/LambdaForm$MH+0x00000131401a5000'
Event: 29.594 Thread 0x00000131285ebc50 Unloading class 0x00000131401a4c00 'java/lang/invoke/LambdaForm$MH+0x00000131401a4c00'
Event: 29.594 Thread 0x00000131285ebc50 Unloading class 0x00000131401a4800 'java/lang/invoke/LambdaForm$MH+0x00000131401a4800'
Event: 29.594 Thread 0x00000131285ebc50 Unloading class 0x00000131401a4400 'java/lang/invoke/LambdaForm$MH+0x00000131401a4400'
Event: 29.594 Thread 0x00000131285ebc50 Unloading class 0x00000131401a4000 'java/lang/invoke/LambdaForm$BMH+0x00000131401a4000'
Event: 29.594 Thread 0x00000131285ebc50 Unloading class 0x00000131401a3c00 'java/lang/invoke/LambdaForm$DMH+0x00000131401a3c00'
Event: 29.594 Thread 0x00000131285ebc50 Unloading class 0x00000131401a2800 'java/lang/invoke/LambdaForm$DMH+0x00000131401a2800'

Classes redefined (0 events):
No events

Internal exceptions (20 events):
Event: 6717.809 Thread 0x0000013186c90e30 Exception <a 'sun/nio/fs/WindowsException'{0x00000000d55b0f98}> (0x00000000d55b0f98) 
thrown [s\src\hotspot\share\prims\jni.cpp, line 520]
Event: 6717.809 Thread 0x0000013186c90e30 Exception <a 'sun/nio/fs/WindowsException'{0x00000000d55b1860}> (0x00000000d55b1860) 
thrown [s\src\hotspot\share\prims\jni.cpp, line 520]
Event: 6717.820 Thread 0x0000013186c90e30 Exception <a 'sun/nio/fs/WindowsException'{0x00000000d5638e60}> (0x00000000d5638e60) 
thrown [s\src\hotspot\share\prims\jni.cpp, line 520]
Event: 6717.820 Thread 0x0000013186c90e30 Exception <a 'sun/nio/fs/WindowsException'{0x00000000d5639728}> (0x00000000d5639728) 
thrown [s\src\hotspot\share\prims\jni.cpp, line 520]
Event: 6717.820 Thread 0x0000013186c90e30 Exception <a 'sun/nio/fs/WindowsException'{0x00000000d563a418}> (0x00000000d563a418) 
thrown [s\src\hotspot\share\prims\jni.cpp, line 520]
Event: 6717.821 Thread 0x0000013186c90e30 Exception <a 'sun/nio/fs/WindowsException'{0x00000000d563ace0}> (0x00000000d563ace0) 
thrown [s\src\hotspot\share\prims\jni.cpp, line 520]
Event: 6717.888 Thread 0x0000013186c90e30 Exception <a 'sun/nio/fs/WindowsException'{0x00000000d5716c38}> (0x00000000d5716c38) 
thrown [s\src\hotspot\share\prims\jni.cpp, line 520]
Event: 6717.888 Thread 0x0000013186c90e30 Exception <a 'sun/nio/fs/WindowsException'{0x00000000d5717498}> (0x00000000d5717498) 
thrown [s\src\hotspot\share\prims\jni.cpp, line 520]
Event: 6717.889 Thread 0x0000013186c90e30 Exception <a 'sun/nio/fs/WindowsException'{0x00000000d5717ee8}> (0x00000000d5717ee8) 
thrown [s\src\hotspot\share\prims\jni.cpp, line 520]
Event: 6717.889 Thread 0x0000013186c90e30 Exception <a 'sun/nio/fs/WindowsException'{0x00000000d57187b0}> (0x00000000d57187b0) 
thrown [s\src\hotspot\share\prims\jni.cpp, line 520]
Event: 6717.889 Thread 0x0000013186c90e30 Exception <a 'sun/nio/fs/WindowsException'{0x00000000d57194c8}> (0x00000000d57194c8) 
thrown [s\src\hotspot\share\prims\jni.cpp, line 520]
Event: 6717.889 Thread 0x0000013186c90e30 Exception <a 'sun/nio/fs/WindowsException'{0x00000000d5719d90}> (0x00000000d5719d90) 
thrown [s\src\hotspot\share\prims\jni.cpp, line 520]
Event: 6717.943 Thread 0x0000013186c90e30 Exception <a 'sun/nio/fs/WindowsException'{0x00000000d57a0978}> (0x00000000d57a0978) 
thrown [s\src\hotspot\share\prims\jni.cpp, line 520]
Event: 6717.943 Thread 0x0000013186c90e30 Exception <a 'sun/nio/fs/WindowsException'{0x00000000d57a1240}> (0x00000000d57a1240) 
thrown [s\src\hotspot\share\prims\jni.cpp, line 520]
Event: 6717.944 Thread 0x0000013186c90e30 Exception <a 'sun/nio/fs/WindowsException'{0x00000000d57a1f58}> (0x00000000d57a1f58) 
thrown [s\src\hotspot\share\prims\jni.cpp, line 520]
Event: 6717.945 Thread 0x0000013186c90e30 Exception <a 'sun/nio/fs/WindowsException'{0x00000000d57a2820}> (0x00000000d57a2820) 
thrown [s\src\hotspot\share\prims\jni.cpp, line 520]
Event: 6717.981 Thread 0x0000013186c90e30 Exception <a 'sun/nio/fs/WindowsException'{0x00000000d5829350}> (0x00000000d5829350) 
thrown [s\src\hotspot\share\prims\jni.cpp, line 520]
Event: 6717.981 Thread 0x0000013186c90e30 Exception <a 'sun/nio/fs/WindowsException'{0x00000000d5829c18}> (0x00000000d5829c18) 
thrown [s\src\hotspot\share\prims\jni.cpp, line 520]
Event: 6717.984 Thread 0x0000013186c90e30 Exception <a 'sun/nio/fs/WindowsException'{0x00000000d582a908}> (0x00000000d582a908) 
thrown [s\src\hotspot\share\prims\jni.cpp, line 520]
Event: 6717.984 Thread 0x0000013186c90e30 Exception <a 'sun/nio/fs/WindowsException'{0x00000000d582af20}> (0x00000000d582af20) 
thrown [s\src\hotspot\share\prims\jni.cpp, line 520]

ZGC Phase Switch (0 events):
No events

VM Operations (20 events):
Event: 6718.814 Executing VM operation: Cleanup
Event: 6718.814 Executing VM operation: Cleanup done
Event: 6725.867 Executing VM operation: Cleanup
Event: 6725.867 Executing VM operation: Cleanup done
Event: 6727.885 Executing VM operation: Cleanup
Event: 6727.885 Executing VM operation: Cleanup done
Event: 6732.260 Executing VM operation: ParallelGCFailedAllocation (Allocation Failure)
Event: 6732.271 Executing VM operation: ParallelGCFailedAllocation (Allocation Failure) done
Event: 6733.282 Executing VM operation: Cleanup
Event: 6733.282 Executing VM operation: Cleanup done
Event: 6735.372 Executing VM operation: HandshakeAllThreads (HandshakeForDeflation)
Event: 6735.372 Executing VM operation: HandshakeAllThreads (HandshakeForDeflation) done
Event: 6735.376 Executing VM operation: RendezvousGCThreads
Event: 6735.376 Executing VM operation: RendezvousGCThreads done
Event: 6763.558 Executing VM operation: ParallelGCFailedAllocation (Allocation Failure)
Event: 6763.567 Executing VM operation: ParallelGCFailedAllocation (Allocation Failure) done
Event: 6765.581 Executing VM operation: Cleanup
Event: 6765.581 Executing VM operation: Cleanup done
Event: 6771.647 Executing VM operation: Cleanup
Event: 6771.647 Executing VM operation: Cleanup done

Memory protections (0 events):
No events

Nmethod flushes (20 events):
Event: 1461.061 Thread 0x00000131285ebc50 flushing osr nmethod 0x000001312ca12190
Event: 1461.061 Thread 0x00000131285ebc50 flushing  nmethod 0x000001312ca13490
Event: 1461.061 Thread 0x00000131285ebc50 flushing  nmethod 0x000001312ca13b90
Event: 1461.061 Thread 0x00000131285ebc50 flushing  nmethod 0x000001312ca14010
Event: 1461.061 Thread 0x00000131285ebc50 flushing  nmethod 0x000001312ca14690
Event: 1461.061 Thread 0x00000131285ebc50 flushing  nmethod 0x000001312ca18e90
Event: 1461.061 Thread 0x00000131285ebc50 flushing  nmethod 0x000001312ca19810
Event: 1461.061 Thread 0x00000131285ebc50 flushing  nmethod 0x000001312ca21290
Event: 1461.061 Thread 0x00000131285ebc50 flushing  nmethod 0x000001312ca25d90
Event: 1461.061 Thread 0x00000131285ebc50 flushing  nmethod 0x000001312ca29410
Event: 1461.061 Thread 0x00000131285ebc50 flushing  nmethod 0x000001312ca32090
Event: 1461.061 Thread 0x00000131285ebc50 flushing  nmethod 0x000001312ca3ae10
Event: 1461.061 Thread 0x00000131285ebc50 flushing  nmethod 0x000001312ca3db90
Event: 1461.061 Thread 0x00000131285ebc50 flushing  nmethod 0x000001312ca60510
Event: 1461.061 Thread 0x00000131285ebc50 flushing  nmethod 0x000001312ca60910
Event: 1461.061 Thread 0x00000131285ebc50 flushing  nmethod 0x000001312ca85b10
Event: 1461.061 Thread 0x00000131285ebc50 flushing  nmethod 0x000001312ca95710
Event: 1461.061 Thread 0x00000131285ebc50 flushing osr nmethod 0x000001312ca9c990
Event: 1461.061 Thread 0x00000131285ebc50 flushing  nmethod 0x000001312cae4d10
Event: 1461.061 Thread 0x00000131285ebc50 flushing osr nmethod 0x000001312caf2190

Events (20 events):
Event: 5659.466 Thread 0x00000131851d56b0 Thread exited: 0x00000131851d56b0
Event: 5759.869 Thread 0x00000131877849a0 Thread exited: 0x00000131877849a0
Event: 5759.869 Thread 0x000001318545a7d0 Thread exited: 0x000001318545a7d0
Event: 5805.561 Thread 0x0000013187780e90 Thread exited: 0x0000013187780e90
Event: 5865.561 Thread 0x0000013186c93590 Thread exited: 0x0000013186c93590
Event: 5925.577 Thread 0x000001318777edc0 Thread exited: 0x000001318777edc0
Event: 6640.726 Thread 0x0000013185cd4bf0 Thread added: 0x0000013186c90110
Event: 6648.587 Thread 0x0000013186c90110 Thread added: 0x0000013186c93590
Event: 6655.017 Thread 0x0000013185cd4bf0 Thread added: 0x0000013186c90e30
Event: 6667.687 Thread 0x0000013187783c80 Thread added: 0x0000013186c921e0
Event: 6667.693 Thread 0x0000013187783c80 Thread added: 0x0000013186c914c0
Event: 6667.713 Thread 0x0000013187783c80 Thread added: 0x0000013186c907a0
Event: 6725.686 Thread 0x000001318545bb80 Thread added: 0x000001318777edc0
Event: 6725.704 Thread 0x000001318777edc0 Thread added: 0x00000131877863e0
Event: 6725.746 Thread 0x00000131877863e0 Thread added: 0x00000131877849a0
Event: 6725.749 Thread 0x00000131877863e0 Thread added: 0x00000131877856c0
Event: 6725.750 Thread 0x00000131877863e0 Thread added: 0x000001318545a7d0
Event: 6727.822 Thread 0x0000013186c914c0 Thread exited: 0x0000013186c914c0
Event: 6731.059 Thread 0x00000131877856c0 Thread added: 0x0000013186c914c0
Event: 6785.718 Thread 0x0000013186c90e30 Thread exited: 0x0000013186c90e30


Dynamic libraries:
0x00007ff702000000 - 0x00007ff70200e000 	c:\Users\sdini\.vscode\extensions\redhat.java-1.47.0-win32-x64\jre\21.0.8-win32-x86_64\bin\java.exe
0x00007fff41f60000 - 0x00007fff421c8000 	C:\WINDOWS\SYSTEM32\ntdll.dll
0x00007fff40930000 - 0x00007fff409f9000 	C:\WINDOWS\System32\KERNEL32.DLL
0x00007fff3f700000 - 0x00007fff3faf8000 	C:\WINDOWS\System32\KERNELBASE.dll
0x00007fff3f0b0000 - 0x00007fff3f1fb000 	C:\WINDOWS\System32\ucrtbase.dll
0x00007fff1fa50000 - 0x00007fff1fa68000 	c:\Users\sdini\.vscode\extensions\redhat.java-1.47.0-win32-x64\jre\21.0.8-win32-x86_64\bin\jli.dll
0x00007fff40450000 - 0x00007fff40617000 	C:\WINDOWS\System32\USER32.dll
0x00007fff3f200000 - 0x00007fff3f227000 	C:\WINDOWS\System32\win32u.dll
0x00007fff3fd80000 - 0x00007fff3fdab000 	C:\WINDOWS\System32\GDI32.dll
0x00007fff3f520000 - 0x00007fff3f64c000 	C:\WINDOWS\System32\gdi32full.dll
0x00007fff3f470000 - 0x00007fff3f513000 	C:\WINDOWS\System32\msvcp_win.dll
0x00007fff1d870000 - 0x00007fff1d88e000 	c:\Users\sdini\.vscode\extensions\redhat.java-1.47.0-win32-x64\jre\21.0.8-win32-x86_64\bin\VCRUNTIME140.dll
0x00007fff25de0000 - 0x00007fff26074000 	C:\WINDOWS\WinSxS\amd64_microsoft.windows.common-controls_6595b64144ccf1df_6.0.26100.7019_none_3e06ffa0e335b8a8\COMCTL32.dll
0x00007fff41940000 - 0x00007fff419e9000 	C:\WINDOWS\System32\msvcrt.dll
0x00007fff40c30000 - 0x00007fff40c61000 	C:\WINDOWS\System32\IMM32.DLL
0x00007fff27de0000 - 0x00007fff27dec000 	c:\Users\sdini\.vscode\extensions\redhat.java-1.47.0-win32-x64\jre\21.0.8-win32-x86_64\bin\vcruntime140_1.dll
0x00007fff0e410000 - 0x00007fff0e49d000 	c:\Users\sdini\.vscode\extensions\redhat.java-1.47.0-win32-x64\jre\21.0.8-win32-x86_64\bin\msvcp140.dll
0x00007ffeb1e80000 - 0x00007ffeb2c17000 	c:\Users\sdini\.vscode\extensions\redhat.java-1.47.0-win32-x64\jre\21.0.8-win32-x86_64\bin\server\jvm.dll
0x00007fff40160000 - 0x00007fff40214000 	C:\WINDOWS\System32\ADVAPI32.dll
0x00007fff3fe70000 - 0x00007fff3ff16000 	C:\WINDOWS\System32\sechost.dll
0x00007fff406a0000 - 0x00007fff407b8000 	C:\WINDOWS\System32\RPCRT4.dll
0x00007fff40620000 - 0x00007fff40694000 	C:\WINDOWS\System32\WS2_32.dll
0x00007fff3ef10000 - 0x00007fff3ef6e000 	C:\WINDOWS\SYSTEM32\POWRPROF.dll
0x00007fff21f40000 - 0x00007fff21f75000 	C:\WINDOWS\SYSTEM32\WINMM.dll
0x00007fff2b7d0000 - 0x00007fff2b7db000 	C:\WINDOWS\SYSTEM32\VERSION.dll
0x00007fff3eef0000 - 0x00007fff3ef04000 	C:\WINDOWS\SYSTEM32\UMPDC.dll
0x00007fff3de30000 - 0x00007fff3de4b000 	C:\WINDOWS\SYSTEM32\kernel.appcore.dll
0x00007fff27470000 - 0x00007fff2747a000 	c:\Users\sdini\.vscode\extensions\redhat.java-1.47.0-win32-x64\jre\21.0.8-win32-x86_64\bin\jimage.dll
0x00007fff3c840000 - 0x00007fff3ca82000 	C:\WINDOWS\SYSTEM32\DBGHELP.DLL
0x00007fff419f0000 - 0x00007fff41d7b000 	C:\WINDOWS\System32\combase.dll
0x00007fff40a00000 - 0x00007fff40ad7000 	C:\WINDOWS\System32\OLEAUT32.dll
0x00007fff186d0000 - 0x00007fff1870c000 	C:\WINDOWS\SYSTEM32\dbgcore.DLL
0x00007fff3f650000 - 0x00007fff3f6f5000 	C:\WINDOWS\System32\bcryptPrimitives.dll
0x00007fff22d10000 - 0x00007fff22d1f000 	c:\Users\sdini\.vscode\extensions\redhat.java-1.47.0-win32-x64\jre\21.0.8-win32-x86_64\bin\instrument.dll
0x00007fff1bf80000 - 0x00007fff1bf9f000 	c:\Users\sdini\.vscode\extensions\redhat.java-1.47.0-win32-x64\jre\21.0.8-win32-x86_64\bin\java.dll
0x00007fff40c80000 - 0x00007fff413cf000 	C:\WINDOWS\System32\SHELL32.dll
0x00007fff3fb90000 - 0x00007fff3fcfb000 	C:\WINDOWS\System32\wintypes.dll
0x00007fff3cc90000 - 0x00007fff3d4ed000 	C:\WINDOWS\SYSTEM32\windows.storage.dll
0x00007fff402a0000 - 0x00007fff40392000 	C:\WINDOWS\System32\SHCORE.dll
0x00007fff40230000 - 0x00007fff40297000 	C:\WINDOWS\System32\shlwapi.dll
0x00007fff3efd0000 - 0x00007fff3eff9000 	C:\WINDOWS\SYSTEM32\profapi.dll
0x00007fff1be90000 - 0x00007fff1bea8000 	c:\Users\sdini\.vscode\extensions\redhat.java-1.47.0-win32-x64\jre\21.0.8-win32-x86_64\bin\zip.dll
0x00007fff24670000 - 0x00007fff24680000 	C:\Users\sdini\.vscode\extensions\redhat.java-1.47.0-win32-x64\jre\21.0.8-win32-x86_64\bin\net.dll
0x00007fff31d00000 - 0x00007fff31e28000 	C:\WINDOWS\SYSTEM32\WINHTTP.dll
0x00007fff3e380000 - 0x00007fff3e3eb000 	C:\WINDOWS\system32\mswsock.dll
0x00007fff16570000 - 0x00007fff16586000 	C:\Users\sdini\.vscode\extensions\redhat.java-1.47.0-win32-x64\jre\21.0.8-win32-x86_64\bin\nio.dll
0x00007fff22970000 - 0x00007fff22980000 	c:\Users\sdini\.vscode\extensions\redhat.java-1.47.0-win32-x64\jre\21.0.8-win32-x86_64\bin\verify.dll
0x00007fff21aa0000 - 0x00007fff21ae4000 	C:\Users\sdini\AppData\Roaming\Code\User\globalStorage\redhat.java\1.47.0\config_win\org.eclipse.equinox.launcher\org.eclipse.equinox.launcher.win32.win32.x86_64_1.2.1400.v20250801-0854\eclipse_11916.dll
0x00007fff41d80000 - 0x00007fff41f17000 	C:\WINDOWS\System32\ole32.dll
0x00007fff3e770000 - 0x00007fff3e78b000 	C:\WINDOWS\SYSTEM32\CRYPTSP.dll
0x00007fff3dd90000 - 0x00007fff3ddca000 	C:\WINDOWS\system32\rsaenh.dll
0x00007fff3e430000 - 0x00007fff3e45b000 	C:\WINDOWS\SYSTEM32\USERENV.dll
0x00007fff3efa0000 - 0x00007fff3efca000 	C:\WINDOWS\SYSTEM32\bcrypt.dll
0x00007fff3e5d0000 - 0x00007fff3e5dc000 	C:\WINDOWS\SYSTEM32\CRYPTBASE.dll
0x00007fff3d970000 - 0x00007fff3d9a4000 	C:\WINDOWS\SYSTEM32\IPHLPAPI.DLL
0x00007fff40c70000 - 0x00007fff40c7a000 	C:\WINDOWS\System32\NSI.dll
0x00007fff165b0000 - 0x00007fff165f9000 	C:\Users\sdini\AppData\Local\Temp\jna-109288435\jna14297976816718932135.dll
0x00007fff40220000 - 0x00007fff40228000 	C:\WINDOWS\System32\PSAPI.DLL
0x00007fff37e20000 - 0x00007fff37e3e000 	C:\WINDOWS\SYSTEM32\dhcpcsvc6.DLL
0x00007fff37df0000 - 0x00007fff37e13000 	C:\WINDOWS\SYSTEM32\dhcpcsvc.DLL
0x00007fff22460000 - 0x00007fff2246e000 	C:\Users\sdini\.vscode\extensions\redhat.java-1.47.0-win32-x64\jre\21.0.8-win32-x86_64\bin\sunmscapi.dll
0x00007fff3f230000 - 0x00007fff3f3a7000 	C:\WINDOWS\System32\CRYPT32.dll
0x00007fff3e8c0000 - 0x00007fff3e8f0000 	C:\WINDOWS\SYSTEM32\ncrypt.dll
0x00007fff3e870000 - 0x00007fff3e8af000 	C:\WINDOWS\SYSTEM32\NTASN1.dll
0x00007fff3d9b0000 - 0x00007fff3dadc000 	C:\WINDOWS\SYSTEM32\DNSAPI.dll
0x00007fff2c5c0000 - 0x00007fff2c5cb000 	C:\Windows\System32\rasadhlp.dll
0x00007fff37f70000 - 0x00007fff37ff6000 	C:\WINDOWS\System32\fwpuclnt.dll
0x00007fff22330000 - 0x00007fff22339000 	C:\Users\sdini\.vscode\extensions\redhat.java-1.47.0-win32-x64\jre\21.0.8-win32-x86_64\bin\extnet.dll

JVMTI agents:
c:\Users\sdini\.vscode\extensions\redhat.java-1.47.0-win32-x64\lombok\lombok-1.18.39-4050.jar path:c:\Users\sdini\.vscode\extensions\redhat.java-1.47.0-win32-x64\jre\21.0.8-win32-x86_64\bin\instrument.dll, loaded, initialized, instrumentlib options:none

dbghelp: loaded successfully - version: 4.0.5 - missing functions: none
symbol engine: initialized successfully - sym options: 0x614 - pdb path: .;c:\Users\sdini\.vscode\extensions\redhat.java-1.47.0-win32-x64\jre\21.0.8-win32-x86_64\bin;C:\WINDOWS\SYSTEM32;C:\WINDOWS\WinSxS\amd64_microsoft.windows.common-controls_6595b64144ccf1df_6.0.26100.7019_none_3e06ffa0e335b8a8;c:\Users\sdini\.vscode\extensions\redhat.java-1.47.0-win32-x64\jre\21.0.8-win32-x86_64\bin\server;C:\Users\sdini\AppData\Roaming\Code\User\globalStorage\redhat.java\1.47.0\config_win\org.eclipse.equinox.launcher\org.eclipse.equinox.launcher.win32.win32.x86_64_1.2.1400.v20250801-0854;C:\Users\sdini\AppData\Local\Temp\jna-109288435

VM Arguments:
jvm_args: --add-modules=ALL-SYSTEM --add-opens=java.base/java.util=ALL-UNNAMED --add-opens=java.base/java.lang=ALL-UNNAMED --add-opens=java.base/sun.nio.fs=ALL-UNNAMED -Declipse.application=org.eclipse.jdt.ls.core.id1 -Dosgi.bundles.defaultStartLevel=4 -Declipse.product=org.eclipse.jdt.ls.core.product -Djava.import.generatesMetadataFilesAtProjectRoot=false -DDetectVMInstallationsJob.disabled=true -Dfile.encoding=utf8 -XX:+UseParallelGC -XX:GCTimeRatio=4 -XX:AdaptiveSizePolicyWeight=90 -Dsun.zip.disableMemoryMapping=true -Xmx2G -Xms100m -Xlog:disable -javaagent:c:\Users\sdini\.vscode\extensions\redhat.java-1.47.0-win32-x64\lombok\lombok-1.18.39-4050.jar -XX:+HeapDumpOnOutOfMemoryError -XX:HeapDumpPath=c:\Users\sdini\AppData\Roaming\Code\User\workspaceStorage\491d57091d15a377430ef44d3b2cb1d3\redhat.java -Daether.dependencyCollector.impl=bf 
java_command: c:\Users\sdini\.vscode\extensions\redhat.java-1.47.0-win32-x64\server\plugins\org.eclipse.equinox.launcher_1.7.100.v20251014-1222.jar -configuration c:\Users\sdini\AppData\Roaming\Code\User\globalStorage\redhat.java\1.47.0\config_win -data c:\Users\sdini\AppData\Roaming\Code\User\workspaceStorage\491d57091d15a377430ef44d3b2cb1d3\redhat.java\jdt_ws --pipe=\\.\pipe\lsp-9d702675fe7d5d47d1d080b189b640db-sock
java_class_path (initial): c:\Users\sdini\.vscode\extensions\redhat.java-1.47.0-win32-x64\server\plugins\org.eclipse.equinox.launcher_1.7.100.v20251014-1222.jar
Launcher Type: SUN_STANDARD

[Global flags]
    uintx AdaptiveSizePolicyWeight                 = 90                                        {product} {command line}
     intx CICompilerCount                          = 3                                         {product} {ergonomic}
    uintx GCTimeRatio                              = 4                                         {product} {command line}
     bool HeapDumpOnOutOfMemoryError               = true                                   {manageable} {command line}
    ccstr HeapDumpPath                             = c:\Users\sdini\AppData\Roaming\Code\User\workspaceStorage\491d57091d15a377430ef44d3b2cb1d3\redhat.java         {manageable} {command line}
   size_t InitialHeapSize                          = 104857600                                 {product} {command line}
   size_t MaxHeapSize                              = 2147483648                                {product} {command line}
   size_t MaxNewSize                               = 715653120                                 {product} {ergonomic}
   size_t MinHeapDeltaBytes                        = 524288                                    {product} {ergonomic}
   size_t MinHeapSize                              = 104857600                                 {product} {command line}
   size_t NewSize                                  = 34603008                                  {product} {ergonomic}
    uintx NonNMethodCodeHeapSize                   = 5832780                                {pd product} {ergonomic}
    uintx NonProfiledCodeHeapSize                  = 122912730                              {pd product} {ergonomic}
   size_t OldSize                                  = 70254592                                  {product} {ergonomic}
    uintx ProfiledCodeHeapSize                     = 122912730                              {pd product} {ergonomic}
    uintx ReservedCodeCacheSize                    = 251658240                              {pd product} {ergonomic}
     bool SegmentedCodeCache                       = true                                      {product} {ergonomic}
   size_t SoftMaxHeapSize                          = 2147483648                             {manageable} {ergonomic}
     bool UseCompressedOops                        = true                           {product lp64_product} {ergonomic}
     bool UseLargePagesIndividualAllocation        = false                                  {pd product} {ergonomic}
     bool UseParallelGC                            = true                                      {product} {command line}

Logging:
Log output configuration:
 #0: stdout all=off uptime,level,tags foldmultilines=false
 #1: stderr all=off uptime,level,tags foldmultilines=false

Environment Variables:
JAVA_HOME=C:\Program Files\Java\jdk-21\
PATH=C:\WINDOWS\system32;C:\WINDOWS;C:\WINDOWS\System32\Wbem;C:\WINDOWS\System32\WindowsPowerShell\v1.0\;C:\WINDOWS\System32\OpenSSH\;C:\Program Files\Java\jdk-21\\bin;C:\Program Files\dotnet\;C:\Program Files\Git\cmd;C:\Gradle\gradle-9.2.0\bin;C:\Users\sdini\AppData\Local\Microsoft\WindowsApps;C:\Users\sdini\AppData\Local\Programs\Microsoft VS Code\bin
USERNAME=sdini
OS=Windows_NT
PROCESSOR_IDENTIFIER=Intel64 Family 6 Model 142 Stepping 9, GenuineIntel
TMP=C:\Users\sdini\AppData\Local\Temp
TEMP=C:\Users\sdini\AppData\Local\Temp




Periodic native trim disabled

---------------  S Y S T E M  ---------------

OS:
 Windows 11 , 64 bit Build 26100 (10.0.26100.7019)
OS uptime: 0 days 5:45 hours
Hyper-V role detected

CPU: total 4 (initial active 4) (2 cores per cpu, 2 threads per core) family 6 model 142 stepping 9 microcode 0xf6, cx8, cmov, fxsr, ht, mmx, 3dnowpref, sse, sse2, sse3, ssse3, sse4.1, sse4.2, popcnt, lzcnt, tsc, tscinvbit, avx, avx2, aes, erms, clmul, bmi1, bmi2, adx, fma, vzeroupper, clflush, clflushopt, hv, rdtscp, f16c
Processor Information for the first 4 processors :
  Max Mhz: 1608, Current Mhz: 1105, Mhz Limit: 1093

Memory: 4k page, system-wide physical 8061M (570M free)
TotalPageFile size 23051M (AvailPageFile size 3M)
current process WorkingSet (physical memory assigned to process): 157M, peak: 749M
current process commit charge ("private bytes"): 1643M, peak: 1648M

vm_info: OpenJDK 64-Bit Server VM (21.0.8+9-LTS) for windows-amd64 JRE (21.0.8+9-LTS), built on 2025-07-15T00:00:00Z by "admin" with MS VC++ 17.7 (VS2022)

END.
