#
# There is insufficient memory for the Java Runtime Environment to continue.
# Native memory allocation (malloc) failed to allocate 897792 bytes. Error detail: Chunk::new
# Possible reasons:
#   The system is out of physical RAM or swap space
#   This process is running with CompressedOops enabled, and the Java Heap may be blocking the growth of the native heap
# Possible solutions:
#   Reduce memory load on the system
#   Increase physical memory or swap space
#   Check if swap backing store is full
#   Decrease Java heap size (-Xmx/-Xms)
#   Decrease number of Java threads
#   Decrease Java thread stack sizes (-Xss)
#   Set larger code cache with -XX:ReservedCodeCacheSize=
#   JVM is running with Unscaled Compressed Oops mode in which the Java heap is
#     placed in the first 4GB address space. The Java Heap base address is the
#     maximum limit for the native heap growth. Please use -XX:HeapBaseMinAddress
#     to set the Java Heap base and to place the Java Heap above 4GB virtual address.
# This output file may be truncated or incomplete.
#
#  Out of Memory Error (arena.cpp:168), pid=38896, tid=17564
#
# JRE version: OpenJDK Runtime Environment Temurin-21.0.8+9 (21.0.8+9) (build 21.0.8+9-LTS)
# Java VM: OpenJDK 64-Bit Server VM Temurin-21.0.8+9 (21.0.8+9-LTS, mixed mode, sharing, tiered, compressed oops, compressed class ptrs, parallel gc, windows-amd64)
# No core dump will be written. Minidumps are not enabled by default on client versions of Windows
#

---------------  S U M M A R Y ------------

Command Line: --add-modules=ALL-SYSTEM --add-opens=java.base/java.util=ALL-UNNAMED --add-opens=java.base/java.lang=ALL-UNNAMED --add-opens=java.base/sun.nio.fs=ALL-UNNAMED -Declipse.application=org.eclipse.jdt.ls.core.id1 -Dosgi.bundles.defaultStartLevel=4 -Declipse.product=org.eclipse.jdt.ls.core.product -Djava.import.generatesMetadataFilesAtProjectRoot=false -DDetectVMInstallationsJob.disabled=true -Dfile.encoding=utf8 -XX:+UseParallelGC -XX:GCTimeRatio=4 -XX:AdaptiveSizePolicyWeight=90 -Dsun.zip.disableMemoryMapping=true -Xmx2G -Xms100m -Xlog:disable -javaagent:c:\Users\sdini\.vscode\extensions\redhat.java-1.47.0-win32-x64\lombok\lombok-1.18.39-4050.jar -XX:+HeapDumpOnOutOfMemoryError -XX:HeapDumpPath=c:\Users\sdini\AppData\Roaming\Code\User\workspaceStorage\491d57091d15a377430ef44d3b2cb1d3\redhat.java -Daether.dependencyCollector.impl=bf c:\Users\sdini\.vscode\extensions\redhat.java-1.47.0-win32-x64\server\plugins\org.eclipse.equinox.launcher_1.7.100.v20251014-1222.jar -configuration c:\Users\sdini\AppData\Roaming\Code\User\globalStorage\redhat.java\1.47.0\config_win -data c:\Users\sdini\AppData\Roaming\Code\User\workspaceStorage\491d57091d15a377430ef44d3b2cb1d3\redhat.java\jdt_ws --pipe=\\.\pipe\lsp-76b76f47fb6d018d6e86ca6697af826c-sock

Host: Intel(R) Core(TM) m3-8100Y CPU @ 1.10GHz, 4 cores, 7G,  Windows 11 , 64 bit Build 26100 (10.0.26100.7019)
Time: Wed Nov 12 12:34:39 2025 Eastern Standard Time elapsed time: 98.233135 seconds (0d 0h 1m 38s)

---------------  T H R E A D  ---------------

Current thread (0x00000201b20a6c00):  JavaThread "C2 CompilerThread0" daemon [_thread_in_native, id=17564, stack(0x000000bc0f300000,0x000000bc0f400000) (1024K)]


Current CompileTask:
C2:98233 7972   !   4       java.net.URL::<init> (543 bytes)

Stack: [0x000000bc0f300000,0x000000bc0f400000]
Native frames: (J=compiled Java code, j=interpreted, Vv=VM code, C=native code)
V  [jvm.dll+0x6d2449]
V  [jvm.dll+0x8ae341]
V  [jvm.dll+0x8b08be]
V  [jvm.dll+0x8b0fa3]
V  [jvm.dll+0x280c96]
V  [jvm.dll+0xc581d]
V  [jvm.dll+0xc5d53]
V  [jvm.dll+0x3b919c]
V  [jvm.dll+0x385315]
V  [jvm.dll+0x38477a]
V  [jvm.dll+0x248ed0]
V  [jvm.dll+0x2484af]
V  [jvm.dll+0x1c89ee]
V  [jvm.dll+0x257d4d]
V  [jvm.dll+0x2562ea]
V  [jvm.dll+0x3f2d16]
V  [jvm.dll+0x857e6b]
V  [jvm.dll+0x6d0b0d]
C  [ucrtbase.dll+0x37b0]
C  [KERNEL32.DLL+0x2e8d7]
C  [ntdll.dll+0x8c53c]


---------------  P R O C E S S  ---------------

Threads class SMR info:
_java_thread_list=0x00000202127fd500, length=41, elements={
0x00000201b21accf0, 0x00000201b20987e0, 0x00000201b209bc60, 0x00000201b209f7c0,
0x00000201b20a0410, 0x00000201b20a2f70, 0x00000201b20a39c0, 0x00000201b20a6c00,
0x00000201b2123bf0, 0x00000201b22189a0, 0x000002020a9f8840, 0x000002020f7e5d90,
0x000002020f54b390, 0x000002020f3222c0, 0x000002020f305620, 0x000002020f9b7d40,
0x000002020f73c7d0, 0x000002020f9226a0, 0x000002020f9205d0, 0x000002020f920c60,
0x000002020f921980, 0x000002020f922010, 0x000002020f922d30, 0x000002020a96c830,
0x000002020a96dbe0, 0x000002020a96e270, 0x000002020a96fcb0, 0x000002020a96d550,
0x000002020a96f620, 0x000002020a96ef90, 0x0000020212fb8bf0, 0x0000020212fb9fa0,
0x0000020212fb9910, 0x0000020212fb71b0, 0x0000020212fb6b20, 0x0000020212fba630,
0x0000020212fbacc0, 0x0000020212fb7840, 0x0000020212fb9280, 0x0000020212fbb350,
0x0000020212fbb9e0
}

Java Threads: ( => current thread )
  0x00000201b21accf0 JavaThread "main"                              [_thread_blocked, id=13916, stack(0x000000bc0e900000,0x000000bc0ea00000) (1024K)]
  0x00000201b20987e0 JavaThread "Reference Handler"          daemon [_thread_blocked, id=24288, stack(0x000000bc0ed00000,0x000000bc0ee00000) (1024K)]
  0x00000201b209bc60 JavaThread "Finalizer"                  daemon [_thread_blocked, id=38368, stack(0x000000bc0ee00000,0x000000bc0ef00000) (1024K)]
  0x00000201b209f7c0 JavaThread "Signal Dispatcher"          daemon [_thread_blocked, id=37248, stack(0x000000bc0ef00000,0x000000bc0f000000) (1024K)]
  0x00000201b20a0410 JavaThread "Attach Listener"            daemon [_thread_blocked, id=13192, stack(0x000000bc0f000000,0x000000bc0f100000) (1024K)]
  0x00000201b20a2f70 JavaThread "Service Thread"             daemon [_thread_blocked, id=6736, stack(0x000000bc0f100000,0x000000bc0f200000) (1024K)]
  0x00000201b20a39c0 JavaThread "Monitor Deflation Thread"   daemon [_thread_blocked, id=40860, stack(0x000000bc0f200000,0x000000bc0f300000) (1024K)]
=>0x00000201b20a6c00 JavaThread "C2 CompilerThread0"         daemon [_thread_in_native, id=17564, stack(0x000000bc0f300000,0x000000bc0f400000) (1024K)]
  0x00000201b2123bf0 JavaThread "C1 CompilerThread0"         daemon [_thread_blocked, id=2436, stack(0x000000bc0f400000,0x000000bc0f500000) (1024K)]
  0x00000201b22189a0 JavaThread "Common-Cleaner"             daemon [_thread_blocked, id=41380, stack(0x000000bc0f500000,0x000000bc0f600000) (1024K)]
  0x000002020a9f8840 JavaThread "Notification Thread"        daemon [_thread_blocked, id=6780, stack(0x000000bc0f600000,0x000000bc0f700000) (1024K)]
  0x000002020f7e5d90 JavaThread "Active Thread: Equinox Container: d6b7ff44-8622-4d6e-a78e-dfb8e7619ff4"        [_thread_blocked, id=40104, stack(0x000000bc0fb00000,0x000000bc0fc00000) (1024K)]
  0x000002020f54b390 JavaThread "Refresh Thread: Equinox Container: d6b7ff44-8622-4d6e-a78e-dfb8e7619ff4" daemon [_thread_blocked, id=16336, stack(0x000000bc0f700000,0x000000bc0f800000) (1024K)]
  0x000002020f3222c0 JavaThread "Framework Event Dispatcher: Equinox Container: d6b7ff44-8622-4d6e-a78e-dfb8e7619ff4" daemon [_thread_blocked, id=35548, stack(0x000000bc0fc00000,0x000000bc0fd00000) (1024K)]
  0x000002020f305620 JavaThread "Start Level: Equinox Container: d6b7ff44-8622-4d6e-a78e-dfb8e7619ff4" daemon [_thread_blocked, id=39720, stack(0x000000bc0fd00000,0x000000bc0fe00000) (1024K)]
  0x000002020f9b7d40 JavaThread "Bundle File Closer"         daemon [_thread_blocked, id=41232, stack(0x000000bc0ff00000,0x000000bc10000000) (1024K)]
  0x000002020f73c7d0 JavaThread "SCR Component Actor"        daemon [_thread_blocked, id=27836, stack(0x000000bc10000000,0x000000bc10100000) (1024K)]
  0x000002020f9226a0 JavaThread "Worker-JM"                         [_thread_blocked, id=4108, stack(0x000000bc10100000,0x000000bc10200000) (1024K)]
  0x000002020f9205d0 JavaThread "JNA Cleaner"                daemon [_thread_blocked, id=6496, stack(0x000000bc0fe00000,0x000000bc0ff00000) (1024K)]
  0x000002020f920c60 JavaThread "Worker-0"                          [_thread_blocked, id=36768, stack(0x000000bc10200000,0x000000bc10300000) (1024K)]
  0x000002020f921980 JavaThread "Worker-2: Initialize Workspace"        [_thread_blocked, id=16004, stack(0x000000bc10400000,0x000000bc10500000) (1024K)]
  0x000002020f922010 JavaThread "Java indexing"              daemon [_thread_blocked, id=35904, stack(0x000000bc10700000,0x000000bc10800000) (1024K)]
  0x000002020f922d30 JavaThread "Worker-4"                          [_thread_blocked, id=35216, stack(0x000000bc10800000,0x000000bc10900000) (1024K)]
  0x000002020a96c830 JavaThread "Thread-1"                   daemon [_thread_in_native, id=36688, stack(0x000000bc10c00000,0x000000bc10d00000) (1024K)]
  0x000002020a96dbe0 JavaThread "Thread-2"                   daemon [_thread_in_native, id=6940, stack(0x000000bc10d00000,0x000000bc10e00000) (1024K)]
  0x000002020a96e270 JavaThread "Thread-3"                   daemon [_thread_in_native, id=7524, stack(0x000000bc10e00000,0x000000bc10f00000) (1024K)]
  0x000002020a96fcb0 JavaThread "Thread-4"                   daemon [_thread_in_native, id=15192, stack(0x000000bc10f00000,0x000000bc11000000) (1024K)]
  0x000002020a96d550 JavaThread "Thread-5"                   daemon [_thread_in_native, id=4880, stack(0x000000bc11000000,0x000000bc11100000) (1024K)]
  0x000002020a96f620 JavaThread "pool-2-thread-1"                   [_thread_blocked, id=2808, stack(0x000000bc11100000,0x000000bc11200000) (1024K)]
  0x000002020a96ef90 JavaThread "WorkspaceEventsHandler"            [_thread_blocked, id=33484, stack(0x000000bc11200000,0x000000bc11300000) (1024K)]
  0x0000020212fb8bf0 JavaThread "pool-1-thread-1"                   [_thread_blocked, id=6100, stack(0x000000bc11300000,0x000000bc11400000) (1024K)]
  0x0000020212fb9fa0 JavaThread "ForkJoinPool.commonPool-worker-1" daemon [_thread_blocked, id=39308, stack(0x000000bc11400000,0x000000bc11500000) (1024K)]
  0x0000020212fb9910 JavaThread "ForkJoinPool.commonPool-worker-3" daemon [_thread_blocked, id=36128, stack(0x000000bc11600000,0x000000bc11700000) (1024K)]
  0x0000020212fb71b0 JavaThread "LocalFile Deleter"          daemon [_thread_blocked, id=34564, stack(0x000000bc0e800000,0x000000bc0e900000) (1024K)]
  0x0000020212fb6b20 JavaThread "LocalFile Deleter"          daemon [_thread_blocked, id=41384, stack(0x000000bc10300000,0x000000bc10400000) (1024K)]
  0x0000020212fba630 JavaThread "LocalFile Deleter"          daemon [_thread_blocked, id=33256, stack(0x000000bc10500000,0x000000bc10600000) (1024K)]
  0x0000020212fbacc0 JavaThread "LocalFile Deleter"          daemon [_thread_blocked, id=39192, stack(0x000000bc10600000,0x000000bc10700000) (1024K)]
  0x0000020212fb7840 JavaThread "Timer-0"                           [_thread_blocked, id=14820, stack(0x000000bc0e700000,0x000000bc0e800000) (1024K)]
  0x0000020212fb9280 JavaThread "Worker-6"                          [_thread_blocked, id=41328, stack(0x000000bc10b00000,0x000000bc10c00000) (1024K)]
  0x0000020212fbb350 JavaThread "Worker-7"                          [_thread_blocked, id=15448, stack(0x000000bc11500000,0x000000bc11600000) (1024K)]
  0x0000020212fbb9e0 JavaThread "Connection worker"                 [_thread_in_vm, id=4632, stack(0x000000bc11700000,0x000000bc11800000) (1024K)]
Total: 41

Other Threads:
  0x00000201b226b650 VMThread "VM Thread"                           [id=34908, stack(0x000000bc0ec00000,0x000000bc0ed00000) (1024K)]
  0x00000201b203ca00 WatcherThread "VM Periodic Task Thread"        [id=13852, stack(0x000000bc0eb00000,0x000000bc0ec00000) (1024K)]
  0x00000201b21caf20 WorkerThread "GC Thread#0"                     [id=10184, stack(0x000000bc0ea00000,0x000000bc0eb00000) (1024K)]
  0x000002020f4cc9a0 WorkerThread "GC Thread#1"                     [id=22796, stack(0x000000bc0f800000,0x000000bc0f900000) (1024K)]
  0x000002020aa43a20 WorkerThread "GC Thread#2"                     [id=36272, stack(0x000000bc0f900000,0x000000bc0fa00000) (1024K)]
  0x000002020aa441d0 WorkerThread "GC Thread#3"                     [id=23528, stack(0x000000bc0fa00000,0x000000bc0fb00000) (1024K)]
Total: 6

Threads with active compile tasks:
C2 CompilerThread0  98291 7972   !   4       java.net.URL::<init> (543 bytes)
Total: 1

VM state: not at safepoint (normal execution)

VM Mutex/Monitor currently owned by a thread: None

Heap address: 0x0000000080000000, size: 2048 MB, Compressed Oops mode: 32-bit

CDS archive(s) mapped at: [0x00000201c9000000-0x00000201c9ba0000-0x00000201c9ba0000), size 12189696, SharedBaseAddress: 0x00000201c9000000, ArchiveRelocationMode: 1.
Compressed class space mapped at: 0x00000201ca000000-0x000002020a000000, reserved size: 1073741824
Narrow klass base: 0x00000201c9000000, Narrow klass shift: 0, Narrow klass range: 0x100000000

GC Precious Log:
 CardTable entry size: 512
 CPUs: 4 total, 4 available
 Memory: 8061M
 Large Page Support: Disabled
 NUMA Support: Disabled
 Compressed Oops: Enabled (32-bit)
 Alignments: Space 512K, Generation 512K, Heap 2M
 Heap Min Capacity: 100M
 Heap Initial Capacity: 100M
 Heap Max Capacity: 2G
 Pre-touch: Disabled
 Parallel Workers: 4

Heap:
 PSYoungGen      total 17920K, used 10462K [0x00000000d5580000, 0x00000000d6880000, 0x0000000100000000)
  eden space 17408K, 57% used [0x00000000d5580000,0x00000000d5f3f8f8,0x00000000d6680000)
  from space 512K, 93% used [0x00000000d6800000,0x00000000d6878010,0x00000000d6880000)
  to   space 1024K, 0% used [0x00000000d6680000,0x00000000d6680000,0x00000000d6780000)
 ParOldGen       total 68608K, used 57354K [0x0000000080000000, 0x0000000084300000, 0x00000000d5580000)
  object space 68608K, 83% used [0x0000000080000000,0x0000000083802918,0x0000000084300000)
 Metaspace       used 55080K, committed 56256K, reserved 1114112K
  class space    used 6318K, committed 6848K, reserved 1048576K

Card table byte_map: [0x00000201b1b50000,0x00000201b1f60000] _byte_map_base: 0x00000201b1750000

Marking Bits: (ParMarkBitMap*) 0x00007ffeb2b3a340
 Begin Bits: [0x00000201c4650000, 0x00000201c6650000)
 End Bits:   [0x00000201c6650000, 0x00000201c8650000)

Polling page: 0x00000201b0040000

Metaspace:

Usage:
  Non-class:     47.62 MB used.
      Class:      6.17 MB used.
       Both:     53.79 MB used.

Virtual space:
  Non-class space:       64.00 MB reserved,      48.25 MB ( 75%) committed,  1 nodes.
      Class space:        1.00 GB reserved,       6.69 MB ( <1%) committed,  1 nodes.
             Both:        1.06 GB reserved,      54.94 MB (  5%) committed. 

Chunk freelists:
   Non-Class:  15.39 MB
       Class:  9.33 MB
        Both:  24.72 MB

MaxMetaspaceSize: unlimited
CompressedClassSpaceSize: 1.00 GB
Initial GC threshold: 21.00 MB
Current GC threshold: 58.38 MB
CDS: on
 - commit_granule_bytes: 65536.
 - commit_granule_words: 8192.
 - virtual_space_node_default_size: 8388608.
 - enlarge_chunks_in_place: 1.
 - use_allocation_guard: 0.


Internal statistics:

num_allocs_failed_limit: 6.
num_arena_births: 936.
num_arena_deaths: 14.
num_vsnodes_births: 2.
num_vsnodes_deaths: 0.
num_space_committed: 879.
num_space_uncommitted: 0.
num_chunks_returned_to_freelist: 20.
num_chunks_taken_from_freelist: 3341.
num_chunk_merges: 8.
num_chunk_splits: 2118.
num_chunks_enlarged: 1304.
num_inconsistent_stats: 0.

CodeHeap 'non-profiled nmethods': size=120000Kb used=4904Kb max_used=4904Kb free=115095Kb
 bounds [0x00000201bce70000, 0x00000201bd340000, 0x00000201c43a0000]
CodeHeap 'profiled nmethods': size=120000Kb used=15520Kb max_used=15520Kb free=104479Kb
 bounds [0x00000201b53a0000, 0x00000201b62d0000, 0x00000201bc8d0000]
CodeHeap 'non-nmethods': size=5760Kb used=1381Kb max_used=1459Kb free=4378Kb
 bounds [0x00000201bc8d0000, 0x00000201bcb40000, 0x00000201bce70000]
CodeCache: size=245760Kb, used=21805Kb, max_used=21883Kb, free=223952Kb
 total_blobs=8071, nmethods=7388, adapters=589, full_count=0
Compilation: enabled, stopped_count=0, restarted_count=0

Compilation events (20 events):
Event: 98.014 Thread 0x00000201b2123bf0 7968   !   3       java.lang.reflect.Proxy$ProxyBuilder::ensureVisible (65 bytes)
Event: 98.015 Thread 0x00000201b20a6c00 nmethod 7958 0x00000201bd337a10 code [0x00000201bd337c80, 0x00000201bd338778]
Event: 98.015 Thread 0x00000201b20a6c00 7963       4       jdk.internal.org.objectweb.asm.MethodWriter::visitInsn (115 bytes)
Event: 98.016 Thread 0x00000201b2123bf0 nmethod 7968 0x00000201b62c3310 code [0x00000201b62c35c0, 0x00000201b62c3fe8]
Event: 98.028 Thread 0x00000201b20a6c00 nmethod 7963 0x00000201bd338f10 code [0x00000201bd3390e0, 0x00000201bd339538]
Event: 98.028 Thread 0x00000201b20a6c00 7969       4       jdk.internal.org.objectweb.asm.Label::resolve (219 bytes)
Event: 98.034 Thread 0x00000201b20a6c00 nmethod 7969 0x00000201bd339890 code [0x00000201bd339a20, 0x00000201bd339cc8]
Event: 98.042 Thread 0x00000201b2123bf0 7970       1       java.lang.reflect.Method::getMethodAccessor (5 bytes)
Event: 98.043 Thread 0x00000201b2123bf0 nmethod 7970 0x00000201bd339e90 code [0x00000201bd33a020, 0x00000201bd33a0e8]
Event: 98.043 Thread 0x00000201b2123bf0 7971       3       java.lang.reflect.Method::setMethodAccessor (20 bytes)
Event: 98.043 Thread 0x00000201b2123bf0 nmethod 7971 0x00000201b62c4490 code [0x00000201b62c4640, 0x00000201b62c4880]
Event: 98.083 Thread 0x00000201b20a6c00 7972   !   4       java.net.URL::<init> (543 bytes)
Event: 98.141 Thread 0x00000201b2123bf0 7975       3       java.lang.invoke.Invokers::cachedInvoker (7 bytes)
Event: 98.141 Thread 0x00000201b2123bf0 nmethod 7975 0x00000201b62c4990 code [0x00000201b62c4b20, 0x00000201b62c4c58]
Event: 98.166 Thread 0x00000201b2123bf0 7976       3       java.lang.invoke.MethodHandles$Lookup::getDirectConstructor (10 bytes)
Event: 98.166 Thread 0x00000201b2123bf0 nmethod 7976 0x00000201b62c4d10 code [0x00000201b62c4ec0, 0x00000201b62c5000]
Event: 98.167 Thread 0x00000201b2123bf0 7977       3       java.lang.invoke.Invokers::basicInvoker (103 bytes)
Event: 98.169 Thread 0x00000201b2123bf0 nmethod 7977 0x00000201b62c5090 code [0x00000201b62c5340, 0x00000201b62c5cf0]
Event: 98.183 Thread 0x00000201b2123bf0 7978       3       java.lang.invoke.MethodHandles$Lookup::findConstructor (61 bytes)
Event: 98.183 Thread 0x00000201b2123bf0 nmethod 7978 0x00000201b62c6190 code [0x00000201b62c6400, 0x00000201b62c6bb0]

GC Heap History (20 events):
Event: 88.997 GC heap before
{Heap before GC invocations=27 (full 2):
 PSYoungGen      total 19456K, used 19044K [0x00000000d5580000, 0x00000000d6b00000, 0x0000000100000000)
  eden space 17408K, 100% used [0x00000000d5580000,0x00000000d6680000,0x00000000d6680000)
  from space 2048K, 79% used [0x00000000d6900000,0x00000000d6a99000,0x00000000d6b00000)
  to   space 2048K, 0% used [0x00000000d6680000,0x00000000d6680000,0x00000000d6880000)
 ParOldGen       total 68608K, used 36479K [0x0000000080000000, 0x0000000084300000, 0x00000000d5580000)
  object space 68608K, 53% used [0x0000000080000000,0x000000008239fec8,0x0000000084300000)
 Metaspace       used 48450K, committed 49664K, reserved 1114112K
  class space    used 5226K, committed 5760K, reserved 1048576K
}
Event: 89.004 GC heap after
{Heap after GC invocations=27 (full 2):
 PSYoungGen      total 19456K, used 1536K [0x00000000d5580000, 0x00000000d6a80000, 0x0000000100000000)
  eden space 17408K, 0% used [0x00000000d5580000,0x00000000d5580000,0x00000000d6680000)
  from space 2048K, 75% used [0x00000000d6680000,0x00000000d6800000,0x00000000d6880000)
  to   space 2048K, 0% used [0x00000000d6880000,0x00000000d6880000,0x00000000d6a80000)
 ParOldGen       total 68608K, used 38047K [0x0000000080000000, 0x0000000084300000, 0x00000000d5580000)
  object space 68608K, 55% used [0x0000000080000000,0x0000000082527fc8,0x0000000084300000)
 Metaspace       used 48450K, committed 49664K, reserved 1114112K
  class space    used 5226K, committed 5760K, reserved 1048576K
}
Event: 89.635 GC heap before
{Heap before GC invocations=28 (full 2):
 PSYoungGen      total 19456K, used 18944K [0x00000000d5580000, 0x00000000d6a80000, 0x0000000100000000)
  eden space 17408K, 100% used [0x00000000d5580000,0x00000000d6680000,0x00000000d6680000)
  from space 2048K, 75% used [0x00000000d6680000,0x00000000d6800000,0x00000000d6880000)
  to   space 2048K, 0% used [0x00000000d6880000,0x00000000d6880000,0x00000000d6a80000)
 ParOldGen       total 68608K, used 38047K [0x0000000080000000, 0x0000000084300000, 0x00000000d5580000)
  object space 68608K, 55% used [0x0000000080000000,0x0000000082527fc8,0x0000000084300000)
 Metaspace       used 48484K, committed 49664K, reserved 1114112K
  class space    used 5229K, committed 5760K, reserved 1048576K
}
Event: 89.640 GC heap after
{Heap after GC invocations=28 (full 2):
 PSYoungGen      total 19456K, used 1792K [0x00000000d5580000, 0x00000000d6a80000, 0x0000000100000000)
  eden space 17408K, 0% used [0x00000000d5580000,0x00000000d5580000,0x00000000d6680000)
  from space 2048K, 87% used [0x00000000d6880000,0x00000000d6a40010,0x00000000d6a80000)
  to   space 2048K, 0% used [0x00000000d6680000,0x00000000d6680000,0x00000000d6880000)
 ParOldGen       total 68608K, used 39455K [0x0000000080000000, 0x0000000084300000, 0x00000000d5580000)
  object space 68608K, 57% used [0x0000000080000000,0x0000000082687fc8,0x0000000084300000)
 Metaspace       used 48484K, committed 49664K, reserved 1114112K
  class space    used 5229K, committed 5760K, reserved 1048576K
}
Event: 89.970 GC heap before
{Heap before GC invocations=29 (full 2):
 PSYoungGen      total 19456K, used 19200K [0x00000000d5580000, 0x00000000d6a80000, 0x0000000100000000)
  eden space 17408K, 100% used [0x00000000d5580000,0x00000000d6680000,0x00000000d6680000)
  from space 2048K, 87% used [0x00000000d6880000,0x00000000d6a40010,0x00000000d6a80000)
  to   space 2048K, 0% used [0x00000000d6680000,0x00000000d6680000,0x00000000d6880000)
 ParOldGen       total 68608K, used 39455K [0x0000000080000000, 0x0000000084300000, 0x00000000d5580000)
  object space 68608K, 57% used [0x0000000080000000,0x0000000082687fc8,0x0000000084300000)
 Metaspace       used 48505K, committed 49664K, reserved 1114112K
  class space    used 5229K, committed 5760K, reserved 1048576K
}
Event: 89.974 GC heap after
{Heap after GC invocations=29 (full 2):
 PSYoungGen      total 19456K, used 1496K [0x00000000d5580000, 0x00000000d6a80000, 0x0000000100000000)
  eden space 17408K, 0% used [0x00000000d5580000,0x00000000d5580000,0x00000000d6680000)
  from space 2048K, 73% used [0x00000000d6680000,0x00000000d67f6200,0x00000000d6880000)
  to   space 2048K, 0% used [0x00000000d6880000,0x00000000d6880000,0x00000000d6a80000)
 ParOldGen       total 68608K, used 41183K [0x0000000080000000, 0x0000000084300000, 0x00000000d5580000)
  object space 68608K, 60% used [0x0000000080000000,0x0000000082837fd8,0x0000000084300000)
 Metaspace       used 48505K, committed 49664K, reserved 1114112K
  class space    used 5229K, committed 5760K, reserved 1048576K
}
Event: 91.638 GC heap before
{Heap before GC invocations=30 (full 2):
 PSYoungGen      total 19456K, used 18904K [0x00000000d5580000, 0x00000000d6a80000, 0x0000000100000000)
  eden space 17408K, 100% used [0x00000000d5580000,0x00000000d6680000,0x00000000d6680000)
  from space 2048K, 73% used [0x00000000d6680000,0x00000000d67f6200,0x00000000d6880000)
  to   space 2048K, 0% used [0x00000000d6880000,0x00000000d6880000,0x00000000d6a80000)
 ParOldGen       total 68608K, used 41183K [0x0000000080000000, 0x0000000084300000, 0x00000000d5580000)
  object space 68608K, 60% used [0x0000000080000000,0x0000000082837fd8,0x0000000084300000)
 Metaspace       used 48814K, committed 49920K, reserved 1114112K
  class space    used 5259K, committed 5760K, reserved 1048576K
}
Event: 91.648 GC heap after
{Heap after GC invocations=30 (full 2):
 PSYoungGen      total 18432K, used 768K [0x00000000d5580000, 0x00000000d6980000, 0x0000000100000000)
  eden space 17408K, 0% used [0x00000000d5580000,0x00000000d5580000,0x00000000d6680000)
  from space 1024K, 75% used [0x00000000d6880000,0x00000000d6940000,0x00000000d6980000)
  to   space 1536K, 0% used [0x00000000d6680000,0x00000000d6680000,0x00000000d6800000)
 ParOldGen       total 68608K, used 42632K [0x0000000080000000, 0x0000000084300000, 0x00000000d5580000)
  object space 68608K, 62% used [0x0000000080000000,0x00000000829a21d8,0x0000000084300000)
 Metaspace       used 48814K, committed 49920K, reserved 1114112K
  class space    used 5259K, committed 5760K, reserved 1048576K
}
Event: 92.583 GC heap before
{Heap before GC invocations=31 (full 2):
 PSYoungGen      total 18432K, used 17951K [0x00000000d5580000, 0x00000000d6980000, 0x0000000100000000)
  eden space 17408K, 98% used [0x00000000d5580000,0x00000000d6647fc0,0x00000000d6680000)
  from space 1024K, 75% used [0x00000000d6880000,0x00000000d6940000,0x00000000d6980000)
  to   space 1536K, 0% used [0x00000000d6680000,0x00000000d6680000,0x00000000d6800000)
 ParOldGen       total 68608K, used 43413K [0x0000000080000000, 0x0000000084300000, 0x00000000d5580000)
  object space 68608K, 63% used [0x0000000080000000,0x0000000082a656e8,0x0000000084300000)
 Metaspace       used 50314K, committed 51456K, reserved 1114112K
  class space    used 5506K, committed 6016K, reserved 1048576K
}
Event: 92.587 GC heap after
{Heap after GC invocations=31 (full 2):
 PSYoungGen      total 18944K, used 384K [0x00000000d5580000, 0x00000000d6900000, 0x0000000100000000)
  eden space 17408K, 0% used [0x00000000d5580000,0x00000000d5580000,0x00000000d6680000)
  from space 1536K, 25% used [0x00000000d6680000,0x00000000d66e0000,0x00000000d6800000)
  to   space 1024K, 0% used [0x00000000d6800000,0x00000000d6800000,0x00000000d6900000)
 ParOldGen       total 68608K, used 44141K [0x0000000080000000, 0x0000000084300000, 0x00000000d5580000)
  object space 68608K, 64% used [0x0000000080000000,0x0000000082b1b6e8,0x0000000084300000)
 Metaspace       used 50314K, committed 51456K, reserved 1114112K
  class space    used 5506K, committed 6016K, reserved 1048576K
}
Event: 94.075 GC heap before
{Heap before GC invocations=32 (full 2):
 PSYoungGen      total 18944K, used 17792K [0x00000000d5580000, 0x00000000d6900000, 0x0000000100000000)
  eden space 17408K, 100% used [0x00000000d5580000,0x00000000d6680000,0x00000000d6680000)
  from space 1536K, 25% used [0x00000000d6680000,0x00000000d66e0000,0x00000000d6800000)
  to   space 1024K, 0% used [0x00000000d6800000,0x00000000d6800000,0x00000000d6900000)
 ParOldGen       total 68608K, used 44147K [0x0000000080000000, 0x0000000084300000, 0x00000000d5580000)
  object space 68608K, 64% used [0x0000000080000000,0x0000000082b1cf40,0x0000000084300000)
 Metaspace       used 51227K, committed 52352K, reserved 1114112K
  class space    used 5656K, committed 6144K, reserved 1048576K
}
Event: 94.115 GC heap after
{Heap after GC invocations=32 (full 2):
 PSYoungGen      total 18432K, used 1022K [0x00000000d5580000, 0x00000000d6900000, 0x0000000100000000)
  eden space 17408K, 0% used [0x00000000d5580000,0x00000000d5580000,0x00000000d6680000)
  from space 1024K, 99% used [0x00000000d6800000,0x00000000d68ffb68,0x00000000d6900000)
  to   space 1536K, 0% used [0x00000000d6680000,0x00000000d6680000,0x00000000d6800000)
 ParOldGen       total 68608K, used 51453K [0x0000000080000000, 0x0000000084300000, 0x00000000d5580000)
  object space 68608K, 74% used [0x0000000080000000,0x000000008323f4f0,0x0000000084300000)
 Metaspace       used 51227K, committed 52352K, reserved 1114112K
  class space    used 5656K, committed 6144K, reserved 1048576K
}
Event: 95.247 GC heap before
{Heap before GC invocations=33 (full 2):
 PSYoungGen      total 18432K, used 18430K [0x00000000d5580000, 0x00000000d6900000, 0x0000000100000000)
  eden space 17408K, 100% used [0x00000000d5580000,0x00000000d6680000,0x00000000d6680000)
  from space 1024K, 99% used [0x00000000d6800000,0x00000000d68ffb68,0x00000000d6900000)
  to   space 1536K, 0% used [0x00000000d6680000,0x00000000d6680000,0x00000000d6800000)
 ParOldGen       total 68608K, used 51453K [0x0000000080000000, 0x0000000084300000, 0x00000000d5580000)
  object space 68608K, 74% used [0x0000000080000000,0x000000008323f4f0,0x0000000084300000)
 Metaspace       used 52659K, committed 53824K, reserved 1114112K
  class space    used 5913K, committed 6464K, reserved 1048576K
}
Event: 95.267 GC heap after
{Heap after GC invocations=33 (full 2):
 PSYoungGen      total 18944K, used 576K [0x00000000d5580000, 0x00000000d6900000, 0x0000000100000000)
  eden space 17408K, 0% used [0x00000000d5580000,0x00000000d5580000,0x00000000d6680000)
  from space 1536K, 37% used [0x00000000d6680000,0x00000000d6710000,0x00000000d6800000)
  to   space 1024K, 0% used [0x00000000d6800000,0x00000000d6800000,0x00000000d6900000)
 ParOldGen       total 68608K, used 52447K [0x0000000080000000, 0x0000000084300000, 0x00000000d5580000)
  object space 68608K, 76% used [0x0000000080000000,0x0000000083337c48,0x0000000084300000)
 Metaspace       used 52659K, committed 53824K, reserved 1114112K
  class space    used 5913K, committed 6464K, reserved 1048576K
}
Event: 96.237 GC heap before
{Heap before GC invocations=34 (full 2):
 PSYoungGen      total 18944K, used 17984K [0x00000000d5580000, 0x00000000d6900000, 0x0000000100000000)
  eden space 17408K, 100% used [0x00000000d5580000,0x00000000d6680000,0x00000000d6680000)
  from space 1536K, 37% used [0x00000000d6680000,0x00000000d6710000,0x00000000d6800000)
  to   space 1024K, 0% used [0x00000000d6800000,0x00000000d6800000,0x00000000d6900000)
 ParOldGen       total 68608K, used 52447K [0x0000000080000000, 0x0000000084300000, 0x00000000d5580000)
  object space 68608K, 76% used [0x0000000080000000,0x0000000083337c48,0x0000000084300000)
 Metaspace       used 52999K, committed 54144K, reserved 1114112K
  class space    used 5953K, committed 6464K, reserved 1048576K
}
Event: 96.239 GC heap after
{Heap after GC invocations=34 (full 2):
 PSYoungGen      total 17920K, used 416K [0x00000000d5580000, 0x00000000d6880000, 0x0000000100000000)
  eden space 17408K, 0% used [0x00000000d5580000,0x00000000d5580000,0x00000000d6680000)
  from space 512K, 81% used [0x00000000d6800000,0x00000000d6868000,0x00000000d6880000)
  to   space 1024K, 0% used [0x00000000d6680000,0x00000000d6680000,0x00000000d6780000)
 ParOldGen       total 68608K, used 52963K [0x0000000080000000, 0x0000000084300000, 0x00000000d5580000)
  object space 68608K, 77% used [0x0000000080000000,0x00000000833b8c68,0x0000000084300000)
 Metaspace       used 52999K, committed 54144K, reserved 1114112K
  class space    used 5953K, committed 6464K, reserved 1048576K
}
Event: 96.972 GC heap before
{Heap before GC invocations=35 (full 2):
 PSYoungGen      total 17920K, used 17824K [0x00000000d5580000, 0x00000000d6880000, 0x0000000100000000)
  eden space 17408K, 100% used [0x00000000d5580000,0x00000000d6680000,0x00000000d6680000)
  from space 512K, 81% used [0x00000000d6800000,0x00000000d6868000,0x00000000d6880000)
  to   space 1024K, 0% used [0x00000000d6680000,0x00000000d6680000,0x00000000d6780000)
 ParOldGen       total 68608K, used 52963K [0x0000000080000000, 0x0000000084300000, 0x00000000d5580000)
  object space 68608K, 77% used [0x0000000080000000,0x00000000833b8c68,0x0000000084300000)
 Metaspace       used 53019K, committed 54144K, reserved 1114112K
  class space    used 5954K, committed 6464K, reserved 1048576K
}
Event: 97.148 GC heap after
{Heap after GC invocations=35 (full 2):
 PSYoungGen      total 18432K, used 1021K [0x00000000d5580000, 0x00000000d6880000, 0x0000000100000000)
  eden space 17408K, 0% used [0x00000000d5580000,0x00000000d5580000,0x00000000d6680000)
  from space 1024K, 99% used [0x00000000d6680000,0x00000000d677f6d0,0x00000000d6780000)
  to   space 512K, 0% used [0x00000000d6800000,0x00000000d6800000,0x00000000d6880000)
 ParOldGen       total 68608K, used 56210K [0x0000000080000000, 0x0000000084300000, 0x00000000d5580000)
  object space 68608K, 81% used [0x0000000080000000,0x00000000836e4880,0x0000000084300000)
 Metaspace       used 53019K, committed 54144K, reserved 1114112K
  class space    used 5954K, committed 6464K, reserved 1048576K
}
Event: 97.910 GC heap before
{Heap before GC invocations=36 (full 2):
 PSYoungGen      total 18432K, used 18429K [0x00000000d5580000, 0x00000000d6880000, 0x0000000100000000)
  eden space 17408K, 100% used [0x00000000d5580000,0x00000000d6680000,0x00000000d6680000)
  from space 1024K, 99% used [0x00000000d6680000,0x00000000d677f6d0,0x00000000d6780000)
  to   space 512K, 0% used [0x00000000d6800000,0x00000000d6800000,0x00000000d6880000)
 ParOldGen       total 68608K, used 56210K [0x0000000080000000, 0x0000000084300000, 0x00000000d5580000)
  object space 68608K, 81% used [0x0000000080000000,0x00000000836e4880,0x0000000084300000)
 Metaspace       used 53965K, committed 55104K, reserved 1114112K
  class space    used 6143K, committed 6656K, reserved 1048576K
}
Event: 97.927 GC heap after
{Heap after GC invocations=36 (full 2):
 PSYoungGen      total 17920K, used 480K [0x00000000d5580000, 0x00000000d6880000, 0x0000000100000000)
  eden space 17408K, 0% used [0x00000000d5580000,0x00000000d5580000,0x00000000d6680000)
  from space 512K, 93% used [0x00000000d6800000,0x00000000d6878010,0x00000000d6880000)
  to   space 1024K, 0% used [0x00000000d6680000,0x00000000d6680000,0x00000000d6780000)
 ParOldGen       total 68608K, used 57354K [0x0000000080000000, 0x0000000084300000, 0x00000000d5580000)
  object space 68608K, 83% used [0x0000000080000000,0x0000000083802918,0x0000000084300000)
 Metaspace       used 53965K, committed 55104K, reserved 1114112K
  class space    used 6143K, committed 6656K, reserved 1048576K
}

Dll operation events (11 events):
Event: 0.154 Loaded shared library c:\Users\sdini\.vscode\extensions\redhat.java-1.47.0-win32-x64\jre\21.0.8-win32-x86_64\bin\java.dll
Event: 0.722 Loaded shared library c:\Users\sdini\.vscode\extensions\redhat.java-1.47.0-win32-x64\jre\21.0.8-win32-x86_64\bin\zip.dll
Event: 0.789 Loaded shared library C:\Users\sdini\.vscode\extensions\redhat.java-1.47.0-win32-x64\jre\21.0.8-win32-x86_64\bin\instrument.dll
Event: 0.799 Loaded shared library C:\Users\sdini\.vscode\extensions\redhat.java-1.47.0-win32-x64\jre\21.0.8-win32-x86_64\bin\net.dll
Event: 0.802 Loaded shared library C:\Users\sdini\.vscode\extensions\redhat.java-1.47.0-win32-x64\jre\21.0.8-win32-x86_64\bin\nio.dll
Event: 0.810 Loaded shared library C:\Users\sdini\.vscode\extensions\redhat.java-1.47.0-win32-x64\jre\21.0.8-win32-x86_64\bin\zip.dll
Event: 0.913 Loaded shared library C:\Users\sdini\.vscode\extensions\redhat.java-1.47.0-win32-x64\jre\21.0.8-win32-x86_64\bin\jimage.dll
Event: 1.196 Loaded shared library c:\Users\sdini\.vscode\extensions\redhat.java-1.47.0-win32-x64\jre\21.0.8-win32-x86_64\bin\verify.dll
Event: 4.839 Loaded shared library C:\Users\sdini\AppData\Roaming\Code\User\globalStorage\redhat.java\1.47.0\config_win\org.eclipse.equinox.launcher\org.eclipse.equinox.launcher.win32.win32.x86_64_1.2.1400.v20250801-0854\eclipse_11916.dll
Event: 12.334 Loaded shared library C:\Users\sdini\AppData\Local\Temp\jna-109288435\jna4622979155282985655.dll
Event: 94.627 Loaded shared library C:\Users\sdini\.gradle\native\c067742578af261105cb4f569cf0c3c89f3d7b1fecec35dd04571415982c5e48\windows-amd64\native-platform.dll

Deoptimization events (20 events):
Event: 95.377 Thread 0x0000020212fbb9e0 Uncommon trap: trap_request=0xffffff45 fr.pc=0x00000201bd19dc2c relative=0x000000000000020c
Event: 95.377 Thread 0x0000020212fbb9e0 Uncommon trap: reason=unstable_if action=reinterpret pc=0x00000201bd19dc2c method=java.util.regex.Pattern.RemoveQEQuoting()V @ 41 c2
Event: 95.377 Thread 0x0000020212fbb9e0 DEOPT PACKING pc=0x00000201bd19dc2c sp=0x000000bc117fcce0
Event: 95.377 Thread 0x0000020212fbb9e0 DEOPT UNPACKING pc=0x00000201bc923aa2 sp=0x000000bc117fcc40 mode 2
Event: 96.632 Thread 0x0000020212fbb9e0 Uncommon trap: trap_request=0xffffffde fr.pc=0x00000201bd31a8a0 relative=0x0000000000000e40
Event: 96.632 Thread 0x0000020212fbb9e0 Uncommon trap: reason=class_check action=maybe_recompile pc=0x00000201bd31a8a0 method=java.util.HashMap.putVal(ILjava/lang/Object;Ljava/lang/Object;ZZ)Ljava/lang/Object; @ 203 c2
Event: 96.632 Thread 0x0000020212fbb9e0 DEOPT PACKING pc=0x00000201bd31a8a0 sp=0x000000bc117fcfc0
Event: 96.632 Thread 0x0000020212fbb9e0 DEOPT UNPACKING pc=0x00000201bc923aa2 sp=0x000000bc117fce48 mode 2
Event: 96.634 Thread 0x0000020212fbb9e0 Uncommon trap: trap_request=0xffffffde fr.pc=0x00000201bd31a8a0 relative=0x0000000000000e40
Event: 96.634 Thread 0x0000020212fbb9e0 Uncommon trap: reason=class_check action=maybe_recompile pc=0x00000201bd31a8a0 method=java.util.HashMap.putVal(ILjava/lang/Object;Ljava/lang/Object;ZZ)Ljava/lang/Object; @ 203 c2
Event: 96.634 Thread 0x0000020212fbb9e0 DEOPT PACKING pc=0x00000201bd31a8a0 sp=0x000000bc117fcfc0
Event: 96.634 Thread 0x0000020212fbb9e0 DEOPT UNPACKING pc=0x00000201bc923aa2 sp=0x000000bc117fce48 mode 2
Event: 96.910 Thread 0x0000020212fbb9e0 Uncommon trap: trap_request=0x00000091 fr.pc=0x00000201bd2f2844 relative=0x00000000000001e4
Event: 96.910 Thread 0x0000020212fbb9e0 Uncommon trap: reason=unloaded action=reinterpret pc=0x00000201bd2f2844 method=java.security.AccessController.wrapException(Ljava/lang/Exception;)Ljava/security/PrivilegedActionException; @ 0 c2
Event: 96.910 Thread 0x0000020212fbb9e0 DEOPT PACKING pc=0x00000201bd2f2844 sp=0x000000bc117fc9d0
Event: 96.910 Thread 0x0000020212fbb9e0 DEOPT UNPACKING pc=0x00000201bc923aa2 sp=0x000000bc117fc898 mode 2
Event: 96.910 Thread 0x0000020212fbb9e0 Uncommon trap: trap_request=0xffffffad fr.pc=0x00000201bd2fffc0 relative=0x00000000000015e0
Event: 96.910 Thread 0x0000020212fbb9e0 Uncommon trap: reason=uninitialized action=reinterpret pc=0x00000201bd2fffc0 method=jdk.internal.loader.URLClassPath.getLoader(Ljava/net/URL;)Ljdk/internal/loader/URLClassPath$Loader; @ 22 c2
Event: 96.910 Thread 0x0000020212fbb9e0 DEOPT PACKING pc=0x00000201bd2fffc0 sp=0x000000bc117fcc20
Event: 96.910 Thread 0x0000020212fbb9e0 DEOPT UNPACKING pc=0x00000201bc923aa2 sp=0x000000bc117fcb90 mode 2

Classes loaded (20 events):
Event: 92.315 Loading class java/util/concurrent/ArrayBlockingQueue
Event: 92.317 Loading class java/util/concurrent/ArrayBlockingQueue done
Event: 92.549 Loading class java/util/concurrent/ConcurrentHashMap$EntrySpliterator
Event: 92.549 Loading class java/util/concurrent/ConcurrentHashMap$EntrySpliterator done
Event: 92.582 Loading class java/util/WeakHashMap$KeyIterator
Event: 92.582 Loading class java/util/WeakHashMap$KeyIterator done
Event: 92.661 Loading class java/util/Hashtable$KeySet
Event: 92.662 Loading class java/util/Hashtable$KeySet done
Event: 92.852 Loading class java/net/HttpURLConnection
Event: 92.852 Loading class java/net/HttpURLConnection done
Event: 92.908 Loading class java/io/FileFilter
Event: 92.908 Loading class java/io/FileFilter done
Event: 93.138 Loading class java/util/concurrent/ConcurrentHashMap$ValueSpliterator
Event: 93.139 Loading class java/util/concurrent/ConcurrentHashMap$ValueSpliterator done
Event: 93.141 Loading class jdk/internal/loader/BootLoader$PackageHelper
Event: 93.228 Loading class jdk/internal/loader/BootLoader$PackageHelper done
Event: 97.278 Loading class java/lang/ProcessBuilder
Event: 97.280 Loading class java/lang/ProcessBuilder done
Event: 98.016 Loading class java/lang/FunctionalInterface
Event: 98.016 Loading class java/lang/FunctionalInterface done

Classes unloaded (7 events):
Event: 13.679 Thread 0x00000201b226b650 Unloading class 0x00000201ca1ac800 'java/lang/invoke/LambdaForm$MH+0x00000201ca1ac800'
Event: 13.679 Thread 0x00000201b226b650 Unloading class 0x00000201ca1ac400 'java/lang/invoke/LambdaForm$MH+0x00000201ca1ac400'
Event: 13.679 Thread 0x00000201b226b650 Unloading class 0x00000201ca1ac000 'java/lang/invoke/LambdaForm$MH+0x00000201ca1ac000'
Event: 13.679 Thread 0x00000201b226b650 Unloading class 0x00000201ca1abc00 'java/lang/invoke/LambdaForm$MH+0x00000201ca1abc00'
Event: 13.679 Thread 0x00000201b226b650 Unloading class 0x00000201ca1ab800 'java/lang/invoke/LambdaForm$BMH+0x00000201ca1ab800'
Event: 13.679 Thread 0x00000201b226b650 Unloading class 0x00000201ca1ab400 'java/lang/invoke/LambdaForm$DMH+0x00000201ca1ab400'
Event: 13.679 Thread 0x00000201b226b650 Unloading class 0x00000201ca1aa000 'java/lang/invoke/LambdaForm$DMH+0x00000201ca1aa000'

Classes redefined (0 events):
No events

Internal exceptions (20 events):
Event: 91.611 Thread 0x000002020f921980 Exception <a 'sun/nio/fs/WindowsException'{0x00000000d6650d90}> (0x00000000d6650d90) 
thrown [s\src\hotspot\share\prims\jni.cpp, line 520]
Event: 91.612 Thread 0x000002020f921980 Exception <a 'sun/nio/fs/WindowsException'{0x00000000d66540a0}> (0x00000000d66540a0) 
thrown [s\src\hotspot\share\prims\jni.cpp, line 520]
Event: 91.612 Thread 0x000002020f921980 Exception <a 'sun/nio/fs/WindowsException'{0x00000000d6654690}> (0x00000000d6654690) 
thrown [s\src\hotspot\share\prims\jni.cpp, line 520]
Event: 91.612 Thread 0x000002020f921980 Exception <a 'sun/nio/fs/WindowsException'{0x00000000d6654c80}> (0x00000000d6654c80) 
thrown [s\src\hotspot\share\prims\jni.cpp, line 520]
Event: 91.612 Thread 0x000002020f921980 Exception <a 'sun/nio/fs/WindowsException'{0x00000000d6655288}> (0x00000000d6655288) 
thrown [s\src\hotspot\share\prims\jni.cpp, line 520]
Event: 91.615 Thread 0x000002020f921980 Exception <a 'sun/nio/fs/WindowsException'{0x00000000d66588a0}> (0x00000000d66588a0) 
thrown [s\src\hotspot\share\prims\jni.cpp, line 520]
Event: 91.615 Thread 0x000002020f921980 Exception <a 'sun/nio/fs/WindowsException'{0x00000000d6658e90}> (0x00000000d6658e90) 
thrown [s\src\hotspot\share\prims\jni.cpp, line 520]
Event: 91.615 Thread 0x000002020f921980 Exception <a 'sun/nio/fs/WindowsException'{0x00000000d6659480}> (0x00000000d6659480) 
thrown [s\src\hotspot\share\prims\jni.cpp, line 520]
Event: 91.615 Thread 0x000002020f921980 Exception <a 'sun/nio/fs/WindowsException'{0x00000000d6659a88}> (0x00000000d6659a88) 
thrown [s\src\hotspot\share\prims\jni.cpp, line 520]
Event: 91.616 Thread 0x000002020f921980 Exception <a 'sun/nio/fs/WindowsException'{0x00000000d665d9f0}> (0x00000000d665d9f0) 
thrown [s\src\hotspot\share\prims\jni.cpp, line 520]
Event: 91.616 Thread 0x000002020f921980 Exception <a 'sun/nio/fs/WindowsException'{0x00000000d665dfe0}> (0x00000000d665dfe0) 
thrown [s\src\hotspot\share\prims\jni.cpp, line 520]
Event: 91.616 Thread 0x000002020f921980 Exception <a 'sun/nio/fs/WindowsException'{0x00000000d665e5d0}> (0x00000000d665e5d0) 
thrown [s\src\hotspot\share\prims\jni.cpp, line 520]
Event: 91.616 Thread 0x000002020f921980 Exception <a 'sun/nio/fs/WindowsException'{0x00000000d665ebd8}> (0x00000000d665ebd8) 
thrown [s\src\hotspot\share\prims\jni.cpp, line 520]
Event: 92.122 Thread 0x000002020f921980 Exception <a 'java/lang/NoSuchMethodError'{0x00000000d5c7d998}: 'java.lang.Object java.lang.invoke.DirectMethodHandle$Holder.invokeVirtual(java.lang.Object, java.lang.Object, java.lang.Object, java.lang.Object)'> (0x00000000d5c7d998) 
thrown [s\src\hotspot\share\interpreter\linkResolver.cpp, line 773]
Event: 92.126 Thread 0x000002020f921980 Exception <a 'java/lang/NoSuchMethodError'{0x00000000d5ca0088}: 'java.lang.Object java.lang.invoke.DirectMethodHandle$Holder.invokeVirtual(java.lang.Object, java.lang.Object, java.lang.Object, java.lang.Object, java.lang.Object)'> (0x00000000d5ca0088) 
thrown [s\src\hotspot\share\interpreter\linkResolver.cpp, line 773]
Event: 92.602 Thread 0x000002020f920c60 Exception <a 'java/io/FileNotFoundException'{0x00000000d55902c0}> (0x00000000d55902c0) 
thrown [s\src\hotspot\share\prims\jni.cpp, line 520]
Event: 92.603 Thread 0x000002020f920c60 Exception <a 'java/io/FileNotFoundException'{0x00000000d55912c0}> (0x00000000d55912c0) 
thrown [s\src\hotspot\share\prims\jni.cpp, line 520]
Event: 92.603 Thread 0x000002020f920c60 Exception <a 'java/io/FileNotFoundException'{0x00000000d5592018}> (0x00000000d5592018) 
thrown [s\src\hotspot\share\prims\jni.cpp, line 520]
Event: 94.569 Thread 0x0000020212fbb9e0 Exception <a 'java/lang/NoSuchMethodError'{0x00000000d5be2000}: 'java.lang.Object java.lang.invoke.DirectMethodHandle$Holder.invokeVirtual(java.lang.Object, java.lang.Object, java.lang.Object, java.lang.Object, java.lang.Object, java.lang.Object, java.lang.Object)'> (0x00000000d5be2000) 
thrown [s\src\hotspot\share\interpreter\linkResolver.cpp, line 773]
Event: 97.969 Thread 0x0000020212fbb9e0 Exception <a 'java/lang/NoSuchMethodError'{0x00000000d56b7aa8}: 'java.lang.Object java.lang.invoke.DirectMethodHandle$Holder.invokeVirtual(java.lang.Object, java.lang.Object, java.lang.Object, java.lang.Object, java.lang.Object, java.lang.Object)'> (0x00000000d56b7aa8) 
thrown [s\src\hotspot\share\interpreter\linkResolver.cpp, line 773]

ZGC Phase Switch (0 events):
No events

VM Operations (20 events):
Event: 92.556 Executing VM operation: HandshakeAllThreads (Deoptimize)
Event: 92.576 Executing VM operation: HandshakeAllThreads (Deoptimize) done
Event: 92.579 Executing VM operation: ParallelGCFailedAllocation (Allocation Failure)
Event: 92.579 Executing VM operation: ParallelGCFailedAllocation (Allocation Failure) done
Event: 92.583 Executing VM operation: ParallelGCSystemGC (GCLocker Initiated GC)
Event: 92.587 Executing VM operation: ParallelGCSystemGC (GCLocker Initiated GC) done
Event: 93.128 Executing VM operation: HandshakeAllThreads (Deoptimize)
Event: 93.128 Executing VM operation: HandshakeAllThreads (Deoptimize) done
Event: 94.075 Executing VM operation: ParallelGCFailedAllocation (Allocation Failure)
Event: 94.115 Executing VM operation: ParallelGCFailedAllocation (Allocation Failure) done
Event: 95.246 Executing VM operation: ParallelGCFailedAllocation (Allocation Failure)
Event: 95.267 Executing VM operation: ParallelGCFailedAllocation (Allocation Failure) done
Event: 96.237 Executing VM operation: ParallelGCFailedAllocation (Allocation Failure)
Event: 96.239 Executing VM operation: ParallelGCFailedAllocation (Allocation Failure) done
Event: 96.972 Executing VM operation: ParallelGCFailedAllocation (Allocation Failure)
Event: 97.148 Executing VM operation: ParallelGCFailedAllocation (Allocation Failure) done
Event: 97.910 Executing VM operation: ParallelGCFailedAllocation (Allocation Failure)
Event: 97.927 Executing VM operation: ParallelGCFailedAllocation (Allocation Failure) done
Event: 97.932 Executing VM operation: HandshakeAllThreads (Deoptimize)
Event: 97.933 Executing VM operation: HandshakeAllThreads (Deoptimize) done

Memory protections (0 events):
No events

Nmethod flushes (20 events):
Event: 16.872 Thread 0x00000201b226b650 flushing  nmethod 0x00000201b5a21610
Event: 16.872 Thread 0x00000201b226b650 flushing  nmethod 0x00000201b5a29090
Event: 16.872 Thread 0x00000201b226b650 flushing  nmethod 0x00000201b5a4a810
Event: 16.872 Thread 0x00000201b226b650 flushing  nmethod 0x00000201b5a6ec10
Event: 16.872 Thread 0x00000201b226b650 flushing  nmethod 0x00000201b5a94310
Event: 16.872 Thread 0x00000201b226b650 flushing  nmethod 0x00000201b5a94710
Event: 16.872 Thread 0x00000201b226b650 flushing  nmethod 0x00000201b5a95010
Event: 16.872 Thread 0x00000201b226b650 flushing  nmethod 0x00000201b5a96210
Event: 16.872 Thread 0x00000201b226b650 flushing  nmethod 0x00000201b5a97110
Event: 16.872 Thread 0x00000201b226b650 flushing  nmethod 0x00000201b5a98e10
Event: 16.872 Thread 0x00000201b226b650 flushing  nmethod 0x00000201b5a99710
Event: 16.872 Thread 0x00000201b226b650 flushing  nmethod 0x00000201b5a9a010
Event: 16.872 Thread 0x00000201b226b650 flushing  nmethod 0x00000201b5a9ba10
Event: 16.872 Thread 0x00000201b226b650 flushing  nmethod 0x00000201b5aa7790
Event: 16.872 Thread 0x00000201b226b650 flushing  nmethod 0x00000201b5aec390
Event: 16.872 Thread 0x00000201b226b650 flushing  nmethod 0x00000201b5aee590
Event: 16.872 Thread 0x00000201b226b650 flushing  nmethod 0x00000201b5b01e10
Event: 16.872 Thread 0x00000201b226b650 flushing  nmethod 0x00000201b5b3e110
Event: 16.872 Thread 0x00000201b226b650 flushing  nmethod 0x00000201b5b43890
Event: 16.872 Thread 0x00000201b226b650 flushing  nmethod 0x00000201b5b77e10

Events (20 events):
Event: 80.118 Thread 0x000002020f9233c0 Thread exited: 0x000002020f9233c0
Event: 81.119 Thread 0x0000020212fb9280 Thread exited: 0x0000020212fb9280
Event: 84.822 Thread 0x00000201b2123bf0 Thread added: 0x000002020f82b030
Event: 87.366 Thread 0x000002020f82b030 Thread exited: 0x000002020f82b030
Event: 88.702 Thread 0x00000201b20a6c00 Thread added: 0x000002020f5ab530
Event: 88.875 Thread 0x000002020f5ab530 Thread exited: 0x000002020f5ab530
Event: 89.137 Thread 0x00000201b2123bf0 Thread added: 0x000002020f644b10
Event: 89.728 Thread 0x000002020f644b10 Thread exited: 0x000002020f644b10
Event: 89.877 Thread 0x00000201b2123bf0 Thread added: 0x000002020f644b10
Event: 90.310 Thread 0x000002020f921980 Thread added: 0x0000020212fb71b0
Event: 90.336 Thread 0x0000020212fb71b0 Thread added: 0x0000020212fb6b20
Event: 90.363 Thread 0x0000020212fb6b20 Thread added: 0x0000020212fba630
Event: 90.423 Thread 0x0000020212fba630 Thread added: 0x0000020212fbacc0
Event: 90.618 Thread 0x000002020f644b10 Thread exited: 0x000002020f644b10
Event: 91.965 Thread 0x000002020f921980 Thread added: 0x0000020212fb7840
Event: 92.034 Thread 0x000002020f920c60 Thread added: 0x0000020212fb9280
Event: 92.142 Thread 0x000002020f922d30 Thread added: 0x0000020212fbb350
Event: 92.504 Thread 0x000002020f921980 Thread added: 0x0000020212fbb9e0
Event: 93.817 Thread 0x00000201b20a6c00 Thread added: 0x000002021137a070
Event: 93.975 Thread 0x000002021137a070 Thread exited: 0x000002021137a070


Dynamic libraries:
0x00007ff702000000 - 0x00007ff70200e000 	c:\Users\sdini\.vscode\extensions\redhat.java-1.47.0-win32-x64\jre\21.0.8-win32-x86_64\bin\java.exe
0x00007fff41f60000 - 0x00007fff421c8000 	C:\WINDOWS\SYSTEM32\ntdll.dll
0x00007fff40930000 - 0x00007fff409f9000 	C:\WINDOWS\System32\KERNEL32.DLL
0x00007fff3f700000 - 0x00007fff3faf8000 	C:\WINDOWS\System32\KERNELBASE.dll
0x00007fff3f0b0000 - 0x00007fff3f1fb000 	C:\WINDOWS\System32\ucrtbase.dll
0x00007fff1fa50000 - 0x00007fff1fa68000 	c:\Users\sdini\.vscode\extensions\redhat.java-1.47.0-win32-x64\jre\21.0.8-win32-x86_64\bin\jli.dll
0x00007fff40450000 - 0x00007fff40617000 	C:\WINDOWS\System32\USER32.dll
0x00007fff3f200000 - 0x00007fff3f227000 	C:\WINDOWS\System32\win32u.dll
0x00007fff3fd80000 - 0x00007fff3fdab000 	C:\WINDOWS\System32\GDI32.dll
0x00007fff3f520000 - 0x00007fff3f64c000 	C:\WINDOWS\System32\gdi32full.dll
0x00007fff3f470000 - 0x00007fff3f513000 	C:\WINDOWS\System32\msvcp_win.dll
0x00007fff1d870000 - 0x00007fff1d88e000 	c:\Users\sdini\.vscode\extensions\redhat.java-1.47.0-win32-x64\jre\21.0.8-win32-x86_64\bin\VCRUNTIME140.dll
0x00007fff25de0000 - 0x00007fff26074000 	C:\WINDOWS\WinSxS\amd64_microsoft.windows.common-controls_6595b64144ccf1df_6.0.26100.7019_none_3e06ffa0e335b8a8\COMCTL32.dll
0x00007fff41940000 - 0x00007fff419e9000 	C:\WINDOWS\System32\msvcrt.dll
0x00007fff40c30000 - 0x00007fff40c61000 	C:\WINDOWS\System32\IMM32.DLL
0x00007fff27de0000 - 0x00007fff27dec000 	c:\Users\sdini\.vscode\extensions\redhat.java-1.47.0-win32-x64\jre\21.0.8-win32-x86_64\bin\vcruntime140_1.dll
0x00007fff0e410000 - 0x00007fff0e49d000 	c:\Users\sdini\.vscode\extensions\redhat.java-1.47.0-win32-x64\jre\21.0.8-win32-x86_64\bin\msvcp140.dll
0x00007ffeb1e80000 - 0x00007ffeb2c17000 	c:\Users\sdini\.vscode\extensions\redhat.java-1.47.0-win32-x64\jre\21.0.8-win32-x86_64\bin\server\jvm.dll
0x00007fff40160000 - 0x00007fff40214000 	C:\WINDOWS\System32\ADVAPI32.dll
0x00007fff3fe70000 - 0x00007fff3ff16000 	C:\WINDOWS\System32\sechost.dll
0x00007fff406a0000 - 0x00007fff407b8000 	C:\WINDOWS\System32\RPCRT4.dll
0x00007fff40620000 - 0x00007fff40694000 	C:\WINDOWS\System32\WS2_32.dll
0x00007fff3ef10000 - 0x00007fff3ef6e000 	C:\WINDOWS\SYSTEM32\POWRPROF.dll
0x00007fff21f40000 - 0x00007fff21f75000 	C:\WINDOWS\SYSTEM32\WINMM.dll
0x00007fff2b7d0000 - 0x00007fff2b7db000 	C:\WINDOWS\SYSTEM32\VERSION.dll
0x00007fff3eef0000 - 0x00007fff3ef04000 	C:\WINDOWS\SYSTEM32\UMPDC.dll
0x00007fff3de30000 - 0x00007fff3de4b000 	C:\WINDOWS\SYSTEM32\kernel.appcore.dll
0x00007fff27470000 - 0x00007fff2747a000 	c:\Users\sdini\.vscode\extensions\redhat.java-1.47.0-win32-x64\jre\21.0.8-win32-x86_64\bin\jimage.dll
0x00007fff3c840000 - 0x00007fff3ca82000 	C:\WINDOWS\SYSTEM32\DBGHELP.DLL
0x00007fff419f0000 - 0x00007fff41d7b000 	C:\WINDOWS\System32\combase.dll
0x00007fff40a00000 - 0x00007fff40ad7000 	C:\WINDOWS\System32\OLEAUT32.dll
0x00007fff186d0000 - 0x00007fff1870c000 	C:\WINDOWS\SYSTEM32\dbgcore.DLL
0x00007fff3f650000 - 0x00007fff3f6f5000 	C:\WINDOWS\System32\bcryptPrimitives.dll
0x00007fff22d10000 - 0x00007fff22d1f000 	c:\Users\sdini\.vscode\extensions\redhat.java-1.47.0-win32-x64\jre\21.0.8-win32-x86_64\bin\instrument.dll
0x00007fff1bf80000 - 0x00007fff1bf9f000 	c:\Users\sdini\.vscode\extensions\redhat.java-1.47.0-win32-x64\jre\21.0.8-win32-x86_64\bin\java.dll
0x00007fff40c80000 - 0x00007fff413cf000 	C:\WINDOWS\System32\SHELL32.dll
0x00007fff3fb90000 - 0x00007fff3fcfb000 	C:\WINDOWS\System32\wintypes.dll
0x00007fff3cc90000 - 0x00007fff3d4ed000 	C:\WINDOWS\SYSTEM32\windows.storage.dll
0x00007fff402a0000 - 0x00007fff40392000 	C:\WINDOWS\System32\SHCORE.dll
0x00007fff40230000 - 0x00007fff40297000 	C:\WINDOWS\System32\shlwapi.dll
0x00007fff3efd0000 - 0x00007fff3eff9000 	C:\WINDOWS\SYSTEM32\profapi.dll
0x00007fff1be90000 - 0x00007fff1bea8000 	c:\Users\sdini\.vscode\extensions\redhat.java-1.47.0-win32-x64\jre\21.0.8-win32-x86_64\bin\zip.dll
0x00007fff24670000 - 0x00007fff24680000 	C:\Users\sdini\.vscode\extensions\redhat.java-1.47.0-win32-x64\jre\21.0.8-win32-x86_64\bin\net.dll
0x00007fff31d00000 - 0x00007fff31e28000 	C:\WINDOWS\SYSTEM32\WINHTTP.dll
0x00007fff3e380000 - 0x00007fff3e3eb000 	C:\WINDOWS\system32\mswsock.dll
0x00007fff16570000 - 0x00007fff16586000 	C:\Users\sdini\.vscode\extensions\redhat.java-1.47.0-win32-x64\jre\21.0.8-win32-x86_64\bin\nio.dll
0x00007fff22970000 - 0x00007fff22980000 	c:\Users\sdini\.vscode\extensions\redhat.java-1.47.0-win32-x64\jre\21.0.8-win32-x86_64\bin\verify.dll
0x00007fff21aa0000 - 0x00007fff21ae4000 	C:\Users\sdini\AppData\Roaming\Code\User\globalStorage\redhat.java\1.47.0\config_win\org.eclipse.equinox.launcher\org.eclipse.equinox.launcher.win32.win32.x86_64_1.2.1400.v20250801-0854\eclipse_11916.dll
0x00007fff41d80000 - 0x00007fff41f17000 	C:\WINDOWS\System32\ole32.dll
0x00007fff3e770000 - 0x00007fff3e78b000 	C:\WINDOWS\SYSTEM32\CRYPTSP.dll
0x00007fff3dd90000 - 0x00007fff3ddca000 	C:\WINDOWS\system32\rsaenh.dll
0x00007fff3e430000 - 0x00007fff3e45b000 	C:\WINDOWS\SYSTEM32\USERENV.dll
0x00007fff3efa0000 - 0x00007fff3efca000 	C:\WINDOWS\SYSTEM32\bcrypt.dll
0x00007fff3e5d0000 - 0x00007fff3e5dc000 	C:\WINDOWS\SYSTEM32\CRYPTBASE.dll
0x00007fff3d970000 - 0x00007fff3d9a4000 	C:\WINDOWS\SYSTEM32\IPHLPAPI.DLL
0x00007fff40c70000 - 0x00007fff40c7a000 	C:\WINDOWS\System32\NSI.dll
0x00007fff22df0000 - 0x00007fff22e39000 	C:\Users\sdini\AppData\Local\Temp\jna-109288435\jna4622979155282985655.dll
0x00007fff40220000 - 0x00007fff40228000 	C:\WINDOWS\System32\PSAPI.DLL
0x00007fff37e20000 - 0x00007fff37e3e000 	C:\WINDOWS\SYSTEM32\dhcpcsvc6.DLL
0x00007fff37df0000 - 0x00007fff37e13000 	C:\WINDOWS\SYSTEM32\dhcpcsvc.DLL
0x00007ffebe040000 - 0x00007ffebe067000 	C:\Users\sdini\.gradle\native\c067742578af261105cb4f569cf0c3c89f3d7b1fecec35dd04571415982c5e48\windows-amd64\native-platform.dll

JVMTI agents:
c:\Users\sdini\.vscode\extensions\redhat.java-1.47.0-win32-x64\lombok\lombok-1.18.39-4050.jar path:c:\Users\sdini\.vscode\extensions\redhat.java-1.47.0-win32-x64\jre\21.0.8-win32-x86_64\bin\instrument.dll, loaded, initialized, instrumentlib options:none

dbghelp: loaded successfully - version: 4.0.5 - missing functions: none
symbol engine: initialized successfully - sym options: 0x614 - pdb path: .;c:\Users\sdini\.vscode\extensions\redhat.java-1.47.0-win32-x64\jre\21.0.8-win32-x86_64\bin;C:\WINDOWS\SYSTEM32;C:\WINDOWS\WinSxS\amd64_microsoft.windows.common-controls_6595b64144ccf1df_6.0.26100.7019_none_3e06ffa0e335b8a8;c:\Users\sdini\.vscode\extensions\redhat.java-1.47.0-win32-x64\jre\21.0.8-win32-x86_64\bin\server;C:\Users\sdini\AppData\Roaming\Code\User\globalStorage\redhat.java\1.47.0\config_win\org.eclipse.equinox.launcher\org.eclipse.equinox.launcher.win32.win32.x86_64_1.2.1400.v20250801-0854;C:\Users\sdini\AppData\Local\Temp\jna-109288435;C:\Users\sdini\.gradle\native\c067742578af261105cb4f569cf0c3c89f3d7b1fecec35dd04571415982c5e48\windows-amd64

VM Arguments:
jvm_args: --add-modules=ALL-SYSTEM --add-opens=java.base/java.util=ALL-UNNAMED --add-opens=java.base/java.lang=ALL-UNNAMED --add-opens=java.base/sun.nio.fs=ALL-UNNAMED -Declipse.application=org.eclipse.jdt.ls.core.id1 -Dosgi.bundles.defaultStartLevel=4 -Declipse.product=org.eclipse.jdt.ls.core.product -Djava.import.generatesMetadataFilesAtProjectRoot=false -DDetectVMInstallationsJob.disabled=true -Dfile.encoding=utf8 -XX:+UseParallelGC -XX:GCTimeRatio=4 -XX:AdaptiveSizePolicyWeight=90 -Dsun.zip.disableMemoryMapping=true -Xmx2G -Xms100m -Xlog:disable -javaagent:c:\Users\sdini\.vscode\extensions\redhat.java-1.47.0-win32-x64\lombok\lombok-1.18.39-4050.jar -XX:+HeapDumpOnOutOfMemoryError -XX:HeapDumpPath=c:\Users\sdini\AppData\Roaming\Code\User\workspaceStorage\491d57091d15a377430ef44d3b2cb1d3\redhat.java -Daether.dependencyCollector.impl=bf 
java_command: c:\Users\sdini\.vscode\extensions\redhat.java-1.47.0-win32-x64\server\plugins\org.eclipse.equinox.launcher_1.7.100.v20251014-1222.jar -configuration c:\Users\sdini\AppData\Roaming\Code\User\globalStorage\redhat.java\1.47.0\config_win -data c:\Users\sdini\AppData\Roaming\Code\User\workspaceStorage\491d57091d15a377430ef44d3b2cb1d3\redhat.java\jdt_ws --pipe=\\.\pipe\lsp-76b76f47fb6d018d6e86ca6697af826c-sock
java_class_path (initial): c:\Users\sdini\.vscode\extensions\redhat.java-1.47.0-win32-x64\server\plugins\org.eclipse.equinox.launcher_1.7.100.v20251014-1222.jar
Launcher Type: SUN_STANDARD

[Global flags]
    uintx AdaptiveSizePolicyWeight                 = 90                                        {product} {command line}
     intx CICompilerCount                          = 3                                         {product} {ergonomic}
    uintx GCTimeRatio                              = 4                                         {product} {command line}
     bool HeapDumpOnOutOfMemoryError               = true                                   {manageable} {command line}
    ccstr HeapDumpPath                             = c:\Users\sdini\AppData\Roaming\Code\User\workspaceStorage\491d57091d15a377430ef44d3b2cb1d3\redhat.java         {manageable} {command line}
   size_t InitialHeapSize                          = 104857600                                 {product} {command line}
   size_t MaxHeapSize                              = 2147483648                                {product} {command line}
   size_t MaxNewSize                               = 715653120                                 {product} {ergonomic}
   size_t MinHeapDeltaBytes                        = 524288                                    {product} {ergonomic}
   size_t MinHeapSize                              = 104857600                                 {product} {command line}
   size_t NewSize                                  = 34603008                                  {product} {ergonomic}
    uintx NonNMethodCodeHeapSize                   = 5832780                                {pd product} {ergonomic}
    uintx NonProfiledCodeHeapSize                  = 122912730                              {pd product} {ergonomic}
   size_t OldSize                                  = 70254592                                  {product} {ergonomic}
    uintx ProfiledCodeHeapSize                     = 122912730                              {pd product} {ergonomic}
    uintx ReservedCodeCacheSize                    = 251658240                              {pd product} {ergonomic}
     bool SegmentedCodeCache                       = true                                      {product} {ergonomic}
   size_t SoftMaxHeapSize                          = 2147483648                             {manageable} {ergonomic}
     bool UseCompressedOops                        = true                           {product lp64_product} {ergonomic}
     bool UseLargePagesIndividualAllocation        = false                                  {pd product} {ergonomic}
     bool UseParallelGC                            = true                                      {product} {command line}

Logging:
Log output configuration:
 #0: stdout all=off uptime,level,tags foldmultilines=false
 #1: stderr all=off uptime,level,tags foldmultilines=false

Environment Variables:
JAVA_HOME=C:\Program Files\Java\jdk-21\
PATH=C:\WINDOWS\system32;C:\WINDOWS;C:\WINDOWS\System32\Wbem;C:\WINDOWS\System32\WindowsPowerShell\v1.0\;C:\WINDOWS\System32\OpenSSH\;C:\Program Files\Java\jdk-21\\bin;C:\Program Files\dotnet\;C:\Program Files\Git\cmd;C:\Gradle\gradle-9.2.0\bin;C:\Users\sdini\AppData\Local\Microsoft\WindowsApps;C:\Users\sdini\AppData\Local\Programs\Microsoft VS Code\bin
USERNAME=sdini
OS=Windows_NT
PROCESSOR_IDENTIFIER=Intel64 Family 6 Model 142 Stepping 9, GenuineIntel
TMP=C:\Users\sdini\AppData\Local\Temp
TEMP=C:\Users\sdini\AppData\Local\Temp




Periodic native trim disabled

---------------  S Y S T E M  ---------------

OS:
 Windows 11 , 64 bit Build 26100 (10.0.26100.7019)
OS uptime: 0 days 5:46 hours
Hyper-V role detected

CPU: total 4 (initial active 4) (2 cores per cpu, 2 threads per core) family 6 model 142 stepping 9 microcode 0xf6, cx8, cmov, fxsr, ht, mmx, 3dnowpref, sse, sse2, sse3, ssse3, sse4.1, sse4.2, popcnt, lzcnt, tsc, tscinvbit, avx, avx2, aes, erms, clmul, bmi1, bmi2, adx, fma, vzeroupper, clflush, clflushopt, hv, rdtscp, f16c
Processor Information for the first 4 processors :
  Max Mhz: 1608, Current Mhz: 1105, Mhz Limit: 1093

Memory: 4k page, system-wide physical 8061M (490M free)
TotalPageFile size 23051M (AvailPageFile size 2M)
current process WorkingSet (physical memory assigned to process): 191M, peak: 224M
current process commit charge ("private bytes"): 325M, peak: 334M

vm_info: OpenJDK 64-Bit Server VM (21.0.8+9-LTS) for windows-amd64 JRE (21.0.8+9-LTS), built on 2025-07-15T00:00:00Z by "admin" with MS VC++ 17.7 (VS2022)

END.
