#
# There is insufficient memory for the Java Runtime Environment to continue.
# Native memory allocation (malloc) failed to allocate 1048576 bytes. Error detail: AllocateHeap
# Possible reasons:
#   The system is out of physical RAM or swap space
#   This process is running with CompressedOops enabled, and the Java Heap may be blocking the growth of the native heap
# Possible solutions:
#   Reduce memory load on the system
#   Increase physical memory or swap space
#   Check if swap backing store is full
#   Decrease Java heap size (-Xmx/-Xms)
#   Decrease number of Java threads
#   Decrease Java thread stack sizes (-Xss)
#   Set larger code cache with -XX:ReservedCodeCacheSize=
#   JVM is running with Unscaled Compressed Oops mode in which the Java heap is
#     placed in the first 4GB address space. The Java Heap base address is the
#     maximum limit for the native heap growth. Please use -XX:HeapBaseMinAddress
#     to set the Java Heap base and to place the Java Heap above 4GB virtual address.
# This output file may be truncated or incomplete.
#
#  Out of Memory Error (allocation.cpp:44), pid=27272, tid=24844
#
# JRE version: OpenJDK Runtime Environment Temurin-21.0.8+9 (21.0.8+9) (build 21.0.8+9-LTS)
# Java VM: OpenJDK 64-Bit Server VM Temurin-21.0.8+9 (21.0.8+9-LTS, mixed mode, sharing, tiered, compressed oops, compressed class ptrs, parallel gc, windows-amd64)
# No core dump will be written. Minidumps are not enabled by default on client versions of Windows
#

---------------  S U M M A R Y ------------

Command Line: --add-modules=ALL-SYSTEM --add-opens=java.base/java.util=ALL-UNNAMED --add-opens=java.base/java.lang=ALL-UNNAMED --add-opens=java.base/sun.nio.fs=ALL-UNNAMED -Declipse.application=org.eclipse.jdt.ls.core.id1 -Dosgi.bundles.defaultStartLevel=4 -Declipse.product=org.eclipse.jdt.ls.core.product -Djava.import.generatesMetadataFilesAtProjectRoot=false -DDetectVMInstallationsJob.disabled=true -Dfile.encoding=utf8 -XX:+UseParallelGC -XX:GCTimeRatio=4 -XX:AdaptiveSizePolicyWeight=90 -Dsun.zip.disableMemoryMapping=true -Xmx2G -Xms100m -Xlog:disable -javaagent:c:\Users\sdini\.vscode\extensions\redhat.java-1.47.0-win32-x64\lombok\lombok-1.18.39-4050.jar -XX:+HeapDumpOnOutOfMemoryError -XX:HeapDumpPath=c:\Users\sdini\AppData\Roaming\Code\User\workspaceStorage\491d57091d15a377430ef44d3b2cb1d3\redhat.java -Daether.dependencyCollector.impl=bf c:\Users\sdini\.vscode\extensions\redhat.java-1.47.0-win32-x64\server\plugins\org.eclipse.equinox.launcher_1.7.100.v20251014-1222.jar -configuration c:\Users\sdini\AppData\Roaming\Code\User\globalStorage\redhat.java\1.47.0\config_win -data c:\Users\sdini\AppData\Roaming\Code\User\workspaceStorage\491d57091d15a377430ef44d3b2cb1d3\redhat.java\jdt_ws --pipe=\\.\pipe\lsp-2454626cab5d6bcdcff33cfc127529f5-sock

Host: Intel(R) Core(TM) m3-8100Y CPU @ 1.10GHz, 4 cores, 7G,  Windows 11 , 64 bit Build 26100 (10.0.26100.7019)
Time: Wed Nov 12 13:39:22 2025 Eastern Standard Time elapsed time: 1409.391536 seconds (0d 0h 23m 29s)

---------------  T H R E A D  ---------------

Current thread (0x00000114784dee10):  JavaThread "Attach Listener" daemon [_thread_in_vm, id=24844, stack(0x0000000859200000,0x0000000859300000) (1024K)]

Stack: [0x0000000859200000,0x0000000859300000]
Native frames: (J=compiled Java code, j=interpreted, Vv=VM code, C=native code)
V  [jvm.dll+0x6d2449]
V  [jvm.dll+0x8ae341]
V  [jvm.dll+0x8b08be]
V  [jvm.dll+0x8b0fa3]
V  [jvm.dll+0x280c96]
V  [jvm.dll+0xc0347]
V  [jvm.dll+0x6d2cf9]
V  [jvm.dll+0x131116]
V  [jvm.dll+0x3f2d16]
V  [jvm.dll+0x857e6b]
V  [jvm.dll+0x6d0b0d]
C  [ucrtbase.dll+0x37b0]
C  [KERNEL32.DLL+0x2e8d7]
C  [ntdll.dll+0x8c53c]


---------------  P R O C E S S  ---------------

Threads class SMR info:
_java_thread_list=0x000001145919b470, length=41, elements={
0x00000114785ec2e0, 0x00000114784d8d50, 0x00000114784dc1d0, 0x00000114784de1c0,
0x00000114784dee10, 0x00000114784e1970, 0x00000114784e23c0, 0x00000114784e31f0,
0x0000011478553950, 0x0000011450bf1940, 0x0000011450e79ba0, 0x00000114551caa50,
0x0000011450d025a0, 0x000001145509fb50, 0x0000011455346ba0, 0x0000011455544f60,
0x000001145577ec80, 0x0000011455bd1e00, 0x0000011455bce980, 0x0000011455bd03c0,
0x0000011455bd10e0, 0x00000114576a6130, 0x00000114576a67c0, 0x00000114576a6e50,
0x00000114576a74e0, 0x00000114576a46f0, 0x00000114576a5410, 0x00000114576a4d80,
0x00000114576a5aa0, 0x0000011457931e50, 0x0000011455e3dd90, 0x0000011455bd1770,
0x0000011455bcf6a0, 0x0000011455bcfd30, 0x0000011455bd0a50, 0x0000011457930410,
0x0000011457931130, 0x00000114579324e0, 0x00000114576a4060, 0x00000114563ab1a0,
0x00000114563ad900
}

Java Threads: ( => current thread )
  0x00000114785ec2e0 JavaThread "main"                              [_thread_blocked, id=27008, stack(0x0000000858b00000,0x0000000858c00000) (1024K)]
  0x00000114784d8d50 JavaThread "Reference Handler"          daemon [_thread_blocked, id=24820, stack(0x0000000858f00000,0x0000000859000000) (1024K)]
  0x00000114784dc1d0 JavaThread "Finalizer"                  daemon [_thread_blocked, id=24824, stack(0x0000000859000000,0x0000000859100000) (1024K)]
  0x00000114784de1c0 JavaThread "Signal Dispatcher"          daemon [_thread_blocked, id=24828, stack(0x0000000859100000,0x0000000859200000) (1024K)]
=>0x00000114784dee10 JavaThread "Attach Listener"            daemon [_thread_in_vm, id=24844, stack(0x0000000859200000,0x0000000859300000) (1024K)]
  0x00000114784e1970 JavaThread "Service Thread"             daemon [_thread_blocked, id=19516, stack(0x0000000859300000,0x0000000859400000) (1024K)]
  0x00000114784e23c0 JavaThread "Monitor Deflation Thread"   daemon [_thread_blocked, id=24848, stack(0x0000000859400000,0x0000000859500000) (1024K)]
  0x00000114784e31f0 JavaThread "C2 CompilerThread0"         daemon [_thread_blocked, id=24144, stack(0x0000000859500000,0x0000000859600000) (1024K)]
  0x0000011478553950 JavaThread "C1 CompilerThread0"         daemon [_thread_blocked, id=21812, stack(0x0000000859600000,0x0000000859700000) (1024K)]
  0x0000011450bf1940 JavaThread "Common-Cleaner"             daemon [_thread_blocked, id=27388, stack(0x0000000859700000,0x0000000859800000) (1024K)]
  0x0000011450e79ba0 JavaThread "Notification Thread"        daemon [_thread_blocked, id=27584, stack(0x0000000859800000,0x0000000859900000) (1024K)]
  0x00000114551caa50 JavaThread "Active Thread: Equinox Container: ad740215-bab4-40e5-b1af-5c73c587ddc2"        [_thread_blocked, id=2900, stack(0x0000000859c00000,0x0000000859d00000) (1024K)]
  0x0000011450d025a0 JavaThread "Refresh Thread: Equinox Container: ad740215-bab4-40e5-b1af-5c73c587ddc2" daemon [_thread_blocked, id=19720, stack(0x0000000859d00000,0x0000000859e00000) (1024K)]
  0x000001145509fb50 JavaThread "Framework Event Dispatcher: Equinox Container: ad740215-bab4-40e5-b1af-5c73c587ddc2" daemon [_thread_blocked, id=19728, stack(0x0000000859e00000,0x0000000859f00000) (1024K)]
  0x0000011455346ba0 JavaThread "Start Level: Equinox Container: ad740215-bab4-40e5-b1af-5c73c587ddc2" daemon [_thread_blocked, id=19724, stack(0x0000000859f00000,0x000000085a000000) (1024K)]
  0x0000011455544f60 JavaThread "Bundle File Closer"         daemon [_thread_blocked, id=20212, stack(0x000000085a000000,0x000000085a100000) (1024K)]
  0x000001145577ec80 JavaThread "SCR Component Actor"        daemon [_thread_blocked, id=18284, stack(0x000000085a100000,0x000000085a200000) (1024K)]
  0x0000011455bd1e00 JavaThread "Worker-JM"                         [_thread_blocked, id=20188, stack(0x000000085a200000,0x000000085a300000) (1024K)]
  0x0000011455bce980 JavaThread "JNA Cleaner"                daemon [_thread_blocked, id=20060, stack(0x000000085a300000,0x000000085a400000) (1024K)]
  0x0000011455bd03c0 JavaThread "Java indexing"              daemon [_thread_blocked, id=19568, stack(0x000000085a900000,0x000000085aa00000) (1024K)]
  0x0000011455bd10e0 JavaThread "Worker-4"                          [_thread_blocked, id=20304, stack(0x000000085ac00000,0x000000085ad00000) (1024K)]
  0x00000114576a6130 JavaThread "Thread-1"                   daemon [_thread_in_native, id=19064, stack(0x000000085ae00000,0x000000085af00000) (1024K)]
  0x00000114576a67c0 JavaThread "Thread-2"                   daemon [_thread_in_native, id=20360, stack(0x000000085af00000,0x000000085b000000) (1024K)]
  0x00000114576a6e50 JavaThread "Thread-3"                   daemon [_thread_in_native, id=19736, stack(0x000000085b000000,0x000000085b100000) (1024K)]
  0x00000114576a74e0 JavaThread "Thread-4"                   daemon [_thread_in_native, id=19752, stack(0x000000085b100000,0x000000085b200000) (1024K)]
  0x00000114576a46f0 JavaThread "Thread-5"                   daemon [_thread_in_native, id=20460, stack(0x000000085b200000,0x000000085b300000) (1024K)]
  0x00000114576a5410 JavaThread "pool-2-thread-1"                   [_thread_blocked, id=14800, stack(0x000000085b300000,0x000000085b400000) (1024K)]
  0x00000114576a4d80 JavaThread "WorkspaceEventsHandler"            [_thread_blocked, id=19912, stack(0x000000085b400000,0x000000085b500000) (1024K)]
  0x00000114576a5aa0 JavaThread "pool-1-thread-1"                   [_thread_blocked, id=19892, stack(0x000000085b500000,0x000000085b600000) (1024K)]
  0x0000011457931e50 JavaThread "Timer-0"                           [_thread_blocked, id=41932, stack(0x000000085b800000,0x000000085b900000) (1024K)]
  0x0000011455e3dd90 JavaThread "Cleaner-0"                  daemon [_thread_blocked, id=32368, stack(0x000000085bd00000,0x000000085be00000) (1024K)]
  0x0000011455bd1770 JavaThread "Java Debug Server"          daemon [_thread_in_native, id=652, stack(0x000000085a600000,0x000000085a700000) (1024K)]
  0x0000011455bcf6a0 JavaThread "pool-3-thread-1"                   [_thread_in_native, id=17656, stack(0x000000085a800000,0x000000085a900000) (1024K)]
  0x0000011455bcfd30 JavaThread "RxSchedulerPurge-1"         daemon [_thread_blocked, id=18504, stack(0x000000085aa00000,0x000000085ab00000) (1024K)]
  0x0000011455bd0a50 JavaThread "RxCachedWorkerPoolEvictor-1" daemon [_thread_blocked, id=18508, stack(0x000000085ab00000,0x000000085ac00000) (1024K)]
  0x0000011457930410 JavaThread "RxNewThreadScheduler-1"     daemon [_thread_blocked, id=18520, stack(0x000000085ad00000,0x000000085ae00000) (1024K)]
  0x0000011457931130 JavaThread "Thread-14"                  daemon [_thread_in_native, id=2472, stack(0x000000085b700000,0x000000085b800000) (1024K)]
  0x00000114579324e0 JavaThread "Debuggee Stdout Handler"    daemon [_thread_in_native, id=36772, stack(0x000000085b900000,0x000000085ba00000) (1024K)]
  0x00000114576a4060 JavaThread "Debuggee Stderr Handler"    daemon [_thread_in_native, id=17640, stack(0x000000085ba00000,0x000000085bb00000) (1024K)]
  0x00000114563ab1a0 JavaThread "RxNewThreadScheduler-2"     daemon [_thread_blocked, id=19400, stack(0x000000085bb00000,0x000000085bc00000) (1024K)]
  0x00000114563ad900 JavaThread "Worker-10"                         [_thread_blocked, id=37076, stack(0x0000000858900000,0x0000000858a00000) (1024K)]
Total: 41

Other Threads:
  0x00000114786abc50 VMThread "VM Thread"                           [id=24816, stack(0x0000000858e00000,0x0000000858f00000) (1024K)]
  0x000001147847ca00 WatcherThread "VM Periodic Task Thread"        [id=19852, stack(0x0000000858d00000,0x0000000858e00000) (1024K)]
  0x000001147860b520 WorkerThread "GC Thread#0"                     [id=25464, stack(0x0000000858c00000,0x0000000858d00000) (1024K)]
  0x0000011450e62410 WorkerThread "GC Thread#1"                     [id=42820, stack(0x0000000859900000,0x0000000859a00000) (1024K)]
  0x0000011450e667f0 WorkerThread "GC Thread#2"                     [id=29476, stack(0x0000000859a00000,0x0000000859b00000) (1024K)]
  0x0000011450e66b90 WorkerThread "GC Thread#3"                     [id=33296, stack(0x0000000859b00000,0x0000000859c00000) (1024K)]
Total: 6

Threads with active compile tasks:
Total: 0

VM state: not at safepoint (normal execution)

VM Mutex/Monitor currently owned by a thread: None

Heap address: 0x0000000080000000, size: 2048 MB, Compressed Oops mode: 32-bit

CDS archive(s) mapped at: [0x000001140f000000-0x000001140fba0000-0x000001140fba0000), size 12189696, SharedBaseAddress: 0x000001140f000000, ArchiveRelocationMode: 1.
Compressed class space mapped at: 0x0000011410000000-0x0000011450000000, reserved size: 1073741824
Narrow klass base: 0x000001140f000000, Narrow klass shift: 0, Narrow klass range: 0x100000000

GC Precious Log:
 CardTable entry size: 512
 CPUs: 4 total, 4 available
 Memory: 8061M
 Large Page Support: Disabled
 NUMA Support: Disabled
 Compressed Oops: Enabled (32-bit)
 Alignments: Space 512K, Generation 512K, Heap 2M
 Heap Min Capacity: 100M
 Heap Initial Capacity: 100M
 Heap Max Capacity: 2G
 Pre-touch: Disabled
 Parallel Workers: 4

Heap:
 PSYoungGen      total 3584K, used 366K [0x00000000d5580000, 0x00000000d5a00000, 0x0000000100000000)
  eden space 3072K, 7% used [0x00000000d5580000,0x00000000d55bb818,0x00000000d5880000)
  from space 512K, 25% used [0x00000000d5900000,0x00000000d5920000,0x00000000d5980000)
  to   space 512K, 0% used [0x00000000d5980000,0x00000000d5980000,0x00000000d5a00000)
 ParOldGen       total 222208K, used 222145K [0x0000000080000000, 0x000000008d900000, 0x00000000d5580000)
  object space 222208K, 99% used [0x0000000080000000,0x000000008d8f0450,0x000000008d900000)
 Metaspace       used 87126K, committed 88896K, reserved 1179648K
  class space    used 9659K, committed 10432K, reserved 1048576K

Card table byte_map: [0x0000011477f90000,0x00000114783a0000] _byte_map_base: 0x0000011477b90000

Marking Bits: (ParMarkBitMap*) 0x00007ffeee94a340
 Begin Bits: [0x000001147ba90000, 0x000001147da90000)
 End Bits:   [0x000001147da90000, 0x000001147fa90000)

Polling page: 0x0000011476420000

Metaspace:

Usage:
  Non-class:     75.65 MB used.
      Class:      9.43 MB used.
       Both:     85.08 MB used.

Virtual space:
  Non-class space:      128.00 MB reserved,      76.62 MB ( 60%) committed,  2 nodes.
      Class space:        1.00 GB reserved,      10.19 MB ( <1%) committed,  1 nodes.
             Both:        1.12 GB reserved,      86.81 MB (  8%) committed. 

Chunk freelists:
   Non-Class:  2.48 MB
       Class:  5.83 MB
        Both:  8.31 MB

MaxMetaspaceSize: unlimited
CompressedClassSpaceSize: 1.00 GB
Initial GC threshold: 21.00 MB
Current GC threshold: 137.19 MB
CDS: on
 - commit_granule_bytes: 65536.
 - commit_granule_words: 8192.
 - virtual_space_node_default_size: 8388608.
 - enlarge_chunks_in_place: 1.
 - use_allocation_guard: 0.


Internal statistics:

num_allocs_failed_limit: 9.
num_arena_births: 1656.
num_arena_deaths: 56.
num_vsnodes_births: 3.
num_vsnodes_deaths: 0.
num_space_committed: 1389.
num_space_uncommitted: 0.
num_chunks_returned_to_freelist: 82.
num_chunks_taken_from_freelist: 5830.
num_chunk_merges: 19.
num_chunk_splits: 3573.
num_chunks_enlarged: 2100.
num_inconsistent_stats: 0.

CodeHeap 'non-profiled nmethods': size=120000Kb used=11036Kb max_used=14233Kb free=108963Kb
 bounds [0x0000011407ad0000, 0x00000114088c0000, 0x000001140f000000]
CodeHeap 'profiled nmethods': size=120000Kb used=27432Kb max_used=34607Kb free=92567Kb
 bounds [0x0000011400000000, 0x00000114021d0000, 0x0000011407530000]
CodeHeap 'non-nmethods': size=5760Kb used=1498Kb max_used=1590Kb free=4261Kb
 bounds [0x0000011407530000, 0x00000114077a0000, 0x0000011407ad0000]
CodeCache: size=245760Kb, used=39966Kb, max_used=50430Kb, free=205791Kb
 total_blobs=12714, nmethods=11891, adapters=725, full_count=0
Compilation: enabled, stopped_count=0, restarted_count=0

Compilation events (20 events):
Event: 1320.204 Thread 0x00000114784e31f0 nmethod 16048 0x0000011407adcc10 code [0x0000011407adcde0, 0x0000011407add470]
Event: 1320.210 Thread 0x0000011478553950 nmethod 16049 0x0000011400d98b10 code [0x0000011400d98e20, 0x0000011400d9a1a0]
Event: 1320.210 Thread 0x0000011478553950 16050   !   3       java.io.PrintWriter::implFlush (21 bytes)
Event: 1320.212 Thread 0x0000011478553950 nmethod 16050 0x0000011401e65b90 code [0x0000011401e65d80, 0x0000011401e66158]
Event: 1320.213 Thread 0x0000011478553950 16052   !   3       io.reactivex.observers.SerializedObserver::onNext (122 bytes)
Event: 1320.225 Thread 0x0000011478553950 nmethod 16052 0x000001140135d910 code [0x000001140135db80, 0x000001140135e3a0]
Event: 1339.294 Thread 0x0000011478553950 16053       3       java.util.concurrent.ForkJoinPool::managedBlock (36 bytes)
Event: 1339.304 Thread 0x0000011478553950 nmethod 16053 0x000001140095ba90 code [0x000001140095bca0, 0x000001140095c410]
Event: 1367.535 Thread 0x0000011478553950 16055   !   3       io.reactivex.Observable::subscribe (62 bytes)
Event: 1367.539 Thread 0x00000114784e31f0 16056       4       java.util.regex.Pattern$$Lambda/0x800000032::is (13 bytes)
Event: 1367.545 Thread 0x0000011478553950 nmethod 16055 0x00000114005b7510 code [0x00000114005b77a0, 0x00000114005b8130]
Event: 1367.553 Thread 0x00000114784e31f0 nmethod 16056 0x00000114086b2110 code [0x00000114086b22c0, 0x00000114086b2478]
Event: 1367.858 Thread 0x00000114784e31f0 16057       4       com.google.gson.internal.bind.TypeAdapterRuntimeTypeWrapper::write (80 bytes)
Event: 1367.910 Thread 0x00000114784e31f0 nmethod 16057 0x0000011407f2b190 code [0x0000011407f2b380, 0x0000011407f2b858]
Event: 1367.968 Thread 0x00000114784e31f0 16058   !   4       com.google.gson.internal.bind.ReflectiveTypeAdapterFactory$2::write (140 bytes)
Event: 1368.022 Thread 0x0000011478553950 16059   !   3       java.util.concurrent.locks.AbstractQueuedSynchronizer$ConditionObject::await (185 bytes)
Event: 1368.036 Thread 0x0000011478553950 nmethod 16059 0x0000011400238510 code [0x00000114002388a0, 0x0000011400239dc0]
Event: 1368.207 Thread 0x00000114784e31f0 nmethod 16058 0x0000011408127c90 code [0x0000011408127fc0, 0x0000011408128f88]
Event: 1380.091 Thread 0x0000011478553950 16060       3       java.util.logging.LogManager$LoggerContext::requiresDefaultLoggers (29 bytes)
Event: 1380.095 Thread 0x0000011478553950 nmethod 16060 0x0000011401996f10 code [0x00000114019970c0, 0x00000114019972c8]

GC Heap History (20 events):
Event: 948.556 GC heap before
{Heap before GC invocations=834 (full 5):
 PSYoungGen      total 3584K, used 3388K [0x00000000d5580000, 0x00000000d5a00000, 0x0000000100000000)
  eden space 3072K, 100% used [0x00000000d5580000,0x00000000d5880000,0x00000000d5880000)
  from space 512K, 61% used [0x00000000d5900000,0x00000000d594f1e0,0x00000000d5980000)
  to   space 512K, 0% used [0x00000000d5980000,0x00000000d5980000,0x00000000d5a00000)
 ParOldGen       total 221696K, used 221207K [0x0000000080000000, 0x000000008d880000, 0x00000000d5580000)
  object space 221696K, 99% used [0x0000000080000000,0x000000008d805d98,0x000000008d880000)
 Metaspace       used 84899K, committed 86656K, reserved 1179648K
  class space    used 9320K, committed 10112K, reserved 1048576K
}
Event: 948.559 GC heap after
{Heap after GC invocations=834 (full 5):
 PSYoungGen      total 3584K, used 128K [0x00000000d5580000, 0x00000000d5a00000, 0x0000000100000000)
  eden space 3072K, 0% used [0x00000000d5580000,0x00000000d5580000,0x00000000d5880000)
  from space 512K, 25% used [0x00000000d5980000,0x00000000d59a0000,0x00000000d5a00000)
  to   space 512K, 0% used [0x00000000d5900000,0x00000000d5900000,0x00000000d5980000)
 ParOldGen       total 221696K, used 221400K [0x0000000080000000, 0x000000008d880000, 0x00000000d5580000)
  object space 221696K, 99% used [0x0000000080000000,0x000000008d836360,0x000000008d880000)
 Metaspace       used 84899K, committed 86656K, reserved 1179648K
  class space    used 9320K, committed 10112K, reserved 1048576K
}
Event: 948.622 GC heap before
{Heap before GC invocations=835 (full 5):
 PSYoungGen      total 3584K, used 3200K [0x00000000d5580000, 0x00000000d5a00000, 0x0000000100000000)
  eden space 3072K, 100% used [0x00000000d5580000,0x00000000d5880000,0x00000000d5880000)
  from space 512K, 25% used [0x00000000d5980000,0x00000000d59a0000,0x00000000d5a00000)
  to   space 512K, 0% used [0x00000000d5900000,0x00000000d5900000,0x00000000d5980000)
 ParOldGen       total 221696K, used 221400K [0x0000000080000000, 0x000000008d880000, 0x00000000d5580000)
  object space 221696K, 99% used [0x0000000080000000,0x000000008d836360,0x000000008d880000)
 Metaspace       used 85238K, committed 86976K, reserved 1179648K
  class space    used 9365K, committed 10176K, reserved 1048576K
}
Event: 948.624 GC heap after
{Heap after GC invocations=835 (full 5):
 PSYoungGen      total 3584K, used 96K [0x00000000d5580000, 0x00000000d5a00000, 0x0000000100000000)
  eden space 3072K, 0% used [0x00000000d5580000,0x00000000d5580000,0x00000000d5880000)
  from space 512K, 18% used [0x00000000d5900000,0x00000000d5918000,0x00000000d5980000)
  to   space 512K, 0% used [0x00000000d5980000,0x00000000d5980000,0x00000000d5a00000)
 ParOldGen       total 221696K, used 221440K [0x0000000080000000, 0x000000008d880000, 0x00000000d5580000)
  object space 221696K, 99% used [0x0000000080000000,0x000000008d840360,0x000000008d880000)
 Metaspace       used 85238K, committed 86976K, reserved 1179648K
  class space    used 9365K, committed 10176K, reserved 1048576K
}
Event: 948.703 GC heap before
{Heap before GC invocations=836 (full 5):
 PSYoungGen      total 3584K, used 3168K [0x00000000d5580000, 0x00000000d5a00000, 0x0000000100000000)
  eden space 3072K, 100% used [0x00000000d5580000,0x00000000d5880000,0x00000000d5880000)
  from space 512K, 18% used [0x00000000d5900000,0x00000000d5918000,0x00000000d5980000)
  to   space 512K, 0% used [0x00000000d5980000,0x00000000d5980000,0x00000000d5a00000)
 ParOldGen       total 221696K, used 221440K [0x0000000080000000, 0x000000008d880000, 0x00000000d5580000)
  object space 221696K, 99% used [0x0000000080000000,0x000000008d840360,0x000000008d880000)
 Metaspace       used 85660K, committed 87360K, reserved 1179648K
  class space    used 9421K, committed 10176K, reserved 1048576K
}
Event: 948.704 GC heap after
{Heap after GC invocations=836 (full 5):
 PSYoungGen      total 3584K, used 160K [0x00000000d5580000, 0x00000000d5a00000, 0x0000000100000000)
  eden space 3072K, 0% used [0x00000000d5580000,0x00000000d5580000,0x00000000d5880000)
  from space 512K, 31% used [0x00000000d5980000,0x00000000d59a8000,0x00000000d5a00000)
  to   space 512K, 0% used [0x00000000d5900000,0x00000000d5900000,0x00000000d5980000)
 ParOldGen       total 221696K, used 221480K [0x0000000080000000, 0x000000008d880000, 0x00000000d5580000)
  object space 221696K, 99% used [0x0000000080000000,0x000000008d84a360,0x000000008d880000)
 Metaspace       used 85660K, committed 87360K, reserved 1179648K
  class space    used 9421K, committed 10176K, reserved 1048576K
}
Event: 948.759 GC heap before
{Heap before GC invocations=837 (full 5):
 PSYoungGen      total 3584K, used 3232K [0x00000000d5580000, 0x00000000d5a00000, 0x0000000100000000)
  eden space 3072K, 100% used [0x00000000d5580000,0x00000000d5880000,0x00000000d5880000)
  from space 512K, 31% used [0x00000000d5980000,0x00000000d59a8000,0x00000000d5a00000)
  to   space 512K, 0% used [0x00000000d5900000,0x00000000d5900000,0x00000000d5980000)
 ParOldGen       total 221696K, used 221480K [0x0000000080000000, 0x000000008d880000, 0x00000000d5580000)
  object space 221696K, 99% used [0x0000000080000000,0x000000008d84a360,0x000000008d880000)
 Metaspace       used 85862K, committed 87552K, reserved 1179648K
  class space    used 9480K, committed 10240K, reserved 1048576K
}
Event: 948.761 GC heap after
{Heap after GC invocations=837 (full 5):
 PSYoungGen      total 3584K, used 128K [0x00000000d5580000, 0x00000000d5a00000, 0x0000000100000000)
  eden space 3072K, 0% used [0x00000000d5580000,0x00000000d5580000,0x00000000d5880000)
  from space 512K, 25% used [0x00000000d5900000,0x00000000d5920000,0x00000000d5980000)
  to   space 512K, 0% used [0x00000000d5980000,0x00000000d5980000,0x00000000d5a00000)
 ParOldGen       total 221696K, used 221576K [0x0000000080000000, 0x000000008d880000, 0x00000000d5580000)
  object space 221696K, 99% used [0x0000000080000000,0x000000008d862390,0x000000008d880000)
 Metaspace       used 85862K, committed 87552K, reserved 1179648K
  class space    used 9480K, committed 10240K, reserved 1048576K
}
Event: 948.810 GC heap before
{Heap before GC invocations=838 (full 5):
 PSYoungGen      total 3584K, used 3200K [0x00000000d5580000, 0x00000000d5a00000, 0x0000000100000000)
  eden space 3072K, 100% used [0x00000000d5580000,0x00000000d5880000,0x00000000d5880000)
  from space 512K, 25% used [0x00000000d5900000,0x00000000d5920000,0x00000000d5980000)
  to   space 512K, 0% used [0x00000000d5980000,0x00000000d5980000,0x00000000d5a00000)
 ParOldGen       total 221696K, used 221576K [0x0000000080000000, 0x000000008d880000, 0x00000000d5580000)
  object space 221696K, 99% used [0x0000000080000000,0x000000008d862390,0x000000008d880000)
 Metaspace       used 86204K, committed 87936K, reserved 1179648K
  class space    used 9540K, committed 10304K, reserved 1048576K
}
Event: 948.814 GC heap after
{Heap after GC invocations=838 (full 5):
 PSYoungGen      total 3584K, used 128K [0x00000000d5580000, 0x00000000d5a00000, 0x0000000100000000)
  eden space 3072K, 0% used [0x00000000d5580000,0x00000000d5580000,0x00000000d5880000)
  from space 512K, 25% used [0x00000000d5980000,0x00000000d59a0000,0x00000000d5a00000)
  to   space 512K, 0% used [0x00000000d5900000,0x00000000d5900000,0x00000000d5980000)
 ParOldGen       total 221696K, used 221616K [0x0000000080000000, 0x000000008d880000, 0x00000000d5580000)
  object space 221696K, 99% used [0x0000000080000000,0x000000008d86c390,0x000000008d880000)
 Metaspace       used 86204K, committed 87936K, reserved 1179648K
  class space    used 9540K, committed 10304K, reserved 1048576K
}
Event: 948.854 GC heap before
{Heap before GC invocations=839 (full 5):
 PSYoungGen      total 3584K, used 3200K [0x00000000d5580000, 0x00000000d5a00000, 0x0000000100000000)
  eden space 3072K, 100% used [0x00000000d5580000,0x00000000d5880000,0x00000000d5880000)
  from space 512K, 25% used [0x00000000d5980000,0x00000000d59a0000,0x00000000d5a00000)
  to   space 512K, 0% used [0x00000000d5900000,0x00000000d5900000,0x00000000d5980000)
 ParOldGen       total 221696K, used 221616K [0x0000000080000000, 0x000000008d880000, 0x00000000d5580000)
  object space 221696K, 99% used [0x0000000080000000,0x000000008d86c390,0x000000008d880000)
 Metaspace       used 86551K, committed 88320K, reserved 1179648K
  class space    used 9583K, committed 10368K, reserved 1048576K
}
Event: 948.856 GC heap after
{Heap after GC invocations=839 (full 5):
 PSYoungGen      total 3584K, used 128K [0x00000000d5580000, 0x00000000d5a00000, 0x0000000100000000)
  eden space 3072K, 0% used [0x00000000d5580000,0x00000000d5580000,0x00000000d5880000)
  from space 512K, 25% used [0x00000000d5900000,0x00000000d5920000,0x00000000d5980000)
  to   space 512K, 0% used [0x00000000d5980000,0x00000000d5980000,0x00000000d5a00000)
 ParOldGen       total 221696K, used 221664K [0x0000000080000000, 0x000000008d880000, 0x00000000d5580000)
  object space 221696K, 99% used [0x0000000080000000,0x000000008d878390,0x000000008d880000)
 Metaspace       used 86551K, committed 88320K, reserved 1179648K
  class space    used 9583K, committed 10368K, reserved 1048576K
}
Event: 964.685 GC heap before
{Heap before GC invocations=840 (full 5):
 PSYoungGen      total 3584K, used 3199K [0x00000000d5580000, 0x00000000d5a00000, 0x0000000100000000)
  eden space 3072K, 99% used [0x00000000d5580000,0x00000000d587ffc8,0x00000000d5880000)
  from space 512K, 25% used [0x00000000d5900000,0x00000000d5920000,0x00000000d5980000)
  to   space 512K, 0% used [0x00000000d5980000,0x00000000d5980000,0x00000000d5a00000)
 ParOldGen       total 221696K, used 221664K [0x0000000080000000, 0x000000008d880000, 0x00000000d5580000)
  object space 221696K, 99% used [0x0000000080000000,0x000000008d878390,0x000000008d880000)
 Metaspace       used 86872K, committed 88640K, reserved 1179648K
  class space    used 9632K, committed 10432K, reserved 1048576K
}
Event: 964.688 GC heap after
{Heap after GC invocations=840 (full 5):
 PSYoungGen      total 3584K, used 288K [0x00000000d5580000, 0x00000000d5a00000, 0x0000000100000000)
  eden space 3072K, 0% used [0x00000000d5580000,0x00000000d5580000,0x00000000d5880000)
  from space 512K, 56% used [0x00000000d5980000,0x00000000d59c8020,0x00000000d5a00000)
  to   space 512K, 0% used [0x00000000d5900000,0x00000000d5900000,0x00000000d5980000)
 ParOldGen       total 222208K, used 221720K [0x0000000080000000, 0x000000008d900000, 0x00000000d5580000)
  object space 222208K, 99% used [0x0000000080000000,0x000000008d886390,0x000000008d900000)
 Metaspace       used 86872K, committed 88640K, reserved 1179648K
  class space    used 9632K, committed 10432K, reserved 1048576K
}
Event: 964.912 GC heap before
{Heap before GC invocations=841 (full 5):
 PSYoungGen      total 3584K, used 3360K [0x00000000d5580000, 0x00000000d5a00000, 0x0000000100000000)
  eden space 3072K, 100% used [0x00000000d5580000,0x00000000d5880000,0x00000000d5880000)
  from space 512K, 56% used [0x00000000d5980000,0x00000000d59c8020,0x00000000d5a00000)
  to   space 512K, 0% used [0x00000000d5900000,0x00000000d5900000,0x00000000d5980000)
 ParOldGen       total 222208K, used 221720K [0x0000000080000000, 0x000000008d900000, 0x00000000d5580000)
  object space 222208K, 99% used [0x0000000080000000,0x000000008d886390,0x000000008d900000)
 Metaspace       used 86967K, committed 88704K, reserved 1179648K
  class space    used 9647K, committed 10432K, reserved 1048576K
}
Event: 964.914 GC heap after
{Heap after GC invocations=841 (full 5):
 PSYoungGen      total 3584K, used 256K [0x00000000d5580000, 0x00000000d5a00000, 0x0000000100000000)
  eden space 3072K, 0% used [0x00000000d5580000,0x00000000d5580000,0x00000000d5880000)
  from space 512K, 50% used [0x00000000d5900000,0x00000000d5940030,0x00000000d5980000)
  to   space 512K, 0% used [0x00000000d5980000,0x00000000d5980000,0x00000000d5a00000)
 ParOldGen       total 222208K, used 221929K [0x0000000080000000, 0x000000008d900000, 0x00000000d5580000)
  object space 222208K, 99% used [0x0000000080000000,0x000000008d8ba410,0x000000008d900000)
 Metaspace       used 86967K, committed 88704K, reserved 1179648K
  class space    used 9647K, committed 10432K, reserved 1048576K
}
Event: 966.943 GC heap before
{Heap before GC invocations=842 (full 5):
 PSYoungGen      total 3584K, used 3328K [0x00000000d5580000, 0x00000000d5a00000, 0x0000000100000000)
  eden space 3072K, 100% used [0x00000000d5580000,0x00000000d5880000,0x00000000d5880000)
  from space 512K, 50% used [0x00000000d5900000,0x00000000d5940030,0x00000000d5980000)
  to   space 512K, 0% used [0x00000000d5980000,0x00000000d5980000,0x00000000d5a00000)
 ParOldGen       total 222208K, used 221929K [0x0000000080000000, 0x000000008d900000, 0x00000000d5580000)
  object space 222208K, 99% used [0x0000000080000000,0x000000008d8ba410,0x000000008d900000)
 Metaspace       used 87002K, committed 88704K, reserved 1179648K
  class space    used 9650K, committed 10432K, reserved 1048576K
}
Event: 966.946 GC heap after
{Heap after GC invocations=842 (full 5):
 PSYoungGen      total 3584K, used 128K [0x00000000d5580000, 0x00000000d5a00000, 0x0000000100000000)
  eden space 3072K, 0% used [0x00000000d5580000,0x00000000d5580000,0x00000000d5880000)
  from space 512K, 25% used [0x00000000d5980000,0x00000000d59a0000,0x00000000d5a00000)
  to   space 512K, 0% used [0x00000000d5900000,0x00000000d5900000,0x00000000d5980000)
 ParOldGen       total 222208K, used 222105K [0x0000000080000000, 0x000000008d900000, 0x00000000d5580000)
  object space 222208K, 99% used [0x0000000080000000,0x000000008d8e6440,0x000000008d900000)
 Metaspace       used 87002K, committed 88704K, reserved 1179648K
  class space    used 9650K, committed 10432K, reserved 1048576K
}
Event: 1362.791 GC heap before
{Heap before GC invocations=843 (full 5):
 PSYoungGen      total 3584K, used 3199K [0x00000000d5580000, 0x00000000d5a00000, 0x0000000100000000)
  eden space 3072K, 99% used [0x00000000d5580000,0x00000000d587fff8,0x00000000d5880000)
  from space 512K, 25% used [0x00000000d5980000,0x00000000d59a0000,0x00000000d5a00000)
  to   space 512K, 0% used [0x00000000d5900000,0x00000000d5900000,0x00000000d5980000)
 ParOldGen       total 222208K, used 222105K [0x0000000080000000, 0x000000008d900000, 0x00000000d5580000)
  object space 222208K, 99% used [0x0000000080000000,0x000000008d8e6440,0x000000008d900000)
 Metaspace       used 87125K, committed 88896K, reserved 1179648K
  class space    used 9659K, committed 10432K, reserved 1048576K
}
Event: 1363.155 GC heap after
{Heap after GC invocations=843 (full 5):
 PSYoungGen      total 3584K, used 128K [0x00000000d5580000, 0x00000000d5a00000, 0x0000000100000000)
  eden space 3072K, 0% used [0x00000000d5580000,0x00000000d5580000,0x00000000d5880000)
  from space 512K, 25% used [0x00000000d5900000,0x00000000d5920000,0x00000000d5980000)
  to   space 512K, 0% used [0x00000000d5980000,0x00000000d5980000,0x00000000d5a00000)
 ParOldGen       total 222208K, used 222145K [0x0000000080000000, 0x000000008d900000, 0x00000000d5580000)
  object space 222208K, 99% used [0x0000000080000000,0x000000008d8f0450,0x000000008d900000)
 Metaspace       used 87125K, committed 88896K, reserved 1179648K
  class space    used 9659K, committed 10432K, reserved 1048576K
}

Dll operation events (14 events):
Event: 0.039 Loaded shared library c:\Users\sdini\.vscode\extensions\redhat.java-1.47.0-win32-x64\jre\21.0.8-win32-x86_64\bin\java.dll
Event: 0.264 Loaded shared library c:\Users\sdini\.vscode\extensions\redhat.java-1.47.0-win32-x64\jre\21.0.8-win32-x86_64\bin\zip.dll
Event: 0.408 Loaded shared library C:\Users\sdini\.vscode\extensions\redhat.java-1.47.0-win32-x64\jre\21.0.8-win32-x86_64\bin\instrument.dll
Event: 0.420 Loaded shared library C:\Users\sdini\.vscode\extensions\redhat.java-1.47.0-win32-x64\jre\21.0.8-win32-x86_64\bin\net.dll
Event: 0.450 Loaded shared library C:\Users\sdini\.vscode\extensions\redhat.java-1.47.0-win32-x64\jre\21.0.8-win32-x86_64\bin\nio.dll
Event: 0.460 Loaded shared library C:\Users\sdini\.vscode\extensions\redhat.java-1.47.0-win32-x64\jre\21.0.8-win32-x86_64\bin\zip.dll
Event: 0.540 Loaded shared library C:\Users\sdini\.vscode\extensions\redhat.java-1.47.0-win32-x64\jre\21.0.8-win32-x86_64\bin\jimage.dll
Event: 1.100 Loaded shared library c:\Users\sdini\.vscode\extensions\redhat.java-1.47.0-win32-x64\jre\21.0.8-win32-x86_64\bin\verify.dll
Event: 9.432 Loaded shared library C:\Users\sdini\AppData\Roaming\Code\User\globalStorage\redhat.java\1.47.0\config_win\org.eclipse.equinox.launcher\org.eclipse.equinox.launcher.win32.win32.x86_64_1.2.1400.v20250801-0854\eclipse_11916.dll
Event: 22.228 Loaded shared library C:\Users\sdini\AppData\Local\Temp\jna-109288435\jna17014421412428208176.dll
Event: 36.472 Loaded shared library C:\Users\sdini\.gradle\native\c067742578af261105cb4f569cf0c3c89f3d7b1fecec35dd04571415982c5e48\windows-amd64\native-platform.dll
Event: 39.038 Loaded shared library C:\Users\sdini\.vscode\extensions\redhat.java-1.47.0-win32-x64\jre\21.0.8-win32-x86_64\bin\management.dll
Event: 39.042 Loaded shared library C:\Users\sdini\.vscode\extensions\redhat.java-1.47.0-win32-x64\jre\21.0.8-win32-x86_64\bin\management_ext.dll
Event: 947.698 Loaded shared library C:\Users\sdini\.vscode\extensions\redhat.java-1.47.0-win32-x64\jre\21.0.8-win32-x86_64\bin\extnet.dll

Deoptimization events (20 events):
Event: 977.746 Thread 0x00000114563ab1a0 DEOPT PACKING pc=0x0000011407f85fe0 sp=0x000000085bbfe530
Event: 977.746 Thread 0x00000114563ab1a0 DEOPT UNPACKING pc=0x0000011407583aa2 sp=0x000000085bbfe4d8 mode 2
Event: 978.090 Thread 0x00000114563ab1a0 DEOPT PACKING pc=0x00000114007f6d10 sp=0x000000085bbfe280
Event: 978.090 Thread 0x00000114563ab1a0 DEOPT UNPACKING pc=0x0000011407584242 sp=0x000000085bbfd830 mode 0
Event: 991.746 Thread 0x00000114563ab1a0 Uncommon trap: trap_request=0xffffffc6 fr.pc=0x0000011407f85fe0 relative=0x0000000000000720
Event: 991.746 Thread 0x00000114563ab1a0 Uncommon trap: reason=bimorphic_or_optimized_type_check action=maybe_recompile pc=0x0000011407f85fe0 method=java.util.HashMap.computeIfAbsent(Ljava/lang/Object;Ljava/util/function/Function;)Ljava/lang/Object; @ 188 c2
Event: 991.746 Thread 0x00000114563ab1a0 DEOPT PACKING pc=0x0000011407f85fe0 sp=0x000000085bbfe530
Event: 991.746 Thread 0x00000114563ab1a0 DEOPT UNPACKING pc=0x0000011407583aa2 sp=0x000000085bbfe4d8 mode 2
Event: 1018.231 Thread 0x00000114563ab1a0 Uncommon trap: trap_request=0xffffffc6 fr.pc=0x0000011407f85fe0 relative=0x0000000000000720
Event: 1018.231 Thread 0x00000114563ab1a0 Uncommon trap: reason=bimorphic_or_optimized_type_check action=maybe_recompile pc=0x0000011407f85fe0 method=java.util.HashMap.computeIfAbsent(Ljava/lang/Object;Ljava/util/function/Function;)Ljava/lang/Object; @ 188 c2
Event: 1018.231 Thread 0x00000114563ab1a0 DEOPT PACKING pc=0x0000011407f85fe0 sp=0x000000085bbfe530
Event: 1018.231 Thread 0x00000114563ab1a0 DEOPT UNPACKING pc=0x0000011407583aa2 sp=0x000000085bbfe4d8 mode 2
Event: 1086.901 Thread 0x0000011455bd10e0 Uncommon trap: trap_request=0xffffffc6 fr.pc=0x0000011408223cfc relative=0x000000000000355c
Event: 1086.901 Thread 0x0000011455bd10e0 Uncommon trap: reason=bimorphic_or_optimized_type_check action=maybe_recompile pc=0x0000011408223cfc method=java.util.Properties.load0(Ljava/util/Properties$LineReader;)V @ 241 c2
Event: 1086.901 Thread 0x0000011455bd10e0 DEOPT PACKING pc=0x0000011408223cfc sp=0x000000085acfed40
Event: 1086.901 Thread 0x0000011455bd10e0 DEOPT UNPACKING pc=0x0000011407583aa2 sp=0x000000085acfed50 mode 2
Event: 1086.902 Thread 0x0000011455bd10e0 Uncommon trap: trap_request=0xffffff76 fr.pc=0x0000011407b87728 relative=0x0000000000000988
Event: 1086.902 Thread 0x0000011455bd10e0 Uncommon trap: reason=predicate action=maybe_recompile pc=0x0000011407b87728 method=java.util.Properties.load0(Ljava/util/Properties$LineReader;)V @ 29 c2
Event: 1086.902 Thread 0x0000011455bd10e0 DEOPT PACKING pc=0x0000011407b87728 sp=0x000000085acfedb0
Event: 1086.902 Thread 0x0000011455bd10e0 DEOPT UNPACKING pc=0x0000011407583aa2 sp=0x000000085acfed68 mode 2

Classes loaded (20 events):
Event: 948.415 Loading class java/net/Socket$SocketOutputStream
Event: 948.415 Loading class java/net/Socket$SocketOutputStream done
Event: 948.415 Loading class sun/nio/ch/NioSocketImpl$2
Event: 948.415 Loading class sun/nio/ch/NioSocketImpl$2 done
Event: 948.441 Loading class java/lang/VerifyError
Event: 948.441 Loading class java/lang/VerifyError done
Event: 948.441 Loading class java/lang/ClassCircularityError
Event: 948.441 Loading class java/lang/ClassCircularityError done
Event: 948.883 Loading class java/time/Instant$1
Event: 948.883 Loading class java/time/Instant$1 done
Event: 948.891 Loading class java/util/stream/SliceOps
Event: 948.891 Loading class java/util/stream/SliceOps done
Event: 948.891 Loading class java/util/stream/SliceOps$1
Event: 948.892 Loading class java/util/stream/SliceOps$1 done
Event: 948.900 Loading class java/util/stream/SliceOps$1$1
Event: 948.900 Loading class java/util/stream/SliceOps$1$1 done
Event: 949.695 Loading class java/util/concurrent/ScheduledThreadPoolExecutor$DelayedWorkQueue$Itr
Event: 949.695 Loading class java/util/concurrent/ScheduledThreadPoolExecutor$DelayedWorkQueue$Itr done
Event: 951.203 Loading class java/util/regex/Pattern$Behind
Event: 951.203 Loading class java/util/regex/Pattern$Behind done

Classes unloaded (20 events):
Event: 43.961 Thread 0x00000114786abc50 Unloading class 0x0000011410729400 'java/lang/invoke/LambdaForm$MH+0x0000011410729400'
Event: 43.961 Thread 0x00000114786abc50 Unloading class 0x0000011410728800 'java/lang/invoke/LambdaForm$MH+0x0000011410728800'
Event: 43.961 Thread 0x00000114786abc50 Unloading class 0x0000011410728400 'java/lang/invoke/LambdaForm$MH+0x0000011410728400'
Event: 43.961 Thread 0x00000114786abc50 Unloading class 0x0000011410725800 'java/lang/invoke/LambdaForm$MH+0x0000011410725800'
Event: 43.961 Thread 0x00000114786abc50 Unloading class 0x0000011410725000 'java/lang/invoke/LambdaForm$MH+0x0000011410725000'
Event: 597.849 Thread 0x00000114786abc50 Unloading class 0x0000011410856c00 'java/lang/invoke/LambdaForm$MH+0x0000011410856c00'
Event: 597.849 Thread 0x00000114786abc50 Unloading class 0x0000011410856400 'java/lang/invoke/LambdaForm$MH+0x0000011410856400'
Event: 597.849 Thread 0x00000114786abc50 Unloading class 0x0000011410855c00 'java/lang/invoke/LambdaForm$MH+0x0000011410855c00'
Event: 597.849 Thread 0x00000114786abc50 Unloading class 0x0000011410855400 'java/lang/invoke/LambdaForm$MH+0x0000011410855400'
Event: 597.849 Thread 0x00000114786abc50 Unloading class 0x0000011410854c00 'java/lang/invoke/LambdaForm$MH+0x0000011410854c00'
Event: 597.849 Thread 0x00000114786abc50 Unloading class 0x0000011410840800 'java/lang/invoke/LambdaForm$MH+0x0000011410840800'
Event: 597.849 Thread 0x00000114786abc50 Unloading class 0x000001141083c400 'java/lang/invoke/LambdaForm$MH+0x000001141083c400'
Event: 597.849 Thread 0x00000114786abc50 Unloading class 0x0000011410799c00 'java/lang/invoke/LambdaForm$MH+0x0000011410799c00'
Event: 597.849 Thread 0x00000114786abc50 Unloading class 0x0000011410799800 'java/lang/invoke/LambdaForm$MH+0x0000011410799800'
Event: 597.849 Thread 0x00000114786abc50 Unloading class 0x0000011410799400 'java/lang/invoke/LambdaForm$MH+0x0000011410799400'
Event: 597.849 Thread 0x00000114786abc50 Unloading class 0x0000011410798c00 'java/lang/invoke/LambdaForm$MH+0x0000011410798c00'
Event: 597.849 Thread 0x00000114786abc50 Unloading class 0x0000011410798800 'java/lang/invoke/LambdaForm$MH+0x0000011410798800'
Event: 597.849 Thread 0x00000114786abc50 Unloading class 0x0000011410798400 'java/lang/invoke/LambdaForm$MH+0x0000011410798400'
Event: 597.849 Thread 0x00000114786abc50 Unloading class 0x0000011410774400 'java/lang/invoke/LambdaForm$MH+0x0000011410774400'
Event: 597.849 Thread 0x00000114786abc50 Unloading class 0x0000011410774800 'java/lang/invoke/LambdaForm$MH+0x0000011410774800'

Classes redefined (0 events):
No events

Internal exceptions (20 events):
Event: 947.771 Thread 0x00000114579317c0 Exception <a 'sun/nio/fs/WindowsException'{0x00000000d5649d90}> (0x00000000d5649d90) 
thrown [s\src\hotspot\share\prims\jni.cpp, line 520]
Event: 947.772 Thread 0x00000114579317c0 Exception <a 'sun/nio/fs/WindowsException'{0x00000000d564ac80}> (0x00000000d564ac80) 
thrown [s\src\hotspot\share\prims\jni.cpp, line 520]
Event: 947.772 Thread 0x00000114579317c0 Exception <a 'sun/nio/fs/WindowsException'{0x00000000d564b560}> (0x00000000d564b560) 
thrown [s\src\hotspot\share\prims\jni.cpp, line 520]
Event: 947.773 Thread 0x00000114579317c0 Exception <a 'sun/nio/fs/WindowsException'{0x00000000d564c2a8}> (0x00000000d564c2a8) 
thrown [s\src\hotspot\share\prims\jni.cpp, line 520]
Event: 947.773 Thread 0x00000114579317c0 Exception <a 'sun/nio/fs/WindowsException'{0x00000000d564cb88}> (0x00000000d564cb88) 
thrown [s\src\hotspot\share\prims\jni.cpp, line 520]
Event: 947.774 Thread 0x00000114579317c0 Exception <a 'sun/nio/fs/WindowsException'{0x00000000d564e140}> (0x00000000d564e140) 
thrown [s\src\hotspot\share\prims\jni.cpp, line 520]
Event: 947.774 Thread 0x00000114579317c0 Exception <a 'sun/nio/fs/WindowsException'{0x00000000d564ea20}> (0x00000000d564ea20) 
thrown [s\src\hotspot\share\prims\jni.cpp, line 520]
Event: 947.775 Thread 0x00000114579317c0 Exception <a 'sun/nio/fs/WindowsException'{0x00000000d564f768}> (0x00000000d564f768) 
thrown [s\src\hotspot\share\prims\jni.cpp, line 520]
Event: 947.775 Thread 0x00000114579317c0 Exception <a 'sun/nio/fs/WindowsException'{0x00000000d5650048}> (0x00000000d5650048) 
thrown [s\src\hotspot\share\prims\jni.cpp, line 520]
Event: 947.775 Thread 0x00000114579317c0 Exception <a 'sun/nio/fs/WindowsException'{0x00000000d5651550}> (0x00000000d5651550) 
thrown [s\src\hotspot\share\prims\jni.cpp, line 520]
Event: 947.775 Thread 0x00000114579317c0 Exception <a 'sun/nio/fs/WindowsException'{0x00000000d5651e30}> (0x00000000d5651e30) 
thrown [s\src\hotspot\share\prims\jni.cpp, line 520]
Event: 947.775 Thread 0x00000114579317c0 Exception <a 'sun/nio/fs/WindowsException'{0x00000000d5652b50}> (0x00000000d5652b50) 
thrown [s\src\hotspot\share\prims\jni.cpp, line 520]
Event: 947.775 Thread 0x00000114579317c0 Exception <a 'sun/nio/fs/WindowsException'{0x00000000d5653180}> (0x00000000d5653180) 
thrown [s\src\hotspot\share\prims\jni.cpp, line 520]
Event: 948.448 Thread 0x0000011455bcf6a0 Exception <a 'java/io/FileNotFoundException'{0x00000000d582abf0}> (0x00000000d582abf0) 
thrown [s\src\hotspot\share\prims\jni.cpp, line 520]
Event: 948.869 Thread 0x0000011457930410 Exception <a 'java/lang/NoSuchMethodError'{0x00000000d55fca10}: 'java.lang.Object java.lang.invoke.DirectMethodHandle$Holder.invokeStatic(java.lang.Object, long, java.lang.Object, java.lang.Object)'> (0x00000000d55fca10) 
thrown [s\src\hotspot\share\interpreter\linkResolver.cpp, line 773]
Event: 948.935 Thread 0x0000011457930410 Exception <a 'java/lang/NoSuchMethodError'{0x00000000d57ef4f8}: 'long java.lang.invoke.DelegatingMethodHandle$Holder.reinvoke_L(java.lang.Object, java.lang.Object)'> (0x00000000d57ef4f8) 
thrown [s\src\hotspot\share\interpreter\linkResolver.cpp, line 773]
Event: 948.936 Thread 0x0000011457930410 Exception <a 'java/lang/NoSuchMethodError'{0x00000000d57f94b8}: 'void java.lang.invoke.DelegatingMethodHandle$Holder.reinvoke_L(java.lang.Object, java.lang.Object, long)'> (0x00000000d57f94b8) 
thrown [s\src\hotspot\share\interpreter\linkResolver.cpp, line 773]
Event: 948.936 Thread 0x0000011457930410 Exception <a 'java/lang/NoSuchMethodError'{0x00000000d58135f0}: 'long java.lang.invoke.Invokers$Holder.invokeExact_MT(java.lang.Object, java.lang.Object, java.lang.Object)'> (0x00000000d58135f0) 
thrown [s\src\hotspot\share\interpreter\linkResolver.cpp, line 773]
Event: 1086.388 Thread 0x0000011455bd10e0 Exception <a 'sun/nio/fs/WindowsException'{0x00000000d56ca3b8}> (0x00000000d56ca3b8) 
thrown [s\src\hotspot\share\prims\jni.cpp, line 520]
Event: 1086.391 Thread 0x0000011455bd10e0 Exception <a 'sun/nio/fs/WindowsException'{0x00000000d56cac98}> (0x00000000d56cac98) 
thrown [s\src\hotspot\share\prims\jni.cpp, line 520]

ZGC Phase Switch (0 events):
No events

VM Operations (20 events):
Event: 1303.030 Executing VM operation: Cleanup
Event: 1303.034 Executing VM operation: Cleanup done
Event: 1321.071 Executing VM operation: Cleanup
Event: 1321.072 Executing VM operation: Cleanup done
Event: 1323.147 Executing VM operation: HandshakeAllThreads (HandshakeForDeflation)
Event: 1323.147 Executing VM operation: HandshakeAllThreads (HandshakeForDeflation) done
Event: 1323.148 Executing VM operation: RendezvousGCThreads
Event: 1323.148 Executing VM operation: RendezvousGCThreads done
Event: 1340.229 Executing VM operation: Cleanup
Event: 1340.230 Executing VM operation: Cleanup done
Event: 1362.790 Executing VM operation: ParallelGCFailedAllocation (Allocation Failure)
Event: 1363.155 Executing VM operation: ParallelGCFailedAllocation (Allocation Failure) done
Event: 1368.174 Executing VM operation: Cleanup
Event: 1368.207 Executing VM operation: Cleanup done
Event: 1383.200 Executing VM operation: HandshakeAllThreads (HandshakeForDeflation)
Event: 1383.200 Executing VM operation: HandshakeAllThreads (HandshakeForDeflation) done
Event: 1383.200 Executing VM operation: RendezvousGCThreads
Event: 1383.201 Executing VM operation: RendezvousGCThreads done
Event: 1395.219 Executing VM operation: Cleanup
Event: 1395.220 Executing VM operation: Cleanup done

Memory protections (0 events):
No events

Nmethod flushes (20 events):
Event: 786.605 Thread 0x00000114786abc50 flushing  nmethod 0x0000011401e52890
Event: 786.605 Thread 0x00000114786abc50 flushing  nmethod 0x0000011401e65b90
Event: 786.605 Thread 0x00000114786abc50 flushing  nmethod 0x0000011401e6a390
Event: 786.605 Thread 0x00000114786abc50 flushing  nmethod 0x0000011401e6d190
Event: 786.605 Thread 0x00000114786abc50 flushing  nmethod 0x0000011401e73710
Event: 786.605 Thread 0x00000114786abc50 flushing  nmethod 0x0000011401e7a610
Event: 786.605 Thread 0x00000114786abc50 flushing  nmethod 0x0000011401eab910
Event: 786.605 Thread 0x00000114786abc50 flushing  nmethod 0x0000011401eddc90
Event: 786.605 Thread 0x00000114786abc50 flushing  nmethod 0x0000011401ee9810
Event: 786.605 Thread 0x00000114786abc50 flushing  nmethod 0x0000011401f43110
Event: 786.605 Thread 0x00000114786abc50 flushing  nmethod 0x0000011401f5fc10
Event: 786.605 Thread 0x00000114786abc50 flushing  nmethod 0x0000011401fed710
Event: 786.605 Thread 0x00000114786abc50 flushing  nmethod 0x0000011401fef810
Event: 786.605 Thread 0x00000114786abc50 flushing  nmethod 0x000001140200a490
Event: 786.605 Thread 0x00000114786abc50 flushing  nmethod 0x0000011402012e10
Event: 786.605 Thread 0x00000114786abc50 flushing osr nmethod 0x000001140207d390
Event: 786.605 Thread 0x00000114786abc50 flushing  nmethod 0x0000011402089790
Event: 786.605 Thread 0x00000114786abc50 flushing  nmethod 0x00000114020a4410
Event: 786.605 Thread 0x00000114786abc50 flushing  nmethod 0x00000114020b0990
Event: 786.605 Thread 0x00000114786abc50 flushing  nmethod 0x00000114020ec110

Events (20 events):
Event: 948.864 Thread 0x0000011455bcf6a0 Thread added: 0x0000011457930410
Event: 948.917 Thread 0x0000011457930410 Thread added: 0x0000011457931130
Event: 948.933 Thread 0x0000011457930410 Thread added: 0x00000114579324e0
Event: 948.933 Thread 0x0000011457930410 Thread added: 0x00000114576a4060
Event: 951.203 Thread 0x00000114579324e0 Thread added: 0x00000114563ab1a0
Event: 1008.396 Thread 0x00000114579317c0 Thread exited: 0x00000114579317c0
Event: 1058.993 Thread 0x0000011455e3f140 Thread exited: 0x0000011455e3f140
Event: 1068.422 Thread 0x0000011455e3eab0 Thread exited: 0x0000011455e3eab0
Event: 1086.365 Thread 0x0000011455e3fe60 Thread exited: 0x0000011455e3fe60
Event: 1086.425 Thread 0x0000011455bd10e0 Thread added: 0x00000114563ab830
Event: 1086.456 Thread 0x00000114563ab830 Thread exited: 0x00000114563ab830
Event: 1086.667 Thread 0x0000011455bd10e0 Thread added: 0x00000114563ab830
Event: 1086.683 Thread 0x00000114563ab830 Thread exited: 0x00000114563ab830
Event: 1087.720 Thread 0x0000011455bd10e0 Thread added: 0x00000114563ad900
Event: 1128.444 Thread 0x0000011455e3f7d0 Thread exited: 0x0000011455e3f7d0
Event: 1129.510 Thread 0x00000114576a5aa0 Thread added: 0x00000114563ab830
Event: 1130.051 Thread 0x00000114563ab830 Thread added: 0x00000114563ad270
Event: 1147.764 Thread 0x0000011455e404f0 Thread exited: 0x0000011455e404f0
Event: 1190.097 Thread 0x00000114563ad270 Thread exited: 0x00000114563ad270
Event: 1250.122 Thread 0x00000114563ab830 Thread exited: 0x00000114563ab830


Dynamic libraries:
0x00007ff79c550000 - 0x00007ff79c55e000 	c:\Users\sdini\.vscode\extensions\redhat.java-1.47.0-win32-x64\jre\21.0.8-win32-x86_64\bin\java.exe
0x00007fff901c0000 - 0x00007fff90428000 	C:\WINDOWS\SYSTEM32\ntdll.dll
0x00007fff8e2f0000 - 0x00007fff8e3b9000 	C:\WINDOWS\System32\KERNEL32.DLL
0x00007fff8daa0000 - 0x00007fff8de98000 	C:\WINDOWS\System32\KERNELBASE.dll
0x00007fff8d440000 - 0x00007fff8d58b000 	C:\WINDOWS\System32\ucrtbase.dll
0x00007fff581e0000 - 0x00007fff581f8000 	c:\Users\sdini\.vscode\extensions\redhat.java-1.47.0-win32-x64\jre\21.0.8-win32-x86_64\bin\jli.dll
0x00007fff8e3c0000 - 0x00007fff8e587000 	C:\WINDOWS\System32\USER32.dll
0x00007fff8da70000 - 0x00007fff8da97000 	C:\WINDOWS\System32\win32u.dll
0x00007fff8fb10000 - 0x00007fff8fb3b000 	C:\WINDOWS\System32\GDI32.dll
0x00007fff8d310000 - 0x00007fff8d43c000 	C:\WINDOWS\System32\gdi32full.dll
0x00007fff8d880000 - 0x00007fff8d923000 	C:\WINDOWS\System32\msvcp_win.dll
0x00007fff57920000 - 0x00007fff5793e000 	c:\Users\sdini\.vscode\extensions\redhat.java-1.47.0-win32-x64\jre\21.0.8-win32-x86_64\bin\VCRUNTIME140.dll
0x00007fff6ab00000 - 0x00007fff6ad94000 	C:\WINDOWS\WinSxS\amd64_microsoft.windows.common-controls_6595b64144ccf1df_6.0.26100.7019_none_3e06ffa0e335b8a8\COMCTL32.dll
0x00007fff8f940000 - 0x00007fff8f9e9000 	C:\WINDOWS\System32\msvcrt.dll
0x00007fff8ea20000 - 0x00007fff8ea51000 	C:\WINDOWS\System32\IMM32.DLL
0x00007fff74530000 - 0x00007fff7453c000 	c:\Users\sdini\.vscode\extensions\redhat.java-1.47.0-win32-x64\jre\21.0.8-win32-x86_64\bin\vcruntime140_1.dll
0x00007fff4e6c0000 - 0x00007fff4e74d000 	c:\Users\sdini\.vscode\extensions\redhat.java-1.47.0-win32-x64\jre\21.0.8-win32-x86_64\bin\msvcp140.dll
0x00007ffeedc90000 - 0x00007ffeeea27000 	c:\Users\sdini\.vscode\extensions\redhat.java-1.47.0-win32-x64\jre\21.0.8-win32-x86_64\bin\server\jvm.dll
0x00007fff8f680000 - 0x00007fff8f734000 	C:\WINDOWS\System32\ADVAPI32.dll
0x00007fff8f890000 - 0x00007fff8f936000 	C:\WINDOWS\System32\sechost.dll
0x00007fff8f9f0000 - 0x00007fff8fb08000 	C:\WINDOWS\System32\RPCRT4.dll
0x00007fff8edd0000 - 0x00007fff8ee44000 	C:\WINDOWS\System32\WS2_32.dll
0x00007fff8d170000 - 0x00007fff8d1ce000 	C:\WINDOWS\SYSTEM32\POWRPROF.dll
0x00007fff73dd0000 - 0x00007fff73e05000 	C:\WINDOWS\SYSTEM32\WINMM.dll
0x00007fff7f970000 - 0x00007fff7f97b000 	C:\WINDOWS\SYSTEM32\VERSION.dll
0x00007fff8d150000 - 0x00007fff8d164000 	C:\WINDOWS\SYSTEM32\UMPDC.dll
0x00007fff8c090000 - 0x00007fff8c0ab000 	C:\WINDOWS\SYSTEM32\kernel.appcore.dll
0x00007fff73510000 - 0x00007fff7351a000 	c:\Users\sdini\.vscode\extensions\redhat.java-1.47.0-win32-x64\jre\21.0.8-win32-x86_64\bin\jimage.dll
0x00007fff8aaa0000 - 0x00007fff8ace2000 	C:\WINDOWS\SYSTEM32\DBGHELP.DLL
0x00007fff8df60000 - 0x00007fff8e2eb000 	C:\WINDOWS\System32\combase.dll
0x00007fff8f7b0000 - 0x00007fff8f887000 	C:\WINDOWS\System32\OLEAUT32.dll
0x00007fff67420000 - 0x00007fff6745c000 	C:\WINDOWS\SYSTEM32\dbgcore.DLL
0x00007fff8d930000 - 0x00007fff8d9d5000 	C:\WINDOWS\System32\bcryptPrimitives.dll
0x00007fff6fa50000 - 0x00007fff6fa5f000 	c:\Users\sdini\.vscode\extensions\redhat.java-1.47.0-win32-x64\jre\21.0.8-win32-x86_64\bin\instrument.dll
0x00007fff58140000 - 0x00007fff5815f000 	c:\Users\sdini\.vscode\extensions\redhat.java-1.47.0-win32-x64\jre\21.0.8-win32-x86_64\bin\java.dll
0x00007fff8ee50000 - 0x00007fff8f59f000 	C:\WINDOWS\System32\SHELL32.dll
0x00007fff8d590000 - 0x00007fff8d6fb000 	C:\WINDOWS\System32\wintypes.dll
0x00007fff8aef0000 - 0x00007fff8b74d000 	C:\WINDOWS\SYSTEM32\windows.storage.dll
0x00007fff90080000 - 0x00007fff90172000 	C:\WINDOWS\System32\SHCORE.dll
0x00007fff8f740000 - 0x00007fff8f7a7000 	C:\WINDOWS\System32\shlwapi.dll
0x00007fff8d230000 - 0x00007fff8d259000 	C:\WINDOWS\SYSTEM32\profapi.dll
0x00007fff57900000 - 0x00007fff57918000 	c:\Users\sdini\.vscode\extensions\redhat.java-1.47.0-win32-x64\jre\21.0.8-win32-x86_64\bin\zip.dll
0x00007fff6e940000 - 0x00007fff6e950000 	C:\Users\sdini\.vscode\extensions\redhat.java-1.47.0-win32-x64\jre\21.0.8-win32-x86_64\bin\net.dll
0x00007fff7fe60000 - 0x00007fff7ff88000 	C:\WINDOWS\SYSTEM32\WINHTTP.dll
0x00007fff8c5e0000 - 0x00007fff8c64b000 	C:\WINDOWS\system32\mswsock.dll
0x00007fff56020000 - 0x00007fff56036000 	C:\Users\sdini\.vscode\extensions\redhat.java-1.47.0-win32-x64\jre\21.0.8-win32-x86_64\bin\nio.dll
0x00007fff6b520000 - 0x00007fff6b530000 	c:\Users\sdini\.vscode\extensions\redhat.java-1.47.0-win32-x64\jre\21.0.8-win32-x86_64\bin\verify.dll
0x00007fff73540000 - 0x00007fff73584000 	C:\Users\sdini\AppData\Roaming\Code\User\globalStorage\redhat.java\1.47.0\config_win\org.eclipse.equinox.launcher\org.eclipse.equinox.launcher.win32.win32.x86_64_1.2.1400.v20250801-0854\eclipse_11916.dll
0x00007fff8fbf0000 - 0x00007fff8fd87000 	C:\WINDOWS\System32\ole32.dll
0x00007fff8c9d0000 - 0x00007fff8c9eb000 	C:\WINDOWS\SYSTEM32\CRYPTSP.dll
0x00007fff8bff0000 - 0x00007fff8c02a000 	C:\WINDOWS\system32\rsaenh.dll
0x00007fff8c690000 - 0x00007fff8c6bb000 	C:\WINDOWS\SYSTEM32\USERENV.dll
0x00007fff8d200000 - 0x00007fff8d22a000 	C:\WINDOWS\SYSTEM32\bcrypt.dll
0x00007fff8c830000 - 0x00007fff8c83c000 	C:\WINDOWS\SYSTEM32\CRYPTBASE.dll
0x00007fff8bbd0000 - 0x00007fff8bc04000 	C:\WINDOWS\SYSTEM32\IPHLPAPI.DLL
0x00007fff8fbe0000 - 0x00007fff8fbea000 	C:\WINDOWS\System32\NSI.dll
0x00007fff42780000 - 0x00007fff427c9000 	C:\Users\sdini\AppData\Local\Temp\jna-109288435\jna17014421412428208176.dll
0x00007fff90070000 - 0x00007fff90078000 	C:\WINDOWS\System32\PSAPI.DLL
0x00007fff80db0000 - 0x00007fff80dce000 	C:\WINDOWS\SYSTEM32\dhcpcsvc6.DLL
0x00007fff80d80000 - 0x00007fff80da3000 	C:\WINDOWS\SYSTEM32\dhcpcsvc.DLL
0x00007fff55c30000 - 0x00007fff55c57000 	C:\Users\sdini\.gradle\native\c067742578af261105cb4f569cf0c3c89f3d7b1fecec35dd04571415982c5e48\windows-amd64\native-platform.dll
0x00007fff6a840000 - 0x00007fff6a84a000 	C:\Users\sdini\.vscode\extensions\redhat.java-1.47.0-win32-x64\jre\21.0.8-win32-x86_64\bin\management.dll
0x00007fff691d0000 - 0x00007fff691db000 	C:\Users\sdini\.vscode\extensions\redhat.java-1.47.0-win32-x64\jre\21.0.8-win32-x86_64\bin\management_ext.dll
0x00007fff664f0000 - 0x00007fff664f9000 	C:\Users\sdini\.vscode\extensions\redhat.java-1.47.0-win32-x64\jre\21.0.8-win32-x86_64\bin\extnet.dll

JVMTI agents:
c:\Users\sdini\.vscode\extensions\redhat.java-1.47.0-win32-x64\lombok\lombok-1.18.39-4050.jar path:c:\Users\sdini\.vscode\extensions\redhat.java-1.47.0-win32-x64\jre\21.0.8-win32-x86_64\bin\instrument.dll, loaded, initialized, instrumentlib options:none

dbghelp: loaded successfully - version: 4.0.5 - missing functions: none
symbol engine: initialized successfully - sym options: 0x614 - pdb path: .;c:\Users\sdini\.vscode\extensions\redhat.java-1.47.0-win32-x64\jre\21.0.8-win32-x86_64\bin;C:\WINDOWS\SYSTEM32;C:\WINDOWS\WinSxS\amd64_microsoft.windows.common-controls_6595b64144ccf1df_6.0.26100.7019_none_3e06ffa0e335b8a8;c:\Users\sdini\.vscode\extensions\redhat.java-1.47.0-win32-x64\jre\21.0.8-win32-x86_64\bin\server;C:\Users\sdini\AppData\Roaming\Code\User\globalStorage\redhat.java\1.47.0\config_win\org.eclipse.equinox.launcher\org.eclipse.equinox.launcher.win32.win32.x86_64_1.2.1400.v20250801-0854;C:\Users\sdini\AppData\Local\Temp\jna-109288435;C:\Users\sdini\.gradle\native\c067742578af261105cb4f569cf0c3c89f3d7b1fecec35dd04571415982c5e48\windows-amd64

VM Arguments:
jvm_args: --add-modules=ALL-SYSTEM --add-opens=java.base/java.util=ALL-UNNAMED --add-opens=java.base/java.lang=ALL-UNNAMED --add-opens=java.base/sun.nio.fs=ALL-UNNAMED -Declipse.application=org.eclipse.jdt.ls.core.id1 -Dosgi.bundles.defaultStartLevel=4 -Declipse.product=org.eclipse.jdt.ls.core.product -Djava.import.generatesMetadataFilesAtProjectRoot=false -DDetectVMInstallationsJob.disabled=true -Dfile.encoding=utf8 -XX:+UseParallelGC -XX:GCTimeRatio=4 -XX:AdaptiveSizePolicyWeight=90 -Dsun.zip.disableMemoryMapping=true -Xmx2G -Xms100m -Xlog:disable -javaagent:c:\Users\sdini\.vscode\extensions\redhat.java-1.47.0-win32-x64\lombok\lombok-1.18.39-4050.jar -XX:+HeapDumpOnOutOfMemoryError -XX:HeapDumpPath=c:\Users\sdini\AppData\Roaming\Code\User\workspaceStorage\491d57091d15a377430ef44d3b2cb1d3\redhat.java -Daether.dependencyCollector.impl=bf 
java_command: c:\Users\sdini\.vscode\extensions\redhat.java-1.47.0-win32-x64\server\plugins\org.eclipse.equinox.launcher_1.7.100.v20251014-1222.jar -configuration c:\Users\sdini\AppData\Roaming\Code\User\globalStorage\redhat.java\1.47.0\config_win -data c:\Users\sdini\AppData\Roaming\Code\User\workspaceStorage\491d57091d15a377430ef44d3b2cb1d3\redhat.java\jdt_ws --pipe=\\.\pipe\lsp-2454626cab5d6bcdcff33cfc127529f5-sock
java_class_path (initial): c:\Users\sdini\.vscode\extensions\redhat.java-1.47.0-win32-x64\server\plugins\org.eclipse.equinox.launcher_1.7.100.v20251014-1222.jar
Launcher Type: SUN_STANDARD

[Global flags]
    uintx AdaptiveSizePolicyWeight                 = 90                                        {product} {command line}
     intx CICompilerCount                          = 3                                         {product} {ergonomic}
    uintx GCTimeRatio                              = 4                                         {product} {command line}
     bool HeapDumpOnOutOfMemoryError               = true                                   {manageable} {command line}
    ccstr HeapDumpPath                             = c:\Users\sdini\AppData\Roaming\Code\User\workspaceStorage\491d57091d15a377430ef44d3b2cb1d3\redhat.java         {manageable} {command line}
   size_t InitialHeapSize                          = 104857600                                 {product} {command line}
   size_t MaxHeapSize                              = 2147483648                                {product} {command line}
   size_t MaxNewSize                               = 715653120                                 {product} {ergonomic}
   size_t MinHeapDeltaBytes                        = 524288                                    {product} {ergonomic}
   size_t MinHeapSize                              = 104857600                                 {product} {command line}
   size_t NewSize                                  = 34603008                                  {product} {ergonomic}
    uintx NonNMethodCodeHeapSize                   = 5832780                                {pd product} {ergonomic}
    uintx NonProfiledCodeHeapSize                  = 122912730                              {pd product} {ergonomic}
   size_t OldSize                                  = 70254592                                  {product} {ergonomic}
    uintx ProfiledCodeHeapSize                     = 122912730                              {pd product} {ergonomic}
    uintx ReservedCodeCacheSize                    = 251658240                              {pd product} {ergonomic}
     bool SegmentedCodeCache                       = true                                      {product} {ergonomic}
   size_t SoftMaxHeapSize                          = 2147483648                             {manageable} {ergonomic}
     bool UseCompressedOops                        = true                           {product lp64_product} {ergonomic}
     bool UseLargePagesIndividualAllocation        = false                                  {pd product} {ergonomic}
     bool UseParallelGC                            = true                                      {product} {command line}

Logging:
Log output configuration:
 #0: stdout all=off uptime,level,tags foldmultilines=false
 #1: stderr all=off uptime,level,tags foldmultilines=false

Environment Variables:
JAVA_HOME=C:\Program Files\Java\jdk-21\
PATH=C:\WINDOWS\system32;C:\WINDOWS;C:\WINDOWS\System32\Wbem;C:\WINDOWS\System32\WindowsPowerShell\v1.0\;C:\WINDOWS\System32\OpenSSH\;C:\Program Files\Java\jdk-21\\bin;C:\Program Files\dotnet\;C:\Program Files\Git\cmd;C:\Gradle\gradle-9.2.0\bin;C:\Users\sdini\AppData\Local\Microsoft\WindowsApps;C:\Users\sdini\AppData\Local\Programs\Microsoft VS Code\bin
USERNAME=sdini
OS=Windows_NT
PROCESSOR_IDENTIFIER=Intel64 Family 6 Model 142 Stepping 9, GenuineIntel
TMP=C:\Users\sdini\AppData\Local\Temp
TEMP=C:\Users\sdini\AppData\Local\Temp




Periodic native trim disabled

---------------  S Y S T E M  ---------------

OS:
 Windows 11 , 64 bit Build 26100 (10.0.26100.7019)
OS uptime: 0 days 0:51 hours
Hyper-V role detected

CPU: total 4 (initial active 4) (2 cores per cpu, 2 threads per core) family 6 model 142 stepping 9 microcode 0xf6, cx8, cmov, fxsr, ht, mmx, 3dnowpref, sse, sse2, sse3, ssse3, sse4.1, sse4.2, popcnt, lzcnt, tsc, tscinvbit, avx, avx2, aes, erms, clmul, bmi1, bmi2, adx, fma, vzeroupper, clflush, clflushopt, hv, rdtscp, f16c
Processor Information for the first 4 processors :
  Max Mhz: 1608, Current Mhz: 1105, Mhz Limit: 1093

Memory: 4k page, system-wide physical 8061M (523M free)
TotalPageFile size 23051M (AvailPageFile size 0M)
current process WorkingSet (physical memory assigned to process): 39M, peak: 697M
current process commit charge ("private bytes"): 560M, peak: 750M

vm_info: OpenJDK 64-Bit Server VM (21.0.8+9-LTS) for windows-amd64 JRE (21.0.8+9-LTS), built on 2025-07-15T00:00:00Z by "admin" with MS VC++ 17.7 (VS2022)

END.
